mode: set
backend.juicedbot.io/juiced.infrastructure/enums/retailers.go:58.47,60.2 1 0
backend.juicedbot.io/juiced.infrastructure/enums/retailers.go:62.45,63.47 1 0
backend.juicedbot.io/juiced.infrastructure/enums/retailers.go:68.2,68.40 1 0
backend.juicedbot.io/juiced.infrastructure/enums/retailers.go:63.47,64.32 1 0
backend.juicedbot.io/juiced.infrastructure/enums/retailers.go:64.32,66.4 1 0
backend.juicedbot.io/juiced.infrastructure/enums/monitors.go:73.50,75.2 1 0
backend.juicedbot.io/juiced.infrastructure/enums/monitors.go:82.54,84.2 1 0
backend.juicedbot.io/juiced.infrastructure/enums/monitors.go:86.61,88.53 2 0
backend.juicedbot.io/juiced.infrastructure/enums/monitors.go:94.2,94.12 1 0
backend.juicedbot.io/juiced.infrastructure/enums/monitors.go:98.2,99.71 2 0
backend.juicedbot.io/juiced.infrastructure/enums/monitors.go:105.2,105.16 1 0
backend.juicedbot.io/juiced.infrastructure/enums/monitors.go:109.2,109.12 1 0
backend.juicedbot.io/juiced.infrastructure/enums/monitors.go:88.53,89.38 1 0
backend.juicedbot.io/juiced.infrastructure/enums/monitors.go:89.38,91.9 2 0
backend.juicedbot.io/juiced.infrastructure/enums/monitors.go:94.12,96.3 1 0
backend.juicedbot.io/juiced.infrastructure/enums/monitors.go:99.71,100.42 1 0
backend.juicedbot.io/juiced.infrastructure/enums/monitors.go:100.42,102.9 2 0
backend.juicedbot.io/juiced.infrastructure/enums/monitors.go:105.16,107.3 1 0
backend.juicedbot.io/juiced.infrastructure/enums/monitors.go:114.42,116.2 1 0
backend.juicedbot.io/juiced.infrastructure/enums/monitors.go:122.45,124.2 1 0
backend.juicedbot.io/juiced.infrastructure/enums/monitors.go:131.42,133.2 1 0
backend.juicedbot.io/juiced.infrastructure/events/bus.go:16.50,19.44 3 0
backend.juicedbot.io/juiced.infrastructure/events/bus.go:24.2,26.16 3 0
backend.juicedbot.io/juiced.infrastructure/events/bus.go:19.44,20.23 1 0
backend.juicedbot.io/juiced.infrastructure/events/bus.go:20.23,22.4 1 0
backend.juicedbot.io/juiced.infrastructure/events/bus.go:30.48,34.2 3 0
backend.juicedbot.io/juiced.infrastructure/events/bus.go:37.43,40.48 2 0
backend.juicedbot.io/juiced.infrastructure/events/bus.go:51.2,51.17 1 0
backend.juicedbot.io/juiced.infrastructure/events/bus.go:40.48,41.16 1 0
backend.juicedbot.io/juiced.infrastructure/events/bus.go:44.3,44.31 1 0
backend.juicedbot.io/juiced.infrastructure/events/bus.go:41.16,43.4 1 0
backend.juicedbot.io/juiced.infrastructure/events/bus.go:44.31,46.4 1 0
backend.juicedbot.io/juiced.infrastructure/events/bus.go:55.40,58.48 2 0
backend.juicedbot.io/juiced.infrastructure/events/bus.go:69.2,69.17 1 0
backend.juicedbot.io/juiced.infrastructure/events/bus.go:58.48,59.16 1 0
backend.juicedbot.io/juiced.infrastructure/events/bus.go:62.3,62.31 1 0
backend.juicedbot.io/juiced.infrastructure/events/bus.go:59.16,61.4 1 0
backend.juicedbot.io/juiced.infrastructure/events/bus.go:62.31,64.4 1 0
backend.juicedbot.io/juiced.infrastructure/events/bus.go:73.41,76.48 2 0
backend.juicedbot.io/juiced.infrastructure/events/bus.go:87.2,87.17 1 0
backend.juicedbot.io/juiced.infrastructure/events/bus.go:76.48,77.16 1 0
backend.juicedbot.io/juiced.infrastructure/events/bus.go:80.3,80.31 1 0
backend.juicedbot.io/juiced.infrastructure/events/bus.go:77.16,79.4 1 0
backend.juicedbot.io/juiced.infrastructure/events/bus.go:80.31,82.4 1 0
backend.juicedbot.io/juiced.infrastructure/events/bus.go:91.146,94.48 2 0
backend.juicedbot.io/juiced.infrastructure/events/bus.go:110.2,110.17 1 0
backend.juicedbot.io/juiced.infrastructure/events/bus.go:94.48,95.16 1 0
backend.juicedbot.io/juiced.infrastructure/events/bus.go:98.3,98.31 1 0
backend.juicedbot.io/juiced.infrastructure/events/bus.go:95.16,97.4 1 0
backend.juicedbot.io/juiced.infrastructure/events/bus.go:98.31,100.4 1 0
backend.juicedbot.io/juiced.infrastructure/events/bus.go:114.131,117.48 2 0
backend.juicedbot.io/juiced.infrastructure/events/bus.go:133.2,133.17 1 0
backend.juicedbot.io/juiced.infrastructure/events/bus.go:117.48,118.16 1 0
backend.juicedbot.io/juiced.infrastructure/events/bus.go:121.3,121.31 1 0
backend.juicedbot.io/juiced.infrastructure/events/bus.go:118.16,120.4 1 0
backend.juicedbot.io/juiced.infrastructure/events/bus.go:121.31,123.4 1 0
backend.juicedbot.io/juiced.infrastructure/events/bus.go:139.21,141.2 1 0
backend.juicedbot.io/juiced.infrastructure/events/bus.go:144.30,146.2 1 0
backend.juicedbot.io/juiced.infrastructure/database/settings.go:13.47,15.21 2 0
backend.juicedbot.io/juiced.infrastructure/database/settings.go:19.2,20.16 2 0
backend.juicedbot.io/juiced.infrastructure/database/settings.go:24.2,25.18 2 0
backend.juicedbot.io/juiced.infrastructure/database/settings.go:31.2,32.22 2 0
backend.juicedbot.io/juiced.infrastructure/database/settings.go:15.21,17.3 1 0
backend.juicedbot.io/juiced.infrastructure/database/settings.go:20.16,22.3 1 0
backend.juicedbot.io/juiced.infrastructure/database/settings.go:25.18,27.17 2 0
backend.juicedbot.io/juiced.infrastructure/database/settings.go:27.17,29.4 1 0
backend.juicedbot.io/juiced.infrastructure/database/settings.go:35.49,37.21 2 0
backend.juicedbot.io/juiced.infrastructure/database/settings.go:41.2,42.16 2 0
backend.juicedbot.io/juiced.infrastructure/database/settings.go:46.2,47.18 2 0
backend.juicedbot.io/juiced.infrastructure/database/settings.go:107.2,107.49 1 0
backend.juicedbot.io/juiced.infrastructure/database/settings.go:111.2,111.22 1 0
backend.juicedbot.io/juiced.infrastructure/database/settings.go:37.21,39.3 1 0
backend.juicedbot.io/juiced.infrastructure/database/settings.go:42.16,44.3 1 0
backend.juicedbot.io/juiced.infrastructure/database/settings.go:47.18,50.17 3 0
backend.juicedbot.io/juiced.infrastructure/database/settings.go:54.3,57.17 4 0
backend.juicedbot.io/juiced.infrastructure/database/settings.go:66.3,67.17 2 0
backend.juicedbot.io/juiced.infrastructure/database/settings.go:76.3,76.27 1 0
backend.juicedbot.io/juiced.infrastructure/database/settings.go:90.3,90.30 1 0
backend.juicedbot.io/juiced.infrastructure/database/settings.go:104.3,104.40 1 0
backend.juicedbot.io/juiced.infrastructure/database/settings.go:50.17,52.4 1 0
backend.juicedbot.io/juiced.infrastructure/database/settings.go:57.17,59.4 1 0
backend.juicedbot.io/juiced.infrastructure/database/settings.go:59.9,61.18 2 0
backend.juicedbot.io/juiced.infrastructure/database/settings.go:61.18,63.5 1 0
backend.juicedbot.io/juiced.infrastructure/database/settings.go:67.17,69.4 1 0
backend.juicedbot.io/juiced.infrastructure/database/settings.go:69.9,71.18 2 0
backend.juicedbot.io/juiced.infrastructure/database/settings.go:71.18,73.5 1 0
backend.juicedbot.io/juiced.infrastructure/database/settings.go:76.27,77.14 1 0
backend.juicedbot.io/juiced.infrastructure/database/settings.go:77.14,78.9 1 0
backend.juicedbot.io/juiced.infrastructure/database/settings.go:78.9,80.20 2 0
backend.juicedbot.io/juiced.infrastructure/database/settings.go:80.20,82.15 2 0
backend.juicedbot.io/juiced.infrastructure/database/settings.go:83.12,84.12 1 0
backend.juicedbot.io/juiced.infrastructure/database/settings.go:90.30,91.14 1 0
backend.juicedbot.io/juiced.infrastructure/database/settings.go:91.14,92.9 1 0
backend.juicedbot.io/juiced.infrastructure/database/settings.go:92.9,94.20 2 0
backend.juicedbot.io/juiced.infrastructure/database/settings.go:94.20,96.15 2 0
backend.juicedbot.io/juiced.infrastructure/database/settings.go:97.12,98.12 1 0
backend.juicedbot.io/juiced.infrastructure/database/settings.go:107.49,109.3 1 0
backend.juicedbot.io/juiced.infrastructure/database/settings.go:114.54,116.21 2 0
backend.juicedbot.io/juiced.infrastructure/database/settings.go:120.2,121.16 2 0
backend.juicedbot.io/juiced.infrastructure/database/settings.go:125.2,126.16 2 0
backend.juicedbot.io/juiced.infrastructure/database/settings.go:130.2,131.18 2 0
backend.juicedbot.io/juiced.infrastructure/database/settings.go:189.2,189.21 1 0
backend.juicedbot.io/juiced.infrastructure/database/settings.go:116.21,118.3 1 0
backend.juicedbot.io/juiced.infrastructure/database/settings.go:121.16,123.3 1 0
backend.juicedbot.io/juiced.infrastructure/database/settings.go:126.16,128.3 1 0
backend.juicedbot.io/juiced.infrastructure/database/settings.go:131.18,133.17 2 0
backend.juicedbot.io/juiced.infrastructure/database/settings.go:137.3,140.17 4 0
backend.juicedbot.io/juiced.infrastructure/database/settings.go:149.3,150.17 2 0
backend.juicedbot.io/juiced.infrastructure/database/settings.go:159.3,159.27 1 0
backend.juicedbot.io/juiced.infrastructure/database/settings.go:173.3,173.30 1 0
backend.juicedbot.io/juiced.infrastructure/database/settings.go:133.17,135.4 1 0
backend.juicedbot.io/juiced.infrastructure/database/settings.go:140.17,142.4 1 0
backend.juicedbot.io/juiced.infrastructure/database/settings.go:142.9,144.18 2 0
backend.juicedbot.io/juiced.infrastructure/database/settings.go:144.18,146.5 1 0
backend.juicedbot.io/juiced.infrastructure/database/settings.go:150.17,152.4 1 0
backend.juicedbot.io/juiced.infrastructure/database/settings.go:152.9,154.18 2 0
backend.juicedbot.io/juiced.infrastructure/database/settings.go:154.18,156.5 1 0
backend.juicedbot.io/juiced.infrastructure/database/settings.go:159.27,160.14 1 0
backend.juicedbot.io/juiced.infrastructure/database/settings.go:160.14,161.9 1 0
backend.juicedbot.io/juiced.infrastructure/database/settings.go:161.9,163.20 2 0
backend.juicedbot.io/juiced.infrastructure/database/settings.go:163.20,165.15 2 0
backend.juicedbot.io/juiced.infrastructure/database/settings.go:166.12,167.12 1 0
backend.juicedbot.io/juiced.infrastructure/database/settings.go:173.30,174.14 1 0
backend.juicedbot.io/juiced.infrastructure/database/settings.go:174.14,175.9 1 0
backend.juicedbot.io/juiced.infrastructure/database/settings.go:175.9,177.20 2 0
backend.juicedbot.io/juiced.infrastructure/database/settings.go:177.20,179.15 2 0
backend.juicedbot.io/juiced.infrastructure/database/settings.go:180.12,181.12 1 0
backend.juicedbot.io/juiced.infrastructure/database/settings.go:192.55,193.21 1 0
backend.juicedbot.io/juiced.infrastructure/database/settings.go:197.2,198.16 2 0
backend.juicedbot.io/juiced.infrastructure/database/settings.go:202.2,203.16 2 0
backend.juicedbot.io/juiced.infrastructure/database/settings.go:206.2,208.12 2 0
backend.juicedbot.io/juiced.infrastructure/database/settings.go:193.21,195.3 1 0
backend.juicedbot.io/juiced.infrastructure/database/settings.go:198.16,200.3 1 0
backend.juicedbot.io/juiced.infrastructure/database/settings.go:203.16,205.3 1 0
backend.juicedbot.io/juiced.infrastructure/database/settings.go:211.49,212.21 1 0
backend.juicedbot.io/juiced.infrastructure/database/settings.go:216.2,217.16 2 0
backend.juicedbot.io/juiced.infrastructure/database/settings.go:221.2,222.16 2 0
backend.juicedbot.io/juiced.infrastructure/database/settings.go:226.2,227.16 2 0
backend.juicedbot.io/juiced.infrastructure/database/settings.go:231.2,233.12 2 0
backend.juicedbot.io/juiced.infrastructure/database/settings.go:212.21,214.3 1 0
backend.juicedbot.io/juiced.infrastructure/database/settings.go:217.16,219.3 1 0
backend.juicedbot.io/juiced.infrastructure/database/settings.go:222.16,224.3 1 0
backend.juicedbot.io/juiced.infrastructure/database/settings.go:227.16,229.3 1 0
backend.juicedbot.io/juiced.infrastructure/database/settings.go:236.66,238.16 2 0
backend.juicedbot.io/juiced.infrastructure/database/settings.go:241.2,241.31 1 0
backend.juicedbot.io/juiced.infrastructure/database/settings.go:238.16,240.3 1 0
backend.juicedbot.io/juiced.infrastructure/database/settings.go:244.37,245.21 1 0
backend.juicedbot.io/juiced.infrastructure/database/settings.go:248.2,249.16 2 0
backend.juicedbot.io/juiced.infrastructure/database/settings.go:252.2,254.12 2 0
backend.juicedbot.io/juiced.infrastructure/database/settings.go:245.21,247.3 1 0
backend.juicedbot.io/juiced.infrastructure/database/settings.go:249.16,251.3 1 0
backend.juicedbot.io/juiced.infrastructure/database/task-groups.go:11.55,13.21 2 0
backend.juicedbot.io/juiced.infrastructure/database/task-groups.go:17.2,18.16 2 0
backend.juicedbot.io/juiced.infrastructure/database/task-groups.go:22.2,23.18 2 0
backend.juicedbot.io/juiced.infrastructure/database/task-groups.go:44.2,44.51 1 0
backend.juicedbot.io/juiced.infrastructure/database/task-groups.go:48.2,48.24 1 0
backend.juicedbot.io/juiced.infrastructure/database/task-groups.go:13.21,15.3 1 0
backend.juicedbot.io/juiced.infrastructure/database/task-groups.go:18.16,20.3 1 0
backend.juicedbot.io/juiced.infrastructure/database/task-groups.go:23.18,26.17 3 0
backend.juicedbot.io/juiced.infrastructure/database/task-groups.go:29.3,29.44 1 0
backend.juicedbot.io/juiced.infrastructure/database/task-groups.go:33.3,34.45 2 0
backend.juicedbot.io/juiced.infrastructure/database/task-groups.go:41.3,41.49 1 0
backend.juicedbot.io/juiced.infrastructure/database/task-groups.go:26.17,28.4 1 0
backend.juicedbot.io/juiced.infrastructure/database/task-groups.go:29.44,31.4 1 0
backend.juicedbot.io/juiced.infrastructure/database/task-groups.go:34.45,36.18 2 0
backend.juicedbot.io/juiced.infrastructure/database/task-groups.go:36.18,38.5 1 0
backend.juicedbot.io/juiced.infrastructure/database/task-groups.go:44.51,46.3 1 0
backend.juicedbot.io/juiced.infrastructure/database/task-groups.go:51.63,53.21 2 0
backend.juicedbot.io/juiced.infrastructure/database/task-groups.go:57.2,58.16 2 0
backend.juicedbot.io/juiced.infrastructure/database/task-groups.go:62.2,63.16 2 0
backend.juicedbot.io/juiced.infrastructure/database/task-groups.go:67.2,68.18 2 0
backend.juicedbot.io/juiced.infrastructure/database/task-groups.go:74.2,74.39 1 0
backend.juicedbot.io/juiced.infrastructure/database/task-groups.go:78.2,79.40 2 0
backend.juicedbot.io/juiced.infrastructure/database/task-groups.go:85.2,85.23 1 0
backend.juicedbot.io/juiced.infrastructure/database/task-groups.go:53.21,55.3 1 0
backend.juicedbot.io/juiced.infrastructure/database/task-groups.go:58.16,60.3 1 0
backend.juicedbot.io/juiced.infrastructure/database/task-groups.go:63.16,65.3 1 0
backend.juicedbot.io/juiced.infrastructure/database/task-groups.go:68.18,70.17 2 0
backend.juicedbot.io/juiced.infrastructure/database/task-groups.go:70.17,72.4 1 0
backend.juicedbot.io/juiced.infrastructure/database/task-groups.go:74.39,76.3 1 0
backend.juicedbot.io/juiced.infrastructure/database/task-groups.go:79.40,81.17 2 0
backend.juicedbot.io/juiced.infrastructure/database/task-groups.go:81.17,83.4 1 0
backend.juicedbot.io/juiced.infrastructure/database/task-groups.go:88.58,89.21 1 0
backend.juicedbot.io/juiced.infrastructure/database/task-groups.go:93.2,94.16 2 0
backend.juicedbot.io/juiced.infrastructure/database/task-groups.go:97.2,100.16 3 0
backend.juicedbot.io/juiced.infrastructure/database/task-groups.go:104.2,105.12 2 0
backend.juicedbot.io/juiced.infrastructure/database/task-groups.go:89.21,91.3 1 0
backend.juicedbot.io/juiced.infrastructure/database/task-groups.go:94.16,96.3 1 0
backend.juicedbot.io/juiced.infrastructure/database/task-groups.go:100.16,102.3 1 0
backend.juicedbot.io/juiced.infrastructure/database/task-groups.go:108.62,110.21 2 0
backend.juicedbot.io/juiced.infrastructure/database/task-groups.go:114.2,114.17 1 0
backend.juicedbot.io/juiced.infrastructure/database/task-groups.go:123.2,124.16 2 0
backend.juicedbot.io/juiced.infrastructure/database/task-groups.go:127.2,128.16 2 0
backend.juicedbot.io/juiced.infrastructure/database/task-groups.go:132.2,132.12 1 0
backend.juicedbot.io/juiced.infrastructure/database/task-groups.go:110.21,112.3 1 0
backend.juicedbot.io/juiced.infrastructure/database/task-groups.go:114.17,115.44 1 0
backend.juicedbot.io/juiced.infrastructure/database/task-groups.go:115.44,117.18 2 0
backend.juicedbot.io/juiced.infrastructure/database/task-groups.go:117.18,119.5 1 0
backend.juicedbot.io/juiced.infrastructure/database/task-groups.go:124.16,126.3 1 0
backend.juicedbot.io/juiced.infrastructure/database/task-groups.go:128.16,130.3 1 0
backend.juicedbot.io/juiced.infrastructure/database/task-groups.go:136.77,138.16 2 0
backend.juicedbot.io/juiced.infrastructure/database/task-groups.go:141.2,141.38 1 0
backend.juicedbot.io/juiced.infrastructure/database/task-groups.go:138.16,140.3 1 0
backend.juicedbot.io/juiced.infrastructure/database/tasks.go:10.45,12.21 2 0
backend.juicedbot.io/juiced.infrastructure/database/tasks.go:16.2,17.16 2 0
backend.juicedbot.io/juiced.infrastructure/database/tasks.go:21.2,22.18 2 0
backend.juicedbot.io/juiced.infrastructure/database/tasks.go:40.2,40.46 1 0
backend.juicedbot.io/juiced.infrastructure/database/tasks.go:44.2,44.19 1 0
backend.juicedbot.io/juiced.infrastructure/database/tasks.go:12.21,14.3 1 0
backend.juicedbot.io/juiced.infrastructure/database/tasks.go:17.16,19.3 1 0
backend.juicedbot.io/juiced.infrastructure/database/tasks.go:22.18,25.17 3 0
backend.juicedbot.io/juiced.infrastructure/database/tasks.go:29.3,30.36 2 0
backend.juicedbot.io/juiced.infrastructure/database/tasks.go:37.3,37.34 1 0
backend.juicedbot.io/juiced.infrastructure/database/tasks.go:25.17,27.4 1 0
backend.juicedbot.io/juiced.infrastructure/database/tasks.go:30.36,32.18 2 0
backend.juicedbot.io/juiced.infrastructure/database/tasks.go:32.18,34.5 1 0
backend.juicedbot.io/juiced.infrastructure/database/tasks.go:40.46,42.3 1 0
backend.juicedbot.io/juiced.infrastructure/database/tasks.go:47.48,49.21 2 0
backend.juicedbot.io/juiced.infrastructure/database/tasks.go:53.2,54.16 2 0
backend.juicedbot.io/juiced.infrastructure/database/tasks.go:58.2,59.16 2 0
backend.juicedbot.io/juiced.infrastructure/database/tasks.go:63.2,64.18 2 0
backend.juicedbot.io/juiced.infrastructure/database/tasks.go:71.2,72.31 2 0
backend.juicedbot.io/juiced.infrastructure/database/tasks.go:79.2,79.18 1 0
backend.juicedbot.io/juiced.infrastructure/database/tasks.go:49.21,51.3 1 0
backend.juicedbot.io/juiced.infrastructure/database/tasks.go:54.16,56.3 1 0
backend.juicedbot.io/juiced.infrastructure/database/tasks.go:59.16,61.3 1 0
backend.juicedbot.io/juiced.infrastructure/database/tasks.go:64.18,66.17 2 0
backend.juicedbot.io/juiced.infrastructure/database/tasks.go:66.17,68.4 1 0
backend.juicedbot.io/juiced.infrastructure/database/tasks.go:72.31,74.17 2 0
backend.juicedbot.io/juiced.infrastructure/database/tasks.go:74.17,76.4 1 0
backend.juicedbot.io/juiced.infrastructure/database/tasks.go:82.43,83.21 1 0
backend.juicedbot.io/juiced.infrastructure/database/tasks.go:87.2,88.16 2 0
backend.juicedbot.io/juiced.infrastructure/database/tasks.go:92.2,93.16 2 0
backend.juicedbot.io/juiced.infrastructure/database/tasks.go:97.2,98.12 2 0
backend.juicedbot.io/juiced.infrastructure/database/tasks.go:83.21,85.3 1 0
backend.juicedbot.io/juiced.infrastructure/database/tasks.go:88.16,90.3 1 0
backend.juicedbot.io/juiced.infrastructure/database/tasks.go:93.16,95.3 1 0
backend.juicedbot.io/juiced.infrastructure/database/tasks.go:101.34,102.21 1 0
backend.juicedbot.io/juiced.infrastructure/database/tasks.go:106.2,107.16 2 0
backend.juicedbot.io/juiced.infrastructure/database/tasks.go:110.2,111.12 2 0
backend.juicedbot.io/juiced.infrastructure/database/tasks.go:102.21,104.3 1 0
backend.juicedbot.io/juiced.infrastructure/database/tasks.go:107.16,109.3 1 0
backend.juicedbot.io/juiced.infrastructure/database/tasks.go:114.57,116.16 2 0
backend.juicedbot.io/juiced.infrastructure/database/tasks.go:119.2,119.28 1 0
backend.juicedbot.io/juiced.infrastructure/database/tasks.go:116.16,118.3 1 0
backend.juicedbot.io/juiced.infrastructure/database/user-info.go:7.47,11.21 3 0
backend.juicedbot.io/juiced.infrastructure/database/user-info.go:15.2,16.16 2 0
backend.juicedbot.io/juiced.infrastructure/database/user-info.go:19.2,20.18 2 0
backend.juicedbot.io/juiced.infrastructure/database/user-info.go:28.2,28.22 1 0
backend.juicedbot.io/juiced.infrastructure/database/user-info.go:11.21,13.3 1 0
backend.juicedbot.io/juiced.infrastructure/database/user-info.go:16.16,18.3 1 0
backend.juicedbot.io/juiced.infrastructure/database/user-info.go:20.18,23.17 3 0
backend.juicedbot.io/juiced.infrastructure/database/user-info.go:23.17,25.4 1 0
backend.juicedbot.io/juiced.infrastructure/database/user-info.go:32.52,33.21 1 0
backend.juicedbot.io/juiced.infrastructure/database/user-info.go:37.2,38.16 2 0
backend.juicedbot.io/juiced.infrastructure/database/user-info.go:42.2,53.12 3 0
backend.juicedbot.io/juiced.infrastructure/database/user-info.go:33.21,35.3 1 0
backend.juicedbot.io/juiced.infrastructure/database/user-info.go:38.16,40.3 1 0
backend.juicedbot.io/juiced.infrastructure/database/util.go:16.27,21.16 4 0
backend.juicedbot.io/juiced.infrastructure/database/util.go:24.2,26.16 3 0
backend.juicedbot.io/juiced.infrastructure/database/util.go:30.2,30.33 1 0
backend.juicedbot.io/juiced.infrastructure/database/util.go:62.2,62.12 1 0
backend.juicedbot.io/juiced.infrastructure/database/util.go:21.16,23.3 1 0
backend.juicedbot.io/juiced.infrastructure/database/util.go:26.16,28.3 1 0
backend.juicedbot.io/juiced.infrastructure/database/util.go:30.33,32.17 2 0
backend.juicedbot.io/juiced.infrastructure/database/util.go:35.3,37.24 3 0
backend.juicedbot.io/juiced.infrastructure/database/util.go:46.3,46.26 1 0
backend.juicedbot.io/juiced.infrastructure/database/util.go:32.17,34.4 1 0
backend.juicedbot.io/juiced.infrastructure/database/util.go:37.24,40.18 3 0
backend.juicedbot.io/juiced.infrastructure/database/util.go:40.18,43.5 2 0
backend.juicedbot.io/juiced.infrastructure/database/util.go:46.26,48.44 2 0
backend.juicedbot.io/juiced.infrastructure/database/util.go:55.4,55.18 1 0
backend.juicedbot.io/juiced.infrastructure/database/util.go:48.44,50.5 1 0
backend.juicedbot.io/juiced.infrastructure/database/util.go:50.10,50.54 1 0
backend.juicedbot.io/juiced.infrastructure/database/util.go:50.54,52.5 1 0
backend.juicedbot.io/juiced.infrastructure/database/util.go:52.10,54.5 1 0
backend.juicedbot.io/juiced.infrastructure/database/util.go:55.18,58.5 2 0
backend.juicedbot.io/juiced.infrastructure/database/util.go:66.29,68.2 1 0
backend.juicedbot.io/juiced.infrastructure/database/util.go:70.57,75.33 5 0
backend.juicedbot.io/juiced.infrastructure/database/util.go:81.2,81.8 1 0
backend.juicedbot.io/juiced.infrastructure/database/util.go:75.33,76.36 1 0
backend.juicedbot.io/juiced.infrastructure/database/util.go:76.36,79.4 2 0
backend.juicedbot.io/juiced.infrastructure/database/util.go:84.62,89.18 4 0
backend.juicedbot.io/juiced.infrastructure/database/util.go:93.2,93.8 1 0
backend.juicedbot.io/juiced.infrastructure/database/util.go:89.18,92.3 2 0
backend.juicedbot.io/juiced.infrastructure/database/util.go:96.66,100.33 3 0
backend.juicedbot.io/juiced.infrastructure/database/util.go:114.2,114.35 1 0
backend.juicedbot.io/juiced.infrastructure/database/util.go:129.2,129.23 1 0
backend.juicedbot.io/juiced.infrastructure/database/util.go:100.33,103.34 3 0
backend.juicedbot.io/juiced.infrastructure/database/util.go:109.3,109.14 1 0
backend.juicedbot.io/juiced.infrastructure/database/util.go:103.34,105.100 2 0
backend.juicedbot.io/juiced.infrastructure/database/util.go:105.100,107.5 1 0
backend.juicedbot.io/juiced.infrastructure/database/util.go:109.14,111.4 1 0
backend.juicedbot.io/juiced.infrastructure/database/util.go:114.35,117.36 3 0
backend.juicedbot.io/juiced.infrastructure/database/util.go:124.3,124.14 1 0
backend.juicedbot.io/juiced.infrastructure/database/util.go:117.36,120.108 2 0
backend.juicedbot.io/juiced.infrastructure/database/util.go:120.108,122.5 1 0
backend.juicedbot.io/juiced.infrastructure/database/util.go:124.14,126.4 1 0
backend.juicedbot.io/juiced.infrastructure/database/checkouts.go:6.50,9.21 2 0
backend.juicedbot.io/juiced.infrastructure/database/checkouts.go:13.2,14.16 2 0
backend.juicedbot.io/juiced.infrastructure/database/checkouts.go:18.2,19.18 2 0
backend.juicedbot.io/juiced.infrastructure/database/checkouts.go:27.2,27.23 1 0
backend.juicedbot.io/juiced.infrastructure/database/checkouts.go:9.21,11.3 1 0
backend.juicedbot.io/juiced.infrastructure/database/checkouts.go:14.16,16.3 1 0
backend.juicedbot.io/juiced.infrastructure/database/checkouts.go:19.18,22.17 3 0
backend.juicedbot.io/juiced.infrastructure/database/checkouts.go:22.17,24.4 1 0
backend.juicedbot.io/juiced.infrastructure/database/checkouts.go:31.55,32.21 1 0
backend.juicedbot.io/juiced.infrastructure/database/checkouts.go:36.2,37.16 2 0
backend.juicedbot.io/juiced.infrastructure/database/checkouts.go:41.2,42.16 2 0
backend.juicedbot.io/juiced.infrastructure/database/checkouts.go:46.2,46.12 1 0
backend.juicedbot.io/juiced.infrastructure/database/checkouts.go:32.21,34.3 1 0
backend.juicedbot.io/juiced.infrastructure/database/checkouts.go:37.16,39.3 1 0
backend.juicedbot.io/juiced.infrastructure/database/checkouts.go:42.16,44.3 1 0
backend.juicedbot.io/juiced.infrastructure/database/profile-groups.go:13.61,15.21 2 0
backend.juicedbot.io/juiced.infrastructure/database/profile-groups.go:19.2,20.16 2 0
backend.juicedbot.io/juiced.infrastructure/database/profile-groups.go:24.2,25.18 2 0
backend.juicedbot.io/juiced.infrastructure/database/profile-groups.go:38.2,38.54 1 0
backend.juicedbot.io/juiced.infrastructure/database/profile-groups.go:41.2,41.27 1 0
backend.juicedbot.io/juiced.infrastructure/database/profile-groups.go:15.21,17.3 1 0
backend.juicedbot.io/juiced.infrastructure/database/profile-groups.go:20.16,22.3 1 0
backend.juicedbot.io/juiced.infrastructure/database/profile-groups.go:25.18,28.17 3 0
backend.juicedbot.io/juiced.infrastructure/database/profile-groups.go:32.3,32.46 1 0
backend.juicedbot.io/juiced.infrastructure/database/profile-groups.go:36.3,36.58 1 0
backend.juicedbot.io/juiced.infrastructure/database/profile-groups.go:28.17,30.4 1 0
backend.juicedbot.io/juiced.infrastructure/database/profile-groups.go:32.46,34.4 1 0
backend.juicedbot.io/juiced.infrastructure/database/profile-groups.go:38.54,40.3 1 0
backend.juicedbot.io/juiced.infrastructure/database/profile-groups.go:45.69,47.21 2 0
backend.juicedbot.io/juiced.infrastructure/database/profile-groups.go:51.2,52.16 2 0
backend.juicedbot.io/juiced.infrastructure/database/profile-groups.go:56.2,57.16 2 0
backend.juicedbot.io/juiced.infrastructure/database/profile-groups.go:61.2,62.18 2 0
backend.juicedbot.io/juiced.infrastructure/database/profile-groups.go:69.2,69.41 1 0
backend.juicedbot.io/juiced.infrastructure/database/profile-groups.go:73.2,73.26 1 0
backend.juicedbot.io/juiced.infrastructure/database/profile-groups.go:47.21,49.3 1 0
backend.juicedbot.io/juiced.infrastructure/database/profile-groups.go:52.16,54.3 1 0
backend.juicedbot.io/juiced.infrastructure/database/profile-groups.go:57.16,59.3 1 0
backend.juicedbot.io/juiced.infrastructure/database/profile-groups.go:62.18,64.17 2 0
backend.juicedbot.io/juiced.infrastructure/database/profile-groups.go:64.17,66.4 1 0
backend.juicedbot.io/juiced.infrastructure/database/profile-groups.go:69.41,71.3 1 0
backend.juicedbot.io/juiced.infrastructure/database/profile-groups.go:76.67,77.21 1 0
backend.juicedbot.io/juiced.infrastructure/database/profile-groups.go:81.2,82.16 2 0
backend.juicedbot.io/juiced.infrastructure/database/profile-groups.go:85.2,88.16 3 0
backend.juicedbot.io/juiced.infrastructure/database/profile-groups.go:92.2,92.52 1 0
backend.juicedbot.io/juiced.infrastructure/database/profile-groups.go:104.2,104.12 1 0
backend.juicedbot.io/juiced.infrastructure/database/profile-groups.go:77.21,79.3 1 0
backend.juicedbot.io/juiced.infrastructure/database/profile-groups.go:82.16,84.3 1 0
backend.juicedbot.io/juiced.infrastructure/database/profile-groups.go:88.16,90.3 1 0
backend.juicedbot.io/juiced.infrastructure/database/profile-groups.go:92.52,94.17 2 0
backend.juicedbot.io/juiced.infrastructure/database/profile-groups.go:97.3,99.17 3 0
backend.juicedbot.io/juiced.infrastructure/database/profile-groups.go:94.17,96.4 1 0
backend.juicedbot.io/juiced.infrastructure/database/profile-groups.go:99.17,101.4 1 0
backend.juicedbot.io/juiced.infrastructure/database/profile-groups.go:107.47,108.21 1 0
backend.juicedbot.io/juiced.infrastructure/database/profile-groups.go:112.2,113.16 2 0
backend.juicedbot.io/juiced.infrastructure/database/profile-groups.go:117.2,118.16 2 0
backend.juicedbot.io/juiced.infrastructure/database/profile-groups.go:121.2,123.41 2 0
backend.juicedbot.io/juiced.infrastructure/database/profile-groups.go:127.2,127.52 1 0
backend.juicedbot.io/juiced.infrastructure/database/profile-groups.go:141.2,141.12 1 0
backend.juicedbot.io/juiced.infrastructure/database/profile-groups.go:108.21,110.3 1 0
backend.juicedbot.io/juiced.infrastructure/database/profile-groups.go:113.16,115.3 1 0
backend.juicedbot.io/juiced.infrastructure/database/profile-groups.go:118.16,120.3 1 0
backend.juicedbot.io/juiced.infrastructure/database/profile-groups.go:123.41,125.3 1 0
backend.juicedbot.io/juiced.infrastructure/database/profile-groups.go:127.52,129.17 2 0
backend.juicedbot.io/juiced.infrastructure/database/profile-groups.go:133.3,136.17 3 0
backend.juicedbot.io/juiced.infrastructure/database/profile-groups.go:129.17,131.4 1 0
backend.juicedbot.io/juiced.infrastructure/database/profile-groups.go:136.17,138.4 1 0
backend.juicedbot.io/juiced.infrastructure/database/profile-groups.go:144.86,146.16 2 0
backend.juicedbot.io/juiced.infrastructure/database/profile-groups.go:149.2,149.44 1 0
backend.juicedbot.io/juiced.infrastructure/database/profile-groups.go:146.16,148.3 1 0
backend.juicedbot.io/juiced.infrastructure/database/proxy-groups.go:9.57,11.21 2 0
backend.juicedbot.io/juiced.infrastructure/database/proxy-groups.go:15.2,16.16 2 0
backend.juicedbot.io/juiced.infrastructure/database/proxy-groups.go:20.2,21.18 2 0
backend.juicedbot.io/juiced.infrastructure/database/proxy-groups.go:35.2,35.52 1 0
backend.juicedbot.io/juiced.infrastructure/database/proxy-groups.go:39.2,39.25 1 0
backend.juicedbot.io/juiced.infrastructure/database/proxy-groups.go:11.21,13.3 1 0
backend.juicedbot.io/juiced.infrastructure/database/proxy-groups.go:16.16,18.3 1 0
backend.juicedbot.io/juiced.infrastructure/database/proxy-groups.go:21.18,24.17 3 0
backend.juicedbot.io/juiced.infrastructure/database/proxy-groups.go:27.3,28.17 2 0
backend.juicedbot.io/juiced.infrastructure/database/proxy-groups.go:31.3,31.52 1 0
backend.juicedbot.io/juiced.infrastructure/database/proxy-groups.go:24.17,26.4 1 0
backend.juicedbot.io/juiced.infrastructure/database/proxy-groups.go:28.17,30.4 1 0
backend.juicedbot.io/juiced.infrastructure/database/proxy-groups.go:35.52,37.3 1 0
backend.juicedbot.io/juiced.infrastructure/database/proxy-groups.go:42.65,44.21 2 0
backend.juicedbot.io/juiced.infrastructure/database/proxy-groups.go:48.2,49.16 2 0
backend.juicedbot.io/juiced.infrastructure/database/proxy-groups.go:53.2,54.16 2 0
backend.juicedbot.io/juiced.infrastructure/database/proxy-groups.go:58.2,59.18 2 0
backend.juicedbot.io/juiced.infrastructure/database/proxy-groups.go:66.2,66.31 1 0
backend.juicedbot.io/juiced.infrastructure/database/proxy-groups.go:44.21,46.3 1 0
backend.juicedbot.io/juiced.infrastructure/database/proxy-groups.go:49.16,51.3 1 0
backend.juicedbot.io/juiced.infrastructure/database/proxy-groups.go:54.16,56.3 1 0
backend.juicedbot.io/juiced.infrastructure/database/proxy-groups.go:59.18,61.17 2 0
backend.juicedbot.io/juiced.infrastructure/database/proxy-groups.go:61.17,63.4 1 0
backend.juicedbot.io/juiced.infrastructure/database/proxy-groups.go:69.61,70.21 1 0
backend.juicedbot.io/juiced.infrastructure/database/proxy-groups.go:74.2,75.16 2 0
backend.juicedbot.io/juiced.infrastructure/database/proxy-groups.go:79.2,80.16 2 0
backend.juicedbot.io/juiced.infrastructure/database/proxy-groups.go:84.2,84.43 1 0
backend.juicedbot.io/juiced.infrastructure/database/proxy-groups.go:95.2,95.12 1 0
backend.juicedbot.io/juiced.infrastructure/database/proxy-groups.go:70.21,72.3 1 0
backend.juicedbot.io/juiced.infrastructure/database/proxy-groups.go:75.16,77.3 1 0
backend.juicedbot.io/juiced.infrastructure/database/proxy-groups.go:80.16,82.3 1 0
backend.juicedbot.io/juiced.infrastructure/database/proxy-groups.go:84.43,86.17 2 0
backend.juicedbot.io/juiced.infrastructure/database/proxy-groups.go:89.3,90.17 2 0
backend.juicedbot.io/juiced.infrastructure/database/proxy-groups.go:86.17,88.4 1 0
backend.juicedbot.io/juiced.infrastructure/database/proxy-groups.go:90.17,92.4 1 0
backend.juicedbot.io/juiced.infrastructure/database/proxy-groups.go:98.45,99.21 1 0
backend.juicedbot.io/juiced.infrastructure/database/proxy-groups.go:103.2,104.16 2 0
backend.juicedbot.io/juiced.infrastructure/database/proxy-groups.go:107.2,108.16 2 0
backend.juicedbot.io/juiced.infrastructure/database/proxy-groups.go:112.2,113.16 2 0
backend.juicedbot.io/juiced.infrastructure/database/proxy-groups.go:116.2,118.12 2 0
backend.juicedbot.io/juiced.infrastructure/database/proxy-groups.go:99.21,101.3 1 0
backend.juicedbot.io/juiced.infrastructure/database/proxy-groups.go:104.16,106.3 1 0
backend.juicedbot.io/juiced.infrastructure/database/proxy-groups.go:108.16,110.3 1 0
backend.juicedbot.io/juiced.infrastructure/database/proxy-groups.go:113.16,115.3 1 0
backend.juicedbot.io/juiced.infrastructure/database/proxy-groups.go:121.80,123.16 2 0
backend.juicedbot.io/juiced.infrastructure/database/proxy-groups.go:126.2,126.40 1 0
backend.juicedbot.io/juiced.infrastructure/database/proxy-groups.go:123.16,125.3 1 0
backend.juicedbot.io/juiced.infrastructure/database/errors.go:5.54,7.2 1 0
backend.juicedbot.io/juiced.infrastructure/database/profiles.go:15.51,17.21 2 0
backend.juicedbot.io/juiced.infrastructure/database/profiles.go:21.2,22.16 2 0
backend.juicedbot.io/juiced.infrastructure/database/profiles.go:26.2,27.18 2 0
backend.juicedbot.io/juiced.infrastructure/database/profiles.go:93.2,93.49 1 0
backend.juicedbot.io/juiced.infrastructure/database/profiles.go:97.2,97.22 1 0
backend.juicedbot.io/juiced.infrastructure/database/profiles.go:17.21,19.3 1 0
backend.juicedbot.io/juiced.infrastructure/database/profiles.go:22.16,24.3 1 0
backend.juicedbot.io/juiced.infrastructure/database/profiles.go:27.18,33.17 5 0
backend.juicedbot.io/juiced.infrastructure/database/profiles.go:37.3,38.17 2 0
backend.juicedbot.io/juiced.infrastructure/database/profiles.go:46.3,47.17 2 0
backend.juicedbot.io/juiced.infrastructure/database/profiles.go:56.3,56.27 1 0
backend.juicedbot.io/juiced.infrastructure/database/profiles.go:70.3,70.33 1 0
backend.juicedbot.io/juiced.infrastructure/database/profiles.go:84.3,85.17 2 0
backend.juicedbot.io/juiced.infrastructure/database/profiles.go:88.3,88.53 1 0
backend.juicedbot.io/juiced.infrastructure/database/profiles.go:33.17,35.4 1 0
backend.juicedbot.io/juiced.infrastructure/database/profiles.go:38.17,40.4 1 0
backend.juicedbot.io/juiced.infrastructure/database/profiles.go:40.9,42.18 2 0
backend.juicedbot.io/juiced.infrastructure/database/profiles.go:42.18,44.5 1 0
backend.juicedbot.io/juiced.infrastructure/database/profiles.go:47.17,49.4 1 0
backend.juicedbot.io/juiced.infrastructure/database/profiles.go:49.9,51.18 2 0
backend.juicedbot.io/juiced.infrastructure/database/profiles.go:51.18,53.5 1 0
backend.juicedbot.io/juiced.infrastructure/database/profiles.go:56.27,57.14 1 0
backend.juicedbot.io/juiced.infrastructure/database/profiles.go:57.14,58.9 1 0
backend.juicedbot.io/juiced.infrastructure/database/profiles.go:58.9,60.20 2 0
backend.juicedbot.io/juiced.infrastructure/database/profiles.go:60.20,62.15 2 0
backend.juicedbot.io/juiced.infrastructure/database/profiles.go:63.12,64.12 1 0
backend.juicedbot.io/juiced.infrastructure/database/profiles.go:70.33,71.14 1 0
backend.juicedbot.io/juiced.infrastructure/database/profiles.go:71.14,72.9 1 0
backend.juicedbot.io/juiced.infrastructure/database/profiles.go:72.9,74.20 2 0
backend.juicedbot.io/juiced.infrastructure/database/profiles.go:74.20,76.15 2 0
backend.juicedbot.io/juiced.infrastructure/database/profiles.go:77.12,78.12 1 0
backend.juicedbot.io/juiced.infrastructure/database/profiles.go:85.17,87.4 1 0
backend.juicedbot.io/juiced.infrastructure/database/profiles.go:88.53,90.4 1 0
backend.juicedbot.io/juiced.infrastructure/database/profiles.go:93.49,95.3 1 0
backend.juicedbot.io/juiced.infrastructure/database/profiles.go:101.54,103.21 2 0
backend.juicedbot.io/juiced.infrastructure/database/profiles.go:107.2,108.16 2 0
backend.juicedbot.io/juiced.infrastructure/database/profiles.go:112.2,113.16 2 0
backend.juicedbot.io/juiced.infrastructure/database/profiles.go:117.2,118.18 2 0
backend.juicedbot.io/juiced.infrastructure/database/profiles.go:125.2,125.32 1 0
backend.juicedbot.io/juiced.infrastructure/database/profiles.go:103.21,105.3 1 0
backend.juicedbot.io/juiced.infrastructure/database/profiles.go:108.16,110.3 1 0
backend.juicedbot.io/juiced.infrastructure/database/profiles.go:113.16,115.3 1 0
backend.juicedbot.io/juiced.infrastructure/database/profiles.go:118.18,120.17 2 0
backend.juicedbot.io/juiced.infrastructure/database/profiles.go:120.17,122.4 1 0
backend.juicedbot.io/juiced.infrastructure/database/profiles.go:129.62,131.21 2 0
backend.juicedbot.io/juiced.infrastructure/database/profiles.go:135.2,136.16 2 0
backend.juicedbot.io/juiced.infrastructure/database/profiles.go:140.2,141.16 2 0
backend.juicedbot.io/juiced.infrastructure/database/profiles.go:145.2,146.18 2 0
backend.juicedbot.io/juiced.infrastructure/database/profiles.go:153.2,153.32 1 0
backend.juicedbot.io/juiced.infrastructure/database/profiles.go:131.21,133.3 1 0
backend.juicedbot.io/juiced.infrastructure/database/profiles.go:136.16,138.3 1 0
backend.juicedbot.io/juiced.infrastructure/database/profiles.go:141.16,143.3 1 0
backend.juicedbot.io/juiced.infrastructure/database/profiles.go:146.18,148.17 2 0
backend.juicedbot.io/juiced.infrastructure/database/profiles.go:148.17,150.4 1 0
backend.juicedbot.io/juiced.infrastructure/database/profiles.go:156.52,157.21 1 0
backend.juicedbot.io/juiced.infrastructure/database/profiles.go:161.2,162.16 2 0
backend.juicedbot.io/juiced.infrastructure/database/profiles.go:165.2,166.16 2 0
backend.juicedbot.io/juiced.infrastructure/database/profiles.go:170.2,171.16 2 0
backend.juicedbot.io/juiced.infrastructure/database/profiles.go:175.2,176.16 2 0
backend.juicedbot.io/juiced.infrastructure/database/profiles.go:180.2,180.36 1 0
backend.juicedbot.io/juiced.infrastructure/database/profiles.go:157.21,159.3 1 0
backend.juicedbot.io/juiced.infrastructure/database/profiles.go:162.16,164.3 1 0
backend.juicedbot.io/juiced.infrastructure/database/profiles.go:166.16,168.3 1 0
backend.juicedbot.io/juiced.infrastructure/database/profiles.go:171.16,173.3 1 0
backend.juicedbot.io/juiced.infrastructure/database/profiles.go:176.16,178.3 1 0
backend.juicedbot.io/juiced.infrastructure/database/profiles.go:183.37,184.21 1 0
backend.juicedbot.io/juiced.infrastructure/database/profiles.go:188.2,189.16 2 0
backend.juicedbot.io/juiced.infrastructure/database/profiles.go:192.2,193.16 2 0
backend.juicedbot.io/juiced.infrastructure/database/profiles.go:197.2,197.31 1 0
backend.juicedbot.io/juiced.infrastructure/database/profiles.go:184.21,186.3 1 0
backend.juicedbot.io/juiced.infrastructure/database/profiles.go:189.16,191.3 1 0
backend.juicedbot.io/juiced.infrastructure/database/profiles.go:193.16,195.3 1 0
backend.juicedbot.io/juiced.infrastructure/database/profiles.go:200.66,202.16 2 0
backend.juicedbot.io/juiced.infrastructure/database/profiles.go:205.2,206.34 2 0
backend.juicedbot.io/juiced.infrastructure/database/profiles.go:202.16,204.3 1 0
backend.juicedbot.io/juiced.infrastructure/database/profiles.go:209.62,210.21 1 0
backend.juicedbot.io/juiced.infrastructure/database/profiles.go:214.2,215.16 2 0
backend.juicedbot.io/juiced.infrastructure/database/profiles.go:219.2,220.16 2 0
backend.juicedbot.io/juiced.infrastructure/database/profiles.go:224.2,225.16 2 0
backend.juicedbot.io/juiced.infrastructure/database/profiles.go:229.2,229.12 1 0
backend.juicedbot.io/juiced.infrastructure/database/profiles.go:210.21,212.3 1 0
backend.juicedbot.io/juiced.infrastructure/database/profiles.go:215.16,217.3 1 0
backend.juicedbot.io/juiced.infrastructure/database/profiles.go:220.16,222.3 1 0
backend.juicedbot.io/juiced.infrastructure/database/profiles.go:225.16,227.3 1 0
backend.juicedbot.io/juiced.infrastructure/database/profiles.go:231.61,232.21 1 0
backend.juicedbot.io/juiced.infrastructure/database/profiles.go:236.2,237.16 2 0
backend.juicedbot.io/juiced.infrastructure/database/profiles.go:241.2,242.16 2 0
backend.juicedbot.io/juiced.infrastructure/database/profiles.go:246.2,247.16 2 0
backend.juicedbot.io/juiced.infrastructure/database/profiles.go:251.2,251.12 1 0
backend.juicedbot.io/juiced.infrastructure/database/profiles.go:232.21,234.3 1 0
backend.juicedbot.io/juiced.infrastructure/database/profiles.go:237.16,239.3 1 0
backend.juicedbot.io/juiced.infrastructure/database/profiles.go:242.16,244.3 1 0
backend.juicedbot.io/juiced.infrastructure/database/profiles.go:247.16,249.3 1 0
backend.juicedbot.io/juiced.infrastructure/database/profiles.go:253.50,254.21 1 0
backend.juicedbot.io/juiced.infrastructure/database/profiles.go:258.2,259.16 2 0
backend.juicedbot.io/juiced.infrastructure/database/profiles.go:263.2,264.16 2 0
backend.juicedbot.io/juiced.infrastructure/database/profiles.go:268.2,269.16 2 0
backend.juicedbot.io/juiced.infrastructure/database/profiles.go:273.2,273.12 1 0
backend.juicedbot.io/juiced.infrastructure/database/profiles.go:254.21,256.3 1 0
backend.juicedbot.io/juiced.infrastructure/database/profiles.go:259.16,261.3 1 0
backend.juicedbot.io/juiced.infrastructure/database/profiles.go:264.16,266.3 1 0
backend.juicedbot.io/juiced.infrastructure/database/profiles.go:269.16,271.3 1 0
backend.juicedbot.io/juiced.infrastructure/database/profiles.go:276.57,278.16 2 0
backend.juicedbot.io/juiced.infrastructure/database/profiles.go:281.2,282.16 2 0
backend.juicedbot.io/juiced.infrastructure/database/profiles.go:285.2,285.29 1 0
backend.juicedbot.io/juiced.infrastructure/database/profiles.go:278.16,280.3 1 0
backend.juicedbot.io/juiced.infrastructure/database/profiles.go:282.16,284.3 1 0
backend.juicedbot.io/juiced.infrastructure/database/profiles.go:288.47,289.21 1 0
backend.juicedbot.io/juiced.infrastructure/database/profiles.go:293.2,294.16 2 0
backend.juicedbot.io/juiced.infrastructure/database/profiles.go:297.2,299.12 2 0
backend.juicedbot.io/juiced.infrastructure/database/profiles.go:289.21,291.3 1 0
backend.juicedbot.io/juiced.infrastructure/database/profiles.go:294.16,296.3 1 0
backend.juicedbot.io/juiced.infrastructure/database/profiles.go:302.46,303.21 1 0
backend.juicedbot.io/juiced.infrastructure/database/profiles.go:307.2,308.16 2 0
backend.juicedbot.io/juiced.infrastructure/database/profiles.go:311.2,313.12 2 0
backend.juicedbot.io/juiced.infrastructure/database/profiles.go:303.21,305.3 1 0
backend.juicedbot.io/juiced.infrastructure/database/profiles.go:308.16,310.3 1 0
backend.juicedbot.io/juiced.infrastructure/database/profiles.go:316.35,317.21 1 0
backend.juicedbot.io/juiced.infrastructure/database/profiles.go:321.2,322.16 2 0
backend.juicedbot.io/juiced.infrastructure/database/profiles.go:325.2,327.12 2 0
backend.juicedbot.io/juiced.infrastructure/database/profiles.go:317.21,319.3 1 0
backend.juicedbot.io/juiced.infrastructure/database/profiles.go:322.16,324.3 1 0
backend.juicedbot.io/juiced.infrastructure/database/profiles.go:330.42,332.16 2 0
backend.juicedbot.io/juiced.infrastructure/database/profiles.go:335.2,336.16 2 0
backend.juicedbot.io/juiced.infrastructure/database/profiles.go:339.2,339.24 1 0
backend.juicedbot.io/juiced.infrastructure/database/profiles.go:332.16,334.3 1 0
backend.juicedbot.io/juiced.infrastructure/database/profiles.go:336.16,338.3 1 0
backend.juicedbot.io/juiced.infrastructure/database/profiles.go:342.77,343.21 1 0
backend.juicedbot.io/juiced.infrastructure/database/profiles.go:347.2,348.16 2 0
backend.juicedbot.io/juiced.infrastructure/database/profiles.go:351.2,352.16 2 0
backend.juicedbot.io/juiced.infrastructure/database/profiles.go:356.2,357.18 2 0
backend.juicedbot.io/juiced.infrastructure/database/profiles.go:560.2,560.21 1 0
backend.juicedbot.io/juiced.infrastructure/database/profiles.go:343.21,345.3 1 0
backend.juicedbot.io/juiced.infrastructure/database/profiles.go:348.16,350.3 1 0
backend.juicedbot.io/juiced.infrastructure/database/profiles.go:352.16,354.3 1 0
backend.juicedbot.io/juiced.infrastructure/database/profiles.go:357.18,368.17 10 0
backend.juicedbot.io/juiced.infrastructure/database/profiles.go:372.3,373.17 2 0
backend.juicedbot.io/juiced.infrastructure/database/profiles.go:381.3,382.17 2 0
backend.juicedbot.io/juiced.infrastructure/database/profiles.go:390.3,391.17 2 0
backend.juicedbot.io/juiced.infrastructure/database/profiles.go:399.3,400.17 2 0
backend.juicedbot.io/juiced.infrastructure/database/profiles.go:408.3,409.17 2 0
backend.juicedbot.io/juiced.infrastructure/database/profiles.go:417.3,418.17 2 0
backend.juicedbot.io/juiced.infrastructure/database/profiles.go:426.3,427.17 2 0
backend.juicedbot.io/juiced.infrastructure/database/profiles.go:435.3,436.17 2 0
backend.juicedbot.io/juiced.infrastructure/database/profiles.go:445.3,445.31 1 0
backend.juicedbot.io/juiced.infrastructure/database/profiles.go:459.3,459.30 1 0
backend.juicedbot.io/juiced.infrastructure/database/profiles.go:473.3,473.30 1 0
backend.juicedbot.io/juiced.infrastructure/database/profiles.go:487.3,487.30 1 0
backend.juicedbot.io/juiced.infrastructure/database/profiles.go:501.3,501.26 1 0
backend.juicedbot.io/juiced.infrastructure/database/profiles.go:516.3,516.29 1 0
backend.juicedbot.io/juiced.infrastructure/database/profiles.go:530.3,530.31 1 0
backend.juicedbot.io/juiced.infrastructure/database/profiles.go:544.3,544.33 1 0
backend.juicedbot.io/juiced.infrastructure/database/profiles.go:368.17,370.4 1 0
backend.juicedbot.io/juiced.infrastructure/database/profiles.go:373.17,375.4 1 0
backend.juicedbot.io/juiced.infrastructure/database/profiles.go:375.9,377.18 2 0
backend.juicedbot.io/juiced.infrastructure/database/profiles.go:377.18,379.5 1 0
backend.juicedbot.io/juiced.infrastructure/database/profiles.go:382.17,384.4 1 0
backend.juicedbot.io/juiced.infrastructure/database/profiles.go:384.9,386.18 2 0
backend.juicedbot.io/juiced.infrastructure/database/profiles.go:386.18,388.5 1 0
backend.juicedbot.io/juiced.infrastructure/database/profiles.go:391.17,393.4 1 0
backend.juicedbot.io/juiced.infrastructure/database/profiles.go:393.9,395.18 2 0
backend.juicedbot.io/juiced.infrastructure/database/profiles.go:395.18,397.5 1 0
backend.juicedbot.io/juiced.infrastructure/database/profiles.go:400.17,402.4 1 0
backend.juicedbot.io/juiced.infrastructure/database/profiles.go:402.9,404.18 2 0
backend.juicedbot.io/juiced.infrastructure/database/profiles.go:404.18,406.5 1 0
backend.juicedbot.io/juiced.infrastructure/database/profiles.go:409.17,411.4 1 0
backend.juicedbot.io/juiced.infrastructure/database/profiles.go:411.9,413.18 2 0
backend.juicedbot.io/juiced.infrastructure/database/profiles.go:413.18,415.5 1 0
backend.juicedbot.io/juiced.infrastructure/database/profiles.go:418.17,420.4 1 0
backend.juicedbot.io/juiced.infrastructure/database/profiles.go:420.9,422.18 2 0
backend.juicedbot.io/juiced.infrastructure/database/profiles.go:422.18,424.5 1 0
backend.juicedbot.io/juiced.infrastructure/database/profiles.go:427.17,429.4 1 0
backend.juicedbot.io/juiced.infrastructure/database/profiles.go:429.9,431.18 2 0
backend.juicedbot.io/juiced.infrastructure/database/profiles.go:431.18,433.5 1 0
backend.juicedbot.io/juiced.infrastructure/database/profiles.go:436.17,438.4 1 0
backend.juicedbot.io/juiced.infrastructure/database/profiles.go:438.9,440.18 2 0
backend.juicedbot.io/juiced.infrastructure/database/profiles.go:440.18,442.5 1 0
backend.juicedbot.io/juiced.infrastructure/database/profiles.go:445.31,446.14 1 0
backend.juicedbot.io/juiced.infrastructure/database/profiles.go:446.14,447.9 1 0
backend.juicedbot.io/juiced.infrastructure/database/profiles.go:447.9,449.20 2 0
backend.juicedbot.io/juiced.infrastructure/database/profiles.go:449.20,451.15 2 0
backend.juicedbot.io/juiced.infrastructure/database/profiles.go:452.12,453.12 1 0
backend.juicedbot.io/juiced.infrastructure/database/profiles.go:459.30,460.14 1 0
backend.juicedbot.io/juiced.infrastructure/database/profiles.go:460.14,461.9 1 0
backend.juicedbot.io/juiced.infrastructure/database/profiles.go:461.9,463.20 2 0
backend.juicedbot.io/juiced.infrastructure/database/profiles.go:463.20,465.15 2 0
backend.juicedbot.io/juiced.infrastructure/database/profiles.go:466.12,467.12 1 0
backend.juicedbot.io/juiced.infrastructure/database/profiles.go:473.30,474.14 1 0
backend.juicedbot.io/juiced.infrastructure/database/profiles.go:474.14,475.9 1 0
backend.juicedbot.io/juiced.infrastructure/database/profiles.go:475.9,477.20 2 0
backend.juicedbot.io/juiced.infrastructure/database/profiles.go:477.20,479.15 2 0
backend.juicedbot.io/juiced.infrastructure/database/profiles.go:480.12,481.12 1 0
backend.juicedbot.io/juiced.infrastructure/database/profiles.go:487.30,488.14 1 0
backend.juicedbot.io/juiced.infrastructure/database/profiles.go:488.14,489.9 1 0
backend.juicedbot.io/juiced.infrastructure/database/profiles.go:489.9,491.20 2 0
backend.juicedbot.io/juiced.infrastructure/database/profiles.go:491.20,493.15 2 0
backend.juicedbot.io/juiced.infrastructure/database/profiles.go:494.12,495.12 1 0
backend.juicedbot.io/juiced.infrastructure/database/profiles.go:501.26,502.14 1 0
backend.juicedbot.io/juiced.infrastructure/database/profiles.go:502.14,503.9 1 0
backend.juicedbot.io/juiced.infrastructure/database/profiles.go:503.9,505.20 2 0
backend.juicedbot.io/juiced.infrastructure/database/profiles.go:505.20,507.15 2 0
backend.juicedbot.io/juiced.infrastructure/database/profiles.go:508.12,509.12 1 0
backend.juicedbot.io/juiced.infrastructure/database/profiles.go:516.29,517.14 1 0
backend.juicedbot.io/juiced.infrastructure/database/profiles.go:517.14,518.9 1 0
backend.juicedbot.io/juiced.infrastructure/database/profiles.go:518.9,520.20 2 0
backend.juicedbot.io/juiced.infrastructure/database/profiles.go:520.20,522.15 2 0
backend.juicedbot.io/juiced.infrastructure/database/profiles.go:523.12,524.12 1 0
backend.juicedbot.io/juiced.infrastructure/database/profiles.go:530.31,531.14 1 0
backend.juicedbot.io/juiced.infrastructure/database/profiles.go:531.14,532.9 1 0
backend.juicedbot.io/juiced.infrastructure/database/profiles.go:532.9,534.20 2 0
backend.juicedbot.io/juiced.infrastructure/database/profiles.go:534.20,536.15 2 0
backend.juicedbot.io/juiced.infrastructure/database/profiles.go:537.12,538.12 1 0
backend.juicedbot.io/juiced.infrastructure/database/profiles.go:544.33,545.14 1 0
backend.juicedbot.io/juiced.infrastructure/database/profiles.go:545.14,546.9 1 0
backend.juicedbot.io/juiced.infrastructure/database/profiles.go:546.9,548.20 2 0
backend.juicedbot.io/juiced.infrastructure/database/profiles.go:548.20,550.15 2 0
backend.juicedbot.io/juiced.infrastructure/database/profiles.go:551.12,552.12 1 0
backend.juicedbot.io/juiced.infrastructure/database/profiles.go:563.76,564.21 1 0
backend.juicedbot.io/juiced.infrastructure/database/profiles.go:568.2,569.16 2 0
backend.juicedbot.io/juiced.infrastructure/database/profiles.go:572.2,573.16 2 0
backend.juicedbot.io/juiced.infrastructure/database/profiles.go:577.2,578.18 2 0
backend.juicedbot.io/juiced.infrastructure/database/profiles.go:781.2,781.21 1 0
backend.juicedbot.io/juiced.infrastructure/database/profiles.go:564.21,566.3 1 0
backend.juicedbot.io/juiced.infrastructure/database/profiles.go:569.16,571.3 1 0
backend.juicedbot.io/juiced.infrastructure/database/profiles.go:573.16,575.3 1 0
backend.juicedbot.io/juiced.infrastructure/database/profiles.go:578.18,589.17 10 0
backend.juicedbot.io/juiced.infrastructure/database/profiles.go:593.3,594.17 2 0
backend.juicedbot.io/juiced.infrastructure/database/profiles.go:602.3,603.17 2 0
backend.juicedbot.io/juiced.infrastructure/database/profiles.go:611.3,612.17 2 0
backend.juicedbot.io/juiced.infrastructure/database/profiles.go:620.3,621.17 2 0
backend.juicedbot.io/juiced.infrastructure/database/profiles.go:629.3,630.17 2 0
backend.juicedbot.io/juiced.infrastructure/database/profiles.go:638.3,639.17 2 0
backend.juicedbot.io/juiced.infrastructure/database/profiles.go:647.3,648.17 2 0
backend.juicedbot.io/juiced.infrastructure/database/profiles.go:656.3,657.17 2 0
backend.juicedbot.io/juiced.infrastructure/database/profiles.go:666.3,666.31 1 0
backend.juicedbot.io/juiced.infrastructure/database/profiles.go:680.3,680.30 1 0
backend.juicedbot.io/juiced.infrastructure/database/profiles.go:694.3,694.30 1 0
backend.juicedbot.io/juiced.infrastructure/database/profiles.go:708.3,708.30 1 0
backend.juicedbot.io/juiced.infrastructure/database/profiles.go:722.3,722.26 1 0
backend.juicedbot.io/juiced.infrastructure/database/profiles.go:737.3,737.29 1 0
backend.juicedbot.io/juiced.infrastructure/database/profiles.go:751.3,751.31 1 0
backend.juicedbot.io/juiced.infrastructure/database/profiles.go:765.3,765.33 1 0
backend.juicedbot.io/juiced.infrastructure/database/profiles.go:589.17,591.4 1 0
backend.juicedbot.io/juiced.infrastructure/database/profiles.go:594.17,596.4 1 0
backend.juicedbot.io/juiced.infrastructure/database/profiles.go:596.9,598.18 2 0
backend.juicedbot.io/juiced.infrastructure/database/profiles.go:598.18,600.5 1 0
backend.juicedbot.io/juiced.infrastructure/database/profiles.go:603.17,605.4 1 0
backend.juicedbot.io/juiced.infrastructure/database/profiles.go:605.9,607.18 2 0
backend.juicedbot.io/juiced.infrastructure/database/profiles.go:607.18,609.5 1 0
backend.juicedbot.io/juiced.infrastructure/database/profiles.go:612.17,614.4 1 0
backend.juicedbot.io/juiced.infrastructure/database/profiles.go:614.9,616.18 2 0
backend.juicedbot.io/juiced.infrastructure/database/profiles.go:616.18,618.5 1 0
backend.juicedbot.io/juiced.infrastructure/database/profiles.go:621.17,623.4 1 0
backend.juicedbot.io/juiced.infrastructure/database/profiles.go:623.9,625.18 2 0
backend.juicedbot.io/juiced.infrastructure/database/profiles.go:625.18,627.5 1 0
backend.juicedbot.io/juiced.infrastructure/database/profiles.go:630.17,632.4 1 0
backend.juicedbot.io/juiced.infrastructure/database/profiles.go:632.9,634.18 2 0
backend.juicedbot.io/juiced.infrastructure/database/profiles.go:634.18,636.5 1 0
backend.juicedbot.io/juiced.infrastructure/database/profiles.go:639.17,641.4 1 0
backend.juicedbot.io/juiced.infrastructure/database/profiles.go:641.9,643.18 2 0
backend.juicedbot.io/juiced.infrastructure/database/profiles.go:643.18,645.5 1 0
backend.juicedbot.io/juiced.infrastructure/database/profiles.go:648.17,650.4 1 0
backend.juicedbot.io/juiced.infrastructure/database/profiles.go:650.9,652.18 2 0
backend.juicedbot.io/juiced.infrastructure/database/profiles.go:652.18,654.5 1 0
backend.juicedbot.io/juiced.infrastructure/database/profiles.go:657.17,659.4 1 0
backend.juicedbot.io/juiced.infrastructure/database/profiles.go:659.9,661.18 2 0
backend.juicedbot.io/juiced.infrastructure/database/profiles.go:661.18,663.5 1 0
backend.juicedbot.io/juiced.infrastructure/database/profiles.go:666.31,667.14 1 0
backend.juicedbot.io/juiced.infrastructure/database/profiles.go:667.14,668.9 1 0
backend.juicedbot.io/juiced.infrastructure/database/profiles.go:668.9,670.20 2 0
backend.juicedbot.io/juiced.infrastructure/database/profiles.go:670.20,672.15 2 0
backend.juicedbot.io/juiced.infrastructure/database/profiles.go:673.12,674.12 1 0
backend.juicedbot.io/juiced.infrastructure/database/profiles.go:680.30,681.14 1 0
backend.juicedbot.io/juiced.infrastructure/database/profiles.go:681.14,682.9 1 0
backend.juicedbot.io/juiced.infrastructure/database/profiles.go:682.9,684.20 2 0
backend.juicedbot.io/juiced.infrastructure/database/profiles.go:684.20,686.15 2 0
backend.juicedbot.io/juiced.infrastructure/database/profiles.go:687.12,688.12 1 0
backend.juicedbot.io/juiced.infrastructure/database/profiles.go:694.30,695.14 1 0
backend.juicedbot.io/juiced.infrastructure/database/profiles.go:695.14,696.9 1 0
backend.juicedbot.io/juiced.infrastructure/database/profiles.go:696.9,698.20 2 0
backend.juicedbot.io/juiced.infrastructure/database/profiles.go:698.20,700.15 2 0
backend.juicedbot.io/juiced.infrastructure/database/profiles.go:701.12,702.12 1 0
backend.juicedbot.io/juiced.infrastructure/database/profiles.go:708.30,709.14 1 0
backend.juicedbot.io/juiced.infrastructure/database/profiles.go:709.14,710.9 1 0
backend.juicedbot.io/juiced.infrastructure/database/profiles.go:710.9,712.20 2 0
backend.juicedbot.io/juiced.infrastructure/database/profiles.go:712.20,714.15 2 0
backend.juicedbot.io/juiced.infrastructure/database/profiles.go:715.12,716.12 1 0
backend.juicedbot.io/juiced.infrastructure/database/profiles.go:722.26,723.14 1 0
backend.juicedbot.io/juiced.infrastructure/database/profiles.go:723.14,724.9 1 0
backend.juicedbot.io/juiced.infrastructure/database/profiles.go:724.9,726.20 2 0
backend.juicedbot.io/juiced.infrastructure/database/profiles.go:726.20,728.15 2 0
backend.juicedbot.io/juiced.infrastructure/database/profiles.go:729.12,730.12 1 0
backend.juicedbot.io/juiced.infrastructure/database/profiles.go:737.29,738.14 1 0
backend.juicedbot.io/juiced.infrastructure/database/profiles.go:738.14,739.9 1 0
backend.juicedbot.io/juiced.infrastructure/database/profiles.go:739.9,741.20 2 0
backend.juicedbot.io/juiced.infrastructure/database/profiles.go:741.20,743.15 2 0
backend.juicedbot.io/juiced.infrastructure/database/profiles.go:744.12,745.12 1 0
backend.juicedbot.io/juiced.infrastructure/database/profiles.go:751.31,752.14 1 0
backend.juicedbot.io/juiced.infrastructure/database/profiles.go:752.14,753.9 1 0
backend.juicedbot.io/juiced.infrastructure/database/profiles.go:753.9,755.20 2 0
backend.juicedbot.io/juiced.infrastructure/database/profiles.go:755.20,757.15 2 0
backend.juicedbot.io/juiced.infrastructure/database/profiles.go:758.12,759.12 1 0
backend.juicedbot.io/juiced.infrastructure/database/profiles.go:765.33,766.14 1 0
backend.juicedbot.io/juiced.infrastructure/database/profiles.go:766.14,767.9 1 0
backend.juicedbot.io/juiced.infrastructure/database/profiles.go:767.9,769.20 2 0
backend.juicedbot.io/juiced.infrastructure/database/profiles.go:769.20,771.15 2 0
backend.juicedbot.io/juiced.infrastructure/database/profiles.go:772.12,773.12 1 0
backend.juicedbot.io/juiced.infrastructure/database/profiles.go:784.66,785.21 1 0
backend.juicedbot.io/juiced.infrastructure/database/profiles.go:789.2,790.16 2 0
backend.juicedbot.io/juiced.infrastructure/database/profiles.go:793.2,794.16 2 0
backend.juicedbot.io/juiced.infrastructure/database/profiles.go:798.2,799.18 2 0
backend.juicedbot.io/juiced.infrastructure/database/profiles.go:953.2,953.21 1 0
backend.juicedbot.io/juiced.infrastructure/database/profiles.go:785.21,787.3 1 0
backend.juicedbot.io/juiced.infrastructure/database/profiles.go:790.16,792.3 1 0
backend.juicedbot.io/juiced.infrastructure/database/profiles.go:794.16,796.3 1 0
backend.juicedbot.io/juiced.infrastructure/database/profiles.go:799.18,808.17 8 0
backend.juicedbot.io/juiced.infrastructure/database/profiles.go:812.3,813.17 2 0
backend.juicedbot.io/juiced.infrastructure/database/profiles.go:821.3,822.17 2 0
backend.juicedbot.io/juiced.infrastructure/database/profiles.go:830.3,831.17 2 0
backend.juicedbot.io/juiced.infrastructure/database/profiles.go:839.3,840.17 2 0
backend.juicedbot.io/juiced.infrastructure/database/profiles.go:848.3,849.17 2 0
backend.juicedbot.io/juiced.infrastructure/database/profiles.go:857.3,858.17 2 0
backend.juicedbot.io/juiced.infrastructure/database/profiles.go:867.3,867.36 1 0
backend.juicedbot.io/juiced.infrastructure/database/profiles.go:881.3,881.32 1 0
backend.juicedbot.io/juiced.infrastructure/database/profiles.go:895.3,895.30 1 0
backend.juicedbot.io/juiced.infrastructure/database/profiles.go:909.3,909.29 1 0
backend.juicedbot.io/juiced.infrastructure/database/profiles.go:923.3,923.25 1 0
backend.juicedbot.io/juiced.infrastructure/database/profiles.go:938.3,938.30 1 0
backend.juicedbot.io/juiced.infrastructure/database/profiles.go:808.17,810.4 1 0
backend.juicedbot.io/juiced.infrastructure/database/profiles.go:813.17,815.4 1 0
backend.juicedbot.io/juiced.infrastructure/database/profiles.go:815.9,817.18 2 0
backend.juicedbot.io/juiced.infrastructure/database/profiles.go:817.18,819.5 1 0
backend.juicedbot.io/juiced.infrastructure/database/profiles.go:822.17,824.4 1 0
backend.juicedbot.io/juiced.infrastructure/database/profiles.go:824.9,826.18 2 0
backend.juicedbot.io/juiced.infrastructure/database/profiles.go:826.18,828.5 1 0
backend.juicedbot.io/juiced.infrastructure/database/profiles.go:831.17,833.4 1 0
backend.juicedbot.io/juiced.infrastructure/database/profiles.go:833.9,835.18 2 0
backend.juicedbot.io/juiced.infrastructure/database/profiles.go:835.18,837.5 1 0
backend.juicedbot.io/juiced.infrastructure/database/profiles.go:840.17,842.4 1 0
backend.juicedbot.io/juiced.infrastructure/database/profiles.go:842.9,844.18 2 0
backend.juicedbot.io/juiced.infrastructure/database/profiles.go:844.18,846.5 1 0
backend.juicedbot.io/juiced.infrastructure/database/profiles.go:849.17,851.4 1 0
backend.juicedbot.io/juiced.infrastructure/database/profiles.go:851.9,853.18 2 0
backend.juicedbot.io/juiced.infrastructure/database/profiles.go:853.18,855.5 1 0
backend.juicedbot.io/juiced.infrastructure/database/profiles.go:858.17,860.4 1 0
backend.juicedbot.io/juiced.infrastructure/database/profiles.go:860.9,862.18 2 0
backend.juicedbot.io/juiced.infrastructure/database/profiles.go:862.18,864.5 1 0
backend.juicedbot.io/juiced.infrastructure/database/profiles.go:867.36,868.14 1 0
backend.juicedbot.io/juiced.infrastructure/database/profiles.go:868.14,869.9 1 0
backend.juicedbot.io/juiced.infrastructure/database/profiles.go:869.9,871.20 2 0
backend.juicedbot.io/juiced.infrastructure/database/profiles.go:871.20,873.15 2 0
backend.juicedbot.io/juiced.infrastructure/database/profiles.go:874.12,875.12 1 0
backend.juicedbot.io/juiced.infrastructure/database/profiles.go:881.32,882.14 1 0
backend.juicedbot.io/juiced.infrastructure/database/profiles.go:882.14,883.9 1 0
backend.juicedbot.io/juiced.infrastructure/database/profiles.go:883.9,885.20 2 0
backend.juicedbot.io/juiced.infrastructure/database/profiles.go:885.20,887.15 2 0
backend.juicedbot.io/juiced.infrastructure/database/profiles.go:888.12,889.12 1 0
backend.juicedbot.io/juiced.infrastructure/database/profiles.go:895.30,896.14 1 0
backend.juicedbot.io/juiced.infrastructure/database/profiles.go:896.14,897.9 1 0
backend.juicedbot.io/juiced.infrastructure/database/profiles.go:897.9,899.20 2 0
backend.juicedbot.io/juiced.infrastructure/database/profiles.go:899.20,901.15 2 0
backend.juicedbot.io/juiced.infrastructure/database/profiles.go:902.12,903.12 1 0
backend.juicedbot.io/juiced.infrastructure/database/profiles.go:909.29,910.14 1 0
backend.juicedbot.io/juiced.infrastructure/database/profiles.go:910.14,911.9 1 0
backend.juicedbot.io/juiced.infrastructure/database/profiles.go:911.9,913.20 2 0
backend.juicedbot.io/juiced.infrastructure/database/profiles.go:913.20,915.15 2 0
backend.juicedbot.io/juiced.infrastructure/database/profiles.go:916.12,917.12 1 0
backend.juicedbot.io/juiced.infrastructure/database/profiles.go:923.25,924.14 1 0
backend.juicedbot.io/juiced.infrastructure/database/profiles.go:924.14,925.9 1 0
backend.juicedbot.io/juiced.infrastructure/database/profiles.go:925.9,927.20 2 0
backend.juicedbot.io/juiced.infrastructure/database/profiles.go:927.20,929.15 2 0
backend.juicedbot.io/juiced.infrastructure/database/profiles.go:930.12,931.12 1 0
backend.juicedbot.io/juiced.infrastructure/database/profiles.go:938.30,939.14 1 0
backend.juicedbot.io/juiced.infrastructure/database/profiles.go:939.14,940.9 1 0
backend.juicedbot.io/juiced.infrastructure/database/profiles.go:940.9,942.20 2 0
backend.juicedbot.io/juiced.infrastructure/database/profiles.go:942.20,944.15 2 0
backend.juicedbot.io/juiced.infrastructure/database/profiles.go:945.12,946.12 1 0
backend.juicedbot.io/juiced.infrastructure/database/profiles.go:956.73,957.21 1 0
backend.juicedbot.io/juiced.infrastructure/database/profiles.go:961.2,961.41 1 0
backend.juicedbot.io/juiced.infrastructure/database/profiles.go:965.2,971.16 3 0
backend.juicedbot.io/juiced.infrastructure/database/profiles.go:980.2,981.16 2 0
backend.juicedbot.io/juiced.infrastructure/database/profiles.go:990.2,990.26 1 0
backend.juicedbot.io/juiced.infrastructure/database/profiles.go:1003.2,1003.32 1 0
backend.juicedbot.io/juiced.infrastructure/database/profiles.go:1017.2,1018.16 2 0
backend.juicedbot.io/juiced.infrastructure/database/profiles.go:1021.2,1022.16 2 0
backend.juicedbot.io/juiced.infrastructure/database/profiles.go:1026.2,1026.25 1 0
backend.juicedbot.io/juiced.infrastructure/database/profiles.go:957.21,959.3 1 0
backend.juicedbot.io/juiced.infrastructure/database/profiles.go:961.41,963.3 1 0
backend.juicedbot.io/juiced.infrastructure/database/profiles.go:971.16,973.3 1 0
backend.juicedbot.io/juiced.infrastructure/database/profiles.go:973.8,975.17 2 0
backend.juicedbot.io/juiced.infrastructure/database/profiles.go:975.17,977.4 1 0
backend.juicedbot.io/juiced.infrastructure/database/profiles.go:981.16,983.3 1 0
backend.juicedbot.io/juiced.infrastructure/database/profiles.go:983.8,985.17 2 0
backend.juicedbot.io/juiced.infrastructure/database/profiles.go:985.17,987.4 1 0
backend.juicedbot.io/juiced.infrastructure/database/profiles.go:990.26,991.13 1 0
backend.juicedbot.io/juiced.infrastructure/database/profiles.go:991.13,992.8 1 0
backend.juicedbot.io/juiced.infrastructure/database/profiles.go:992.8,994.19 2 0
backend.juicedbot.io/juiced.infrastructure/database/profiles.go:994.19,996.14 2 0
backend.juicedbot.io/juiced.infrastructure/database/profiles.go:997.11,998.11 1 0
backend.juicedbot.io/juiced.infrastructure/database/profiles.go:1003.32,1004.13 1 0
backend.juicedbot.io/juiced.infrastructure/database/profiles.go:1004.13,1005.8 1 0
backend.juicedbot.io/juiced.infrastructure/database/profiles.go:1005.8,1007.19 2 0
backend.juicedbot.io/juiced.infrastructure/database/profiles.go:1007.19,1009.14 2 0
backend.juicedbot.io/juiced.infrastructure/database/profiles.go:1010.11,1011.11 1 0
backend.juicedbot.io/juiced.infrastructure/database/profiles.go:1018.16,1020.3 1 0
backend.juicedbot.io/juiced.infrastructure/database/profiles.go:1022.16,1024.3 1 0
backend.juicedbot.io/juiced.infrastructure/database/proxies.go:5.78,6.21 1 0
backend.juicedbot.io/juiced.infrastructure/database/proxies.go:10.2,11.16 2 0
backend.juicedbot.io/juiced.infrastructure/database/proxies.go:14.2,15.16 2 0
backend.juicedbot.io/juiced.infrastructure/database/proxies.go:19.2,20.18 2 0
backend.juicedbot.io/juiced.infrastructure/database/proxies.go:29.2,29.24 1 0
backend.juicedbot.io/juiced.infrastructure/database/proxies.go:6.21,8.3 1 0
backend.juicedbot.io/juiced.infrastructure/database/proxies.go:11.16,13.3 1 0
backend.juicedbot.io/juiced.infrastructure/database/proxies.go:15.16,17.3 1 0
backend.juicedbot.io/juiced.infrastructure/database/proxies.go:20.18,23.17 3 0
backend.juicedbot.io/juiced.infrastructure/database/proxies.go:26.3,26.62 1 0
backend.juicedbot.io/juiced.infrastructure/database/proxies.go:23.17,25.4 1 0
backend.juicedbot.io/juiced.antibot/datadome/datadome.go:19.149,23.15 4 0
backend.juicedbot.io/juiced.antibot/datadome/datadome.go:27.2,28.12 2 0
backend.juicedbot.io/juiced.antibot/datadome/datadome.go:44.2,45.16 2 0
backend.juicedbot.io/juiced.antibot/datadome/datadome.go:48.2,53.16 5 0
backend.juicedbot.io/juiced.antibot/datadome/datadome.go:57.2,58.33 2 0
backend.juicedbot.io/juiced.antibot/datadome/datadome.go:64.2,64.28 1 0
backend.juicedbot.io/juiced.antibot/datadome/datadome.go:68.2,69.16 2 0
backend.juicedbot.io/juiced.antibot/datadome/datadome.go:72.2,72.12 1 0
backend.juicedbot.io/juiced.antibot/datadome/datadome.go:23.15,25.3 1 0
backend.juicedbot.io/juiced.antibot/datadome/datadome.go:28.12,29.7 1 0
backend.juicedbot.io/juiced.antibot/datadome/datadome.go:29.7,30.11 1 0
backend.juicedbot.io/juiced.antibot/datadome/datadome.go:40.4,40.31 1 0
backend.juicedbot.io/juiced.antibot/datadome/datadome.go:31.16,32.11 1 0
backend.juicedbot.io/juiced.antibot/datadome/datadome.go:33.12,35.19 2 0
backend.juicedbot.io/juiced.antibot/datadome/datadome.go:35.19,38.6 2 0
backend.juicedbot.io/juiced.antibot/datadome/datadome.go:45.16,47.3 1 0
backend.juicedbot.io/juiced.antibot/datadome/datadome.go:53.16,55.3 1 0
backend.juicedbot.io/juiced.antibot/datadome/datadome.go:58.33,59.32 1 0
backend.juicedbot.io/juiced.antibot/datadome/datadome.go:59.32,61.4 1 0
backend.juicedbot.io/juiced.antibot/datadome/datadome.go:64.28,66.3 1 0
backend.juicedbot.io/juiced.antibot/datadome/datadome.go:69.16,71.3 1 0
backend.juicedbot.io/juiced.antibot/datadome/datadome.go:75.222,85.47 3 0
backend.juicedbot.io/juiced.antibot/datadome/datadome.go:88.2,89.16 2 0
backend.juicedbot.io/juiced.antibot/datadome/datadome.go:92.2,92.19 1 0
backend.juicedbot.io/juiced.antibot/datadome/datadome.go:100.2,101.9 2 0
backend.juicedbot.io/juiced.antibot/datadome/datadome.go:105.2,138.16 3 0
backend.juicedbot.io/juiced.antibot/datadome/datadome.go:142.2,142.28 1 0
backend.juicedbot.io/juiced.antibot/datadome/datadome.go:146.2,153.16 4 0
backend.juicedbot.io/juiced.antibot/datadome/datadome.go:157.2,158.42 1 0
backend.juicedbot.io/juiced.antibot/datadome/datadome.go:161.2,162.16 2 0
backend.juicedbot.io/juiced.antibot/datadome/datadome.go:166.2,177.39 4 0
backend.juicedbot.io/juiced.antibot/datadome/datadome.go:182.2,184.12 3 0
backend.juicedbot.io/juiced.antibot/datadome/datadome.go:85.47,87.3 1 0
backend.juicedbot.io/juiced.antibot/datadome/datadome.go:89.16,91.3 1 0
backend.juicedbot.io/juiced.antibot/datadome/datadome.go:92.19,93.31 1 0
backend.juicedbot.io/juiced.antibot/datadome/datadome.go:96.3,97.35 2 0
backend.juicedbot.io/juiced.antibot/datadome/datadome.go:93.31,95.4 1 0
backend.juicedbot.io/juiced.antibot/datadome/datadome.go:101.9,103.3 1 0
backend.juicedbot.io/juiced.antibot/datadome/datadome.go:138.16,140.3 1 0
backend.juicedbot.io/juiced.antibot/datadome/datadome.go:142.28,144.3 1 0
backend.juicedbot.io/juiced.antibot/datadome/datadome.go:153.16,155.3 1 0
backend.juicedbot.io/juiced.antibot/datadome/datadome.go:158.42,160.3 1 0
backend.juicedbot.io/juiced.antibot/datadome/datadome.go:162.16,164.3 1 0
backend.juicedbot.io/juiced.antibot/datadome/datadome.go:177.39,178.35 1 0
backend.juicedbot.io/juiced.antibot/datadome/datadome.go:178.35,180.4 1 0
backend.juicedbot.io/juiced.infrastructure/captcha/aycd.go:14.23,16.112 1 0
backend.juicedbot.io/juiced.infrastructure/captcha/aycd.go:50.2,50.136 1 0
backend.juicedbot.io/juiced.infrastructure/captcha/aycd.go:55.2,55.78 1 0
backend.juicedbot.io/juiced.infrastructure/captcha/aycd.go:60.2,60.62 1 0
backend.juicedbot.io/juiced.infrastructure/captcha/aycd.go:64.2,64.108 1 0
backend.juicedbot.io/juiced.infrastructure/captcha/aycd.go:16.112,18.40 2 0
backend.juicedbot.io/juiced.infrastructure/captcha/aycd.go:33.3,42.28 5 0
backend.juicedbot.io/juiced.infrastructure/captcha/aycd.go:18.40,25.4 1 0
backend.juicedbot.io/juiced.infrastructure/captcha/aycd.go:42.28,44.4 1 0
backend.juicedbot.io/juiced.infrastructure/captcha/aycd.go:44.9,46.4 1 0
backend.juicedbot.io/juiced.infrastructure/captcha/aycd.go:50.137,52.3 0 0
backend.juicedbot.io/juiced.infrastructure/captcha/aycd.go:55.78,57.3 1 0
backend.juicedbot.io/juiced.infrastructure/captcha/aycd.go:60.63,62.3 0 0
backend.juicedbot.io/juiced.infrastructure/captcha/aycd.go:67.54,69.16 2 0
backend.juicedbot.io/juiced.infrastructure/captcha/aycd.go:73.2,73.16 1 0
backend.juicedbot.io/juiced.infrastructure/captcha/aycd.go:86.2,86.12 1 0
backend.juicedbot.io/juiced.infrastructure/captcha/aycd.go:69.16,71.3 1 0
backend.juicedbot.io/juiced.infrastructure/captcha/aycd.go:74.25,75.13 1 0
backend.juicedbot.io/juiced.infrastructure/captcha/aycd.go:76.33,77.42 1 0
backend.juicedbot.io/juiced.infrastructure/captcha/aycd.go:78.36,79.44 1 0
backend.juicedbot.io/juiced.infrastructure/captcha/aycd.go:80.31,81.39 1 0
backend.juicedbot.io/juiced.infrastructure/captcha/aycd.go:82.36,83.43 1 0
backend.juicedbot.io/juiced.infrastructure/captcha/captcha-store.go:32.50,42.2 1 0
backend.juicedbot.io/juiced.infrastructure/captcha/captcha-store.go:45.38,47.2 1 0
backend.juicedbot.io/juiced.infrastructure/captcha/captcha-store.go:51.182,53.21 2 0
backend.juicedbot.io/juiced.infrastructure/captcha/captcha-store.go:158.2,158.17 1 0
backend.juicedbot.io/juiced.infrastructure/captcha/captcha-store.go:54.25,56.36 2 0
backend.juicedbot.io/juiced.infrastructure/captcha/captcha-store.go:64.3,65.36 2 0
backend.juicedbot.io/juiced.infrastructure/captcha/captcha-store.go:74.3,76.10 3 0
backend.juicedbot.io/juiced.infrastructure/captcha/captcha-store.go:86.3,86.28 1 0
backend.juicedbot.io/juiced.infrastructure/captcha/captcha-store.go:89.3,89.68 1 0
backend.juicedbot.io/juiced.infrastructure/captcha/captcha-store.go:90.25,92.36 2 0
backend.juicedbot.io/juiced.infrastructure/captcha/captcha-store.go:100.3,101.36 2 0
backend.juicedbot.io/juiced.infrastructure/captcha/captcha-store.go:110.3,112.10 3 0
backend.juicedbot.io/juiced.infrastructure/captcha/captcha-store.go:122.3,122.28 1 0
backend.juicedbot.io/juiced.infrastructure/captcha/captcha-store.go:126.3,126.86 1 0
backend.juicedbot.io/juiced.infrastructure/captcha/captcha-store.go:127.22,129.36 2 0
backend.juicedbot.io/juiced.infrastructure/captcha/captcha-store.go:138.3,140.10 3 0
backend.juicedbot.io/juiced.infrastructure/captcha/captcha-store.go:150.3,150.28 1 0
backend.juicedbot.io/juiced.infrastructure/captcha/captcha-store.go:153.3,153.65 1 0
backend.juicedbot.io/juiced.infrastructure/captcha/captcha-store.go:154.28,154.28 0 0
backend.juicedbot.io/juiced.infrastructure/captcha/captcha-store.go:56.36,57.54 1 0
backend.juicedbot.io/juiced.infrastructure/captcha/captcha-store.go:57.54,62.5 3 0
backend.juicedbot.io/juiced.infrastructure/captcha/captcha-store.go:65.36,66.54 1 0
backend.juicedbot.io/juiced.infrastructure/captcha/captcha-store.go:66.54,71.5 3 0
backend.juicedbot.io/juiced.infrastructure/captcha/captcha-store.go:76.10,78.25 1 0
backend.juicedbot.io/juiced.infrastructure/captcha/captcha-store.go:78.25,80.5 1 0
backend.juicedbot.io/juiced.infrastructure/captcha/captcha-store.go:80.10,82.5 1 0
backend.juicedbot.io/juiced.infrastructure/captcha/captcha-store.go:83.9,85.4 1 0
backend.juicedbot.io/juiced.infrastructure/captcha/captcha-store.go:86.28,88.4 1 0
backend.juicedbot.io/juiced.infrastructure/captcha/captcha-store.go:92.36,93.54 1 0
backend.juicedbot.io/juiced.infrastructure/captcha/captcha-store.go:93.54,98.5 3 0
backend.juicedbot.io/juiced.infrastructure/captcha/captcha-store.go:101.36,102.54 1 0
backend.juicedbot.io/juiced.infrastructure/captcha/captcha-store.go:102.54,107.5 3 0
backend.juicedbot.io/juiced.infrastructure/captcha/captcha-store.go:112.10,114.25 1 0
backend.juicedbot.io/juiced.infrastructure/captcha/captcha-store.go:114.25,116.5 1 0
backend.juicedbot.io/juiced.infrastructure/captcha/captcha-store.go:116.10,118.5 1 0
backend.juicedbot.io/juiced.infrastructure/captcha/captcha-store.go:119.9,121.4 1 0
backend.juicedbot.io/juiced.infrastructure/captcha/captcha-store.go:122.28,124.4 1 0
backend.juicedbot.io/juiced.infrastructure/captcha/captcha-store.go:129.36,130.54 1 0
backend.juicedbot.io/juiced.infrastructure/captcha/captcha-store.go:130.54,135.5 3 0
backend.juicedbot.io/juiced.infrastructure/captcha/captcha-store.go:140.10,142.25 1 0
backend.juicedbot.io/juiced.infrastructure/captcha/captcha-store.go:142.25,144.5 1 0
backend.juicedbot.io/juiced.infrastructure/captcha/captcha-store.go:144.10,146.5 1 0
backend.juicedbot.io/juiced.infrastructure/captcha/captcha-store.go:147.9,149.4 1 0
backend.juicedbot.io/juiced.infrastructure/captcha/captcha-store.go:150.28,152.4 1 0
backend.juicedbot.io/juiced.infrastructure/captcha/captcha-store.go:162.126,163.21 1 0
backend.juicedbot.io/juiced.infrastructure/captcha/captcha-store.go:216.2,216.12 1 0
backend.juicedbot.io/juiced.infrastructure/captcha/captcha-store.go:164.25,166.36 2 0
backend.juicedbot.io/juiced.infrastructure/captcha/captcha-store.go:174.3,175.36 2 0
backend.juicedbot.io/juiced.infrastructure/captcha/captcha-store.go:183.25,185.36 2 0
backend.juicedbot.io/juiced.infrastructure/captcha/captcha-store.go:193.3,194.36 2 0
backend.juicedbot.io/juiced.infrastructure/captcha/captcha-store.go:202.22,204.36 2 0
backend.juicedbot.io/juiced.infrastructure/captcha/captcha-store.go:212.28,212.28 0 0
backend.juicedbot.io/juiced.infrastructure/captcha/captcha-store.go:166.36,167.54 1 0
backend.juicedbot.io/juiced.infrastructure/captcha/captcha-store.go:167.54,172.5 3 0
backend.juicedbot.io/juiced.infrastructure/captcha/captcha-store.go:175.36,176.54 1 0
backend.juicedbot.io/juiced.infrastructure/captcha/captcha-store.go:176.54,181.5 3 0
backend.juicedbot.io/juiced.infrastructure/captcha/captcha-store.go:185.36,186.54 1 0
backend.juicedbot.io/juiced.infrastructure/captcha/captcha-store.go:186.54,191.5 3 0
backend.juicedbot.io/juiced.infrastructure/captcha/captcha-store.go:194.36,195.54 1 0
backend.juicedbot.io/juiced.infrastructure/captcha/captcha-store.go:195.54,200.5 3 0
backend.juicedbot.io/juiced.infrastructure/captcha/captcha-store.go:204.36,205.54 1 0
backend.juicedbot.io/juiced.infrastructure/captcha/captcha-store.go:205.54,210.5 3 0
backend.juicedbot.io/juiced.infrastructure/captcha/captcha-store.go:220.111,222.16 2 0
backend.juicedbot.io/juiced.infrastructure/captcha/captcha-store.go:225.2,230.42 5 0
backend.juicedbot.io/juiced.infrastructure/captcha/captcha-store.go:389.2,390.16 2 0
backend.juicedbot.io/juiced.infrastructure/captcha/captcha-store.go:393.2,394.12 2 0
backend.juicedbot.io/juiced.infrastructure/captcha/captcha-store.go:222.16,224.3 1 0
backend.juicedbot.io/juiced.infrastructure/captcha/captcha-store.go:230.42,231.18 1 0
backend.juicedbot.io/juiced.infrastructure/captcha/captcha-store.go:232.19,233.14 1 0
backend.juicedbot.io/juiced.infrastructure/captcha/captcha-store.go:267.34,268.14 1 0
backend.juicedbot.io/juiced.infrastructure/captcha/captcha-store.go:294.35,295.14 1 0
backend.juicedbot.io/juiced.infrastructure/captcha/captcha-store.go:343.34,344.14 1 0
backend.juicedbot.io/juiced.infrastructure/captcha/captcha-store.go:233.14,237.84 3 0
backend.juicedbot.io/juiced.infrastructure/captcha/captcha-store.go:244.5,244.42 1 0
backend.juicedbot.io/juiced.infrastructure/captcha/captcha-store.go:248.5,249.45 2 0
backend.juicedbot.io/juiced.infrastructure/captcha/captcha-store.go:252.5,252.53 1 0
backend.juicedbot.io/juiced.infrastructure/captcha/captcha-store.go:257.5,265.41 2 0
backend.juicedbot.io/juiced.infrastructure/captcha/captcha-store.go:237.84,239.48 2 0
backend.juicedbot.io/juiced.infrastructure/captcha/captcha-store.go:239.48,241.7 1 0
backend.juicedbot.io/juiced.infrastructure/captcha/captcha-store.go:244.42,246.6 1 0
backend.juicedbot.io/juiced.infrastructure/captcha/captcha-store.go:249.45,251.6 1 0
backend.juicedbot.io/juiced.infrastructure/captcha/captcha-store.go:252.53,254.6 1 0
backend.juicedbot.io/juiced.infrastructure/captcha/captcha-store.go:268.14,272.25 4 0
backend.juicedbot.io/juiced.infrastructure/captcha/captcha-store.go:275.5,277.19 3 0
backend.juicedbot.io/juiced.infrastructure/captcha/captcha-store.go:288.5,292.7 1 0
backend.juicedbot.io/juiced.infrastructure/captcha/captcha-store.go:272.25,274.6 1 0
backend.juicedbot.io/juiced.infrastructure/captcha/captcha-store.go:277.19,279.92 2 0
backend.juicedbot.io/juiced.infrastructure/captcha/captcha-store.go:286.6,286.12 1 0
backend.juicedbot.io/juiced.infrastructure/captcha/captcha-store.go:279.92,281.7 1 0
backend.juicedbot.io/juiced.infrastructure/captcha/captcha-store.go:281.12,281.52 1 0
backend.juicedbot.io/juiced.infrastructure/captcha/captcha-store.go:281.52,283.7 1 0
backend.juicedbot.io/juiced.infrastructure/captcha/captcha-store.go:283.12,285.7 1 0
backend.juicedbot.io/juiced.infrastructure/captcha/captcha-store.go:295.14,300.25 5 0
backend.juicedbot.io/juiced.infrastructure/captcha/captcha-store.go:308.5,311.34 4 0
[...]
backend.juicedbot.io/juiced.security/auth/util/helpers.go:1371.16,1373.3 1 0
backend.juicedbot.io/juiced.security/auth/util/helpers.go:1375.16,1377.3 1 0
backend.juicedbot.io/juiced.security/auth/util/helpers.go:1379.16,1381.3 1 0
backend.juicedbot.io/juiced.security/auth/util/helpers.go:1400.16,1402.3 1 0
backend.juicedbot.io/juiced.security/auth/util/helpers.go:1406.16,1408.3 1 0
backend.juicedbot.io/juiced.security/auth/util/helpers.go:1411.16,1413.3 1 0
backend.juicedbot.io/juiced.security/auth/util/helpers.go:1416.16,1418.3 1 0
backend.juicedbot.io/juiced.security/auth/util/helpers.go:1422.39,1423.63 1 0
backend.juicedbot.io/juiced.security/auth/util/helpers.go:1426.3,1426.107 1 0
backend.juicedbot.io/juiced.security/auth/util/helpers.go:1423.63,1425.4 1 0
backend.juicedbot.io/juiced.security/auth/util/helpers.go:1432.133,1438.16 4 0
backend.juicedbot.io/juiced.security/auth/util/helpers.go:1442.2,1443.16 2 0
backend.juicedbot.io/juiced.security/auth/util/helpers.go:1447.2,1448.16 2 0
backend.juicedbot.io/juiced.security/auth/util/helpers.go:1452.2,1458.38 2 0
backend.juicedbot.io/juiced.security/auth/util/helpers.go:1438.16,1440.3 1 0
backend.juicedbot.io/juiced.security/auth/util/helpers.go:1443.16,1445.3 1 0
backend.juicedbot.io/juiced.security/auth/util/helpers.go:1448.16,1450.3 1 0
backend.juicedbot.io/juiced.security/auth/util/helpers.go:1461.84,1463.16 2 0
backend.juicedbot.io/juiced.security/auth/util/helpers.go:1467.2,1467.49 1 0
backend.juicedbot.io/juiced.security/auth/util/helpers.go:1474.2,1474.28 1 0
backend.juicedbot.io/juiced.security/auth/util/helpers.go:1477.2,1477.39 1 0
backend.juicedbot.io/juiced.security/auth/util/helpers.go:1463.16,1465.3 1 0
backend.juicedbot.io/juiced.security/auth/util/helpers.go:1467.49,1469.17 2 0
backend.juicedbot.io/juiced.security/auth/util/helpers.go:1469.17,1471.4 1 0
backend.juicedbot.io/juiced.security/auth/util/helpers.go:1474.28,1476.3 1 0
backend.juicedbot.io/juiced.security/auth/util/util.go:13.72,15.61 2 0
backend.juicedbot.io/juiced.security/auth/util/util.go:18.2,18.17 1 0
backend.juicedbot.io/juiced.security/auth/util/util.go:32.2,32.60 1 0
backend.juicedbot.io/juiced.security/auth/util/util.go:15.61,17.3 1 0
backend.juicedbot.io/juiced.security/auth/util/util.go:18.17,31.3 2 0
backend.juicedbot.io/juiced.ws/server.go:19.75,19.90 1 0
backend.juicedbot.io/juiced.ws/server.go:35.54,37.12 2 0
backend.juicedbot.io/juiced.ws/server.go:44.2,47.33 4 0
backend.juicedbot.io/juiced.ws/server.go:37.12,43.3 5 0
backend.juicedbot.io/juiced.ws/server.go:51.64,54.16 3 0
backend.juicedbot.io/juiced.ws/server.go:57.2,62.57 5 0
backend.juicedbot.io/juiced.ws/server.go:69.2,69.6 1 0
backend.juicedbot.io/juiced.ws/server.go:54.16,56.3 1 0
backend.juicedbot.io/juiced.ws/server.go:62.57,67.3 3 0
backend.juicedbot.io/juiced.ws/server.go:69.6,71.17 2 0
backend.juicedbot.io/juiced.ws/server.go:71.17,72.59 1 0
backend.juicedbot.io/juiced.ws/server.go:76.4,76.9 1 0
backend.juicedbot.io/juiced.ws/server.go:72.59,74.5 1 0
backend.juicedbot.io/juiced.ws/server.go:77.9,80.18 3 0
backend.juicedbot.io/juiced.ws/server.go:80.18,82.5 1 0
backend.juicedbot.io/juiced.ws/server.go:97.46,100.6 3 0
backend.juicedbot.io/juiced.ws/server.go:100.6,109.42 2 0
backend.juicedbot.io/juiced.ws/server.go:114.3,114.47 1 0
backend.juicedbot.io/juiced.ws/server.go:109.42,110.17 1 0
backend.juicedbot.io/juiced.ws/server.go:110.17,112.5 1 0
backend.juicedbot.io/juiced.ws/server.go:114.47,116.4 1 0
backend.juicedbot.io/juiced.sitescripts/util/util.go:20.44,31.2 10 0
backend.juicedbot.io/juiced.sitescripts/util/util.go:33.66,36.20 3 0
backend.juicedbot.io/juiced.sitescripts/util/util.go:49.2,50.16 2 0
backend.juicedbot.io/juiced.sitescripts/util/util.go:53.2,54.21 2 0
backend.juicedbot.io/juiced.sitescripts/util/util.go:36.20,37.22 1 0
backend.juicedbot.io/juiced.sitescripts/util/util.go:37.22,40.18 3 0
backend.juicedbot.io/juiced.sitescripts/util/util.go:40.18,42.5 1 0
backend.juicedbot.io/juiced.sitescripts/util/util.go:43.9,45.4 1 0
backend.juicedbot.io/juiced.sitescripts/util/util.go:46.8,48.3 1 0
backend.juicedbot.io/juiced.sitescripts/util/util.go:50.16,52.3 1 0
backend.juicedbot.io/juiced.sitescripts/util/util.go:57.56,58.16 1 0
backend.juicedbot.io/juiced.sitescripts/util/util.go:76.2,76.13 1 0
backend.juicedbot.io/juiced.sitescripts/util/util.go:58.16,59.20 1 0
backend.juicedbot.io/juiced.sitescripts/util/util.go:73.3,74.15 2 0
backend.juicedbot.io/juiced.sitescripts/util/util.go:60.32,60.32 0 0
backend.juicedbot.io/juiced.sitescripts/util/util.go:62.27,62.27 0 0
backend.juicedbot.io/juiced.sitescripts/util/util.go:64.23,64.23 0 0
backend.juicedbot.io/juiced.sitescripts/util/util.go:66.29,66.29 0 0
backend.juicedbot.io/juiced.sitescripts/util/util.go:68.34,68.34 0 0
backend.juicedbot.io/juiced.sitescripts/util/util.go:70.26,70.26 0 0
backend.juicedbot.io/juiced.sitescripts/util/util.go:79.72,82.38 2 0
backend.juicedbot.io/juiced.sitescripts/util/util.go:85.2,85.29 1 0
backend.juicedbot.io/juiced.sitescripts/util/util.go:93.2,93.42 1 0
backend.juicedbot.io/juiced.sitescripts/util/util.go:104.2,106.9 3 0
backend.juicedbot.io/juiced.sitescripts/util/util.go:110.2,110.32 1 0
backend.juicedbot.io/juiced.sitescripts/util/util.go:113.2,113.35 1 0
backend.juicedbot.io/juiced.sitescripts/util/util.go:116.2,116.43 1 0
backend.juicedbot.io/juiced.sitescripts/util/util.go:120.2,120.38 1 0
backend.juicedbot.io/juiced.sitescripts/util/util.go:131.2,132.41 2 0
backend.juicedbot.io/juiced.sitescripts/util/util.go:137.2,138.9 2 0
backend.juicedbot.io/juiced.sitescripts/util/util.go:142.2,145.38 3 0
backend.juicedbot.io/juiced.sitescripts/util/util.go:157.2,158.9 2 0
backend.juicedbot.io/juiced.sitescripts/util/util.go:162.2,162.43 1 0
backend.juicedbot.io/juiced.sitescripts/util/util.go:169.2,172.31 3 0
backend.juicedbot.io/juiced.sitescripts/util/util.go:82.38,84.3 1 0
backend.juicedbot.io/juiced.sitescripts/util/util.go:85.29,86.39 1 0
backend.juicedbot.io/juiced.sitescripts/util/util.go:89.3,89.46 1 0
backend.juicedbot.io/juiced.sitescripts/util/util.go:86.39,88.4 1 0
backend.juicedbot.io/juiced.sitescripts/util/util.go:90.8,92.3 1 0
backend.juicedbot.io/juiced.sitescripts/util/util.go:93.42,96.10 3 0
backend.juicedbot.io/juiced.sitescripts/util/util.go:99.3,99.39 1 0
backend.juicedbot.io/juiced.sitescripts/util/util.go:102.3,102.34 1 0
backend.juicedbot.io/juiced.sitescripts/util/util.go:96.10,98.4 1 0
backend.juicedbot.io/juiced.sitescripts/util/util.go:99.39,101.4 1 0
backend.juicedbot.io/juiced.sitescripts/util/util.go:106.9,108.3 1 0
backend.juicedbot.io/juiced.sitescripts/util/util.go:110.32,112.3 1 0
backend.juicedbot.io/juiced.sitescripts/util/util.go:113.35,115.3 1 0
backend.juicedbot.io/juiced.sitescripts/util/util.go:116.43,118.3 1 0
backend.juicedbot.io/juiced.sitescripts/util/util.go:120.38,122.46 2 0
backend.juicedbot.io/juiced.sitescripts/util/util.go:125.3,125.44 1 0
backend.juicedbot.io/juiced.sitescripts/util/util.go:128.3,128.16 1 0
backend.juicedbot.io/juiced.sitescripts/util/util.go:122.46,124.4 1 0
backend.juicedbot.io/juiced.sitescripts/util/util.go:125.44,127.4 1 0
backend.juicedbot.io/juiced.sitescripts/util/util.go:132.41,134.3 1 0
backend.juicedbot.io/juiced.sitescripts/util/util.go:134.8,136.3 1 0
backend.juicedbot.io/juiced.sitescripts/util/util.go:138.9,140.3 1 0
backend.juicedbot.io/juiced.sitescripts/util/util.go:145.38,147.71 2 0
backend.juicedbot.io/juiced.sitescripts/util/util.go:150.3,151.47 2 0
backend.juicedbot.io/juiced.sitescripts/util/util.go:154.3,155.65 2 0
backend.juicedbot.io/juiced.sitescripts/util/util.go:147.71,149.4 1 0
backend.juicedbot.io/juiced.sitescripts/util/util.go:151.47,153.4 1 0
backend.juicedbot.io/juiced.sitescripts/util/util.go:158.9,160.3 1 0
backend.juicedbot.io/juiced.sitescripts/util/util.go:162.43,164.17 2 0
backend.juicedbot.io/juiced.sitescripts/util/util.go:164.17,166.4 1 0
backend.juicedbot.io/juiced.sitescripts/pokemoncenter/helpers.go:21.72,30.23 5 0
backend.juicedbot.io/juiced.sitescripts/pokemoncenter/helpers.go:30.23,32.3 1 0
backend.juicedbot.io/juiced.sitescripts/pokemoncenter/helpers.go:35.71,37.2 1 0
backend.juicedbot.io/juiced.sitescripts/pokemoncenter/helpers.go:39.54,40.22 1 0
backend.juicedbot.io/juiced.sitescripts/pokemoncenter/helpers.go:40.22,41.47 1 0
backend.juicedbot.io/juiced.sitescripts/pokemoncenter/helpers.go:41.47,45.4 3 0
backend.juicedbot.io/juiced.sitescripts/pokemoncenter/helpers.go:45.9,47.4 1 0
backend.juicedbot.io/juiced.sitescripts/pokemoncenter/helpers.go:52.70,57.16 4 0
backend.juicedbot.io/juiced.sitescripts/pokemoncenter/helpers.go:60.2,64.16 4 0
backend.juicedbot.io/juiced.sitescripts/pokemoncenter/helpers.go:68.2,88.23 16 0
backend.juicedbot.io/juiced.sitescripts/pokemoncenter/helpers.go:107.2,127.16 7 0
backend.juicedbot.io/juiced.sitescripts/pokemoncenter/helpers.go:131.2,131.78 1 0
backend.juicedbot.io/juiced.sitescripts/pokemoncenter/helpers.go:183.2,183.23 1 0
backend.juicedbot.io/juiced.sitescripts/pokemoncenter/helpers.go:57.16,59.3 1 0
backend.juicedbot.io/juiced.sitescripts/pokemoncenter/helpers.go:64.16,66.3 1 0
backend.juicedbot.io/juiced.sitescripts/pokemoncenter/helpers.go:89.14,90.21 1 0
backend.juicedbot.io/juiced.sitescripts/pokemoncenter/helpers.go:91.20,92.21 1 0
backend.juicedbot.io/juiced.sitescripts/pokemoncenter/helpers.go:93.14,94.21 1 0
backend.juicedbot.io/juiced.sitescripts/pokemoncenter/helpers.go:95.18,96.21 1 0
backend.juicedbot.io/juiced.sitescripts/pokemoncenter/helpers.go:97.16,98.21 1 0
backend.juicedbot.io/juiced.sitescripts/pokemoncenter/helpers.go:99.32,100.21 1 0
backend.juicedbot.io/juiced.sitescripts/pokemoncenter/helpers.go:101.13,102.21 1 0
backend.juicedbot.io/juiced.sitescripts/pokemoncenter/helpers.go:103.23,104.21 1 0
backend.juicedbot.io/juiced.sitescripts/pokemoncenter/helpers.go:127.16,129.3 1 0
backend.juicedbot.io/juiced.sitescripts/pokemoncenter/helpers.go:131.78,136.42 4 0
backend.juicedbot.io/juiced.sitescripts/pokemoncenter/helpers.go:140.3,142.10 2 0
backend.juicedbot.io/juiced.sitescripts/pokemoncenter/helpers.go:146.3,171.17 5 0
backend.juicedbot.io/juiced.sitescripts/pokemoncenter/helpers.go:174.3,177.17 3 0
backend.juicedbot.io/juiced.sitescripts/pokemoncenter/helpers.go:180.3,180.22 1 0
backend.juicedbot.io/juiced.sitescripts/pokemoncenter/helpers.go:136.42,138.4 1 0
backend.juicedbot.io/juiced.sitescripts/pokemoncenter/helpers.go:142.10,144.4 1 0
backend.juicedbot.io/juiced.sitescripts/pokemoncenter/helpers.go:171.17,173.4 1 0
backend.juicedbot.io/juiced.sitescripts/pokemoncenter/helpers.go:177.17,179.4 1 0
backend.juicedbot.io/juiced.sitescripts/pokemoncenter/helpers.go:186.57,189.16 3 0
backend.juicedbot.io/juiced.sitescripts/pokemoncenter/helpers.go:192.2,195.76 4 0
backend.juicedbot.io/juiced.sitescripts/pokemoncenter/helpers.go:198.2,198.25 1 0
backend.juicedbot.io/juiced.sitescripts/pokemoncenter/helpers.go:189.16,191.3 1 0
backend.juicedbot.io/juiced.sitescripts/pokemoncenter/helpers.go:195.76,197.3 1 0
backend.juicedbot.io/juiced.sitescripts/pokemoncenter/monitor.go:14.110,15.27 1 0
backend.juicedbot.io/juiced.sitescripts/pokemoncenter/monitor.go:23.2,23.111 1 0
backend.juicedbot.io/juiced.sitescripts/pokemoncenter/monitor.go:16.24,20.9 1 0
backend.juicedbot.io/juiced.sitescripts/pokemoncenter/monitor.go:26.75,47.16 3 0
backend.juicedbot.io/juiced.sitescripts/pokemoncenter/monitor.go:51.2,51.25 1 0
backend.juicedbot.io/juiced.sitescripts/pokemoncenter/monitor.go:86.2,86.25 1 0
backend.juicedbot.io/juiced.sitescripts/pokemoncenter/monitor.go:47.16,49.3 1 0
backend.juicedbot.io/juiced.sitescripts/pokemoncenter/monitor.go:52.11,54.17 2 0
backend.juicedbot.io/juiced.sitescripts/pokemoncenter/monitor.go:57.11,60.17 3 0
backend.juicedbot.io/juiced.sitescripts/pokemoncenter/monitor.go:64.3,68.17 5 0
backend.juicedbot.io/juiced.sitescripts/pokemoncenter/monitor.go:72.3,78.77 6 0
backend.juicedbot.io/juiced.sitescripts/pokemoncenter/monitor.go:81.3,81.55 1 0
backend.juicedbot.io/juiced.sitescripts/pokemoncenter/monitor.go:54.17,56.4 1 0
backend.juicedbot.io/juiced.sitescripts/pokemoncenter/monitor.go:60.17,62.4 1 0
backend.juicedbot.io/juiced.sitescripts/pokemoncenter/monitor.go:68.17,70.4 1 0
backend.juicedbot.io/juiced.sitescripts/pokemoncenter/monitor.go:78.77,80.4 1 0
backend.juicedbot.io/juiced.sitescripts/pokemoncenter/monitor.go:81.55,83.4 1 0
backend.juicedbot.io/juiced.sitescripts/pokemoncenter/task.go:21.63,24.63 2 0
backend.juicedbot.io/juiced.sitescripts/pokemoncenter/task.go:60.2,87.27 2 0
backend.juicedbot.io/juiced.sitescripts/pokemoncenter/task.go:24.63,41.3 1 0
backend.juicedbot.io/juiced.sitescripts/pokemoncenter/task.go:41.8,58.3 1 0
backend.juicedbot.io/juiced.sitescripts/pokemoncenter/task.go:90.62,99.61 2 0
backend.juicedbot.io/juiced.sitescripts/pokemoncenter/task.go:108.2,130.26 2 0
backend.juicedbot.io/juiced.sitescripts/pokemoncenter/task.go:99.61,106.3 1 0
backend.juicedbot.io/juiced.sitescripts/pokemoncenter/task.go:133.42,166.16 9 0
backend.juicedbot.io/juiced.sitescripts/pokemoncenter/task.go:170.2,170.25 1 0
backend.juicedbot.io/juiced.sitescripts/pokemoncenter/task.go:178.2,178.61 1 0
backend.juicedbot.io/juiced.sitescripts/pokemoncenter/task.go:166.16,168.3 1 0
backend.juicedbot.io/juiced.sitescripts/pokemoncenter/task.go:171.11,173.34 2 0
backend.juicedbot.io/juiced.sitescripts/pokemoncenter/task.go:174.11,175.61 1 0
backend.juicedbot.io/juiced.sitescripts/pokemoncenter/task.go:181.47,202.16 2 0
backend.juicedbot.io/juiced.sitescripts/pokemoncenter/task.go:206.2,206.25 1 0
backend.juicedbot.io/juiced.sitescripts/pokemoncenter/task.go:219.2,219.65 1 0
backend.juicedbot.io/juiced.sitescripts/pokemoncenter/task.go:202.16,204.3 1 0
backend.juicedbot.io/juiced.sitescripts/pokemoncenter/task.go:207.11,216.38 8 0
backend.juicedbot.io/juiced.sitescripts/pokemoncenter/task.go:222.54,247.16 3 0
backend.juicedbot.io/juiced.sitescripts/pokemoncenter/task.go:251.2,251.25 1 0
backend.juicedbot.io/juiced.sitescripts/pokemoncenter/task.go:257.2,257.74 1 0
backend.juicedbot.io/juiced.sitescripts/pokemoncenter/task.go:247.16,249.3 1 0
backend.juicedbot.io/juiced.sitescripts/pokemoncenter/task.go:252.11,254.18 2 0
backend.juicedbot.io/juiced.sitescripts/pokemoncenter/task.go:260.55,263.58 3 0
backend.juicedbot.io/juiced.sitescripts/pokemoncenter/task.go:270.2,270.17 1 0
backend.juicedbot.io/juiced.sitescripts/pokemoncenter/task.go:263.58,265.17 2 0
backend.juicedbot.io/juiced.sitescripts/pokemoncenter/task.go:268.3,268.75 1 0
backend.juicedbot.io/juiced.sitescripts/pokemoncenter/task.go:265.17,267.4 1 0
backend.juicedbot.io/juiced.sitescripts/pokemoncenter/task.go:273.50,296.16 2 0
backend.juicedbot.io/juiced.sitescripts/pokemoncenter/task.go:300.2,300.25 1 0
backend.juicedbot.io/juiced.sitescripts/pokemoncenter/task.go:310.2,310.74 1 0
backend.juicedbot.io/juiced.sitescripts/pokemoncenter/task.go:296.16,298.3 1 0
backend.juicedbot.io/juiced.sitescripts/pokemoncenter/task.go:301.11,303.17 2 0
backend.juicedbot.io/juiced.sitescripts/pokemoncenter/task.go:306.3,307.18 2 0
backend.juicedbot.io/juiced.sitescripts/pokemoncenter/task.go:303.17,305.4 1 0
backend.juicedbot.io/juiced.sitescripts/pokemoncenter/task.go:313.48,316.55 3 0
backend.juicedbot.io/juiced.sitescripts/pokemoncenter/task.go:324.2,324.46 1 0
backend.juicedbot.io/juiced.sitescripts/pokemoncenter/task.go:316.55,318.17 2 0
backend.juicedbot.io/juiced.sitescripts/pokemoncenter/task.go:321.3,321.75 1 0
backend.juicedbot.io/juiced.sitescripts/pokemoncenter/task.go:318.17,320.4 1 0
backend.juicedbot.io/juiced.sitescripts/pokemoncenter/task.go:327.46,328.84 1 0
backend.juicedbot.io/juiced.sitescripts/pokemoncenter/task.go:331.2,339.16 4 0
backend.juicedbot.io/juiced.sitescripts/pokemoncenter/task.go:343.2,367.16 2 0
backend.juicedbot.io/juiced.sitescripts/pokemoncenter/task.go:371.2,371.25 1 0
backend.juicedbot.io/juiced.sitescripts/pokemoncenter/task.go:382.2,382.68 1 0
backend.juicedbot.io/juiced.sitescripts/pokemoncenter/task.go:328.84,330.3 1 0
backend.juicedbot.io/juiced.sitescripts/pokemoncenter/task.go:339.16,341.3 1 0
backend.juicedbot.io/juiced.sitescripts/pokemoncenter/task.go:367.16,369.3 1 0
backend.juicedbot.io/juiced.sitescripts/pokemoncenter/task.go:372.11,373.50 1 0
backend.juicedbot.io/juiced.sitescripts/pokemoncenter/task.go:373.50,374.57 1 0
backend.juicedbot.io/juiced.sitescripts/pokemoncenter/task.go:374.57,376.5 1 0
backend.juicedbot.io/juiced.sitescripts/pokemoncenter/task.go:376.10,378.5 1 0
backend.juicedbot.io/juiced.sitescripts/pokemoncenter/task.go:385.55,391.16 3 0
backend.juicedbot.io/juiced.sitescripts/pokemoncenter/task.go:394.2,417.16 2 0
backend.juicedbot.io/juiced.sitescripts/pokemoncenter/task.go:421.2,421.25 1 0
backend.juicedbot.io/juiced.sitescripts/pokemoncenter/task.go:426.2,426.75 1 0
backend.juicedbot.io/juiced.sitescripts/pokemoncenter/task.go:391.16,393.3 1 0
backend.juicedbot.io/juiced.sitescripts/pokemoncenter/task.go:417.16,419.3 1 0
backend.juicedbot.io/juiced.sitescripts/pokemoncenter/task.go:422.11,423.48 1 0
backend.juicedbot.io/juiced.sitescripts/pokemoncenter/task.go:429.57,430.63 1 0
backend.juicedbot.io/juiced.sitescripts/pokemoncenter/task.go:434.2,460.16 3 0
backend.juicedbot.io/juiced.sitescripts/pokemoncenter/task.go:463.2,486.16 2 0
backend.juicedbot.io/juiced.sitescripts/pokemoncenter/task.go:490.2,490.25 1 0
backend.juicedbot.io/juiced.sitescripts/pokemoncenter/task.go:495.2,495.75 1 0
backend.juicedbot.io/juiced.sitescripts/pokemoncenter/task.go:430.63,432.3 1 0
backend.juicedbot.io/juiced.sitescripts/pokemoncenter/task.go:460.16,462.3 1 0
backend.juicedbot.io/juiced.sitescripts/pokemoncenter/task.go:486.16,488.3 1 0
backend.juicedbot.io/juiced.sitescripts/pokemoncenter/task.go:491.11,492.48 1 0
backend.juicedbot.io/juiced.sitescripts/pokemoncenter/task.go:498.57,507.16 4 0
backend.juicedbot.io/juiced.sitescripts/pokemoncenter/task.go:510.2,534.16 2 0
backend.juicedbot.io/juiced.sitescripts/pokemoncenter/task.go:538.2,538.25 1 0
backend.juicedbot.io/juiced.sitescripts/pokemoncenter/task.go:544.2,544.74 1 0
backend.juicedbot.io/juiced.sitescripts/pokemoncenter/task.go:507.16,509.3 1 0
backend.juicedbot.io/juiced.sitescripts/pokemoncenter/task.go:534.16,536.3 1 0
backend.juicedbot.io/juiced.sitescripts/pokemoncenter/task.go:539.11,541.47 2 0
backend.juicedbot.io/juiced.sitescripts/pokemoncenter/task.go:547.45,551.16 3 0
backend.juicedbot.io/juiced.sitescripts/pokemoncenter/task.go:554.2,577.16 2 0
backend.juicedbot.io/juiced.sitescripts/pokemoncenter/task.go:581.2,581.25 1 0
backend.juicedbot.io/juiced.sitescripts/pokemoncenter/task.go:586.2,586.67 1 0
backend.juicedbot.io/juiced.sitescripts/pokemoncenter/task.go:551.16,553.3 1 0
backend.juicedbot.io/juiced.sitescripts/pokemoncenter/task.go:577.16,579.3 1 0
backend.juicedbot.io/juiced.sitescripts/pokemoncenter/task.go:582.11,583.32 1 0
backend.juicedbot.io/juiced.sitescripts/pokemoncenter/task.go:594.65,622.16 3 0
backend.juicedbot.io/juiced.sitescripts/pokemoncenter/task.go:625.2,648.16 2 0
backend.juicedbot.io/juiced.sitescripts/pokemoncenter/task.go:652.2,652.25 1 0
backend.juicedbot.io/juiced.sitescripts/pokemoncenter/task.go:658.2,658.18 1 0
backend.juicedbot.io/juiced.sitescripts/pokemoncenter/task.go:622.16,624.3 1 0
backend.juicedbot.io/juiced.sitescripts/pokemoncenter/task.go:648.16,650.3 1 0
backend.juicedbot.io/juiced.sitescripts/pokemoncenter/task.go:653.11,655.18 1 0
backend.juicedbot.io/juiced.sitescripts/pokemoncenter/util.go:11.107,12.21 1 0
backend.juicedbot.io/juiced.sitescripts/pokemoncenter/util.go:26.2,26.12 1 0
backend.juicedbot.io/juiced.sitescripts/pokemoncenter/util.go:13.24,14.36 1 0
backend.juicedbot.io/juiced.sitescripts/pokemoncenter/util.go:17.3,18.66 2 0
backend.juicedbot.io/juiced.sitescripts/pokemoncenter/util.go:22.10,23.101 1 0
backend.juicedbot.io/juiced.sitescripts/pokemoncenter/util.go:14.36,16.4 1 0
backend.juicedbot.io/juiced.sitescripts/pokemoncenter/util.go:18.66,20.4 1 0
