mode: set
backend.juicedbot.io/juiced.antibot/cloudflare/helpers.go:18.63,24.16 6 0
backend.juicedbot.io/juiced.antibot/cloudflare/helpers.go:27.2,28.18 2 0
backend.juicedbot.io/juiced.antibot/cloudflare/helpers.go:24.16,26.3 1 0
backend.juicedbot.io/juiced.antibot/cloudflare/helpers.go:31.72,33.16 2 0
backend.juicedbot.io/juiced.antibot/cloudflare/helpers.go:36.2,37.12 2 0
backend.juicedbot.io/juiced.antibot/cloudflare/helpers.go:33.16,35.3 1 0
backend.juicedbot.io/juiced.antibot/cloudflare/helpers.go:40.40,44.26 3 0
backend.juicedbot.io/juiced.antibot/cloudflare/helpers.go:47.2,47.59 1 0
backend.juicedbot.io/juiced.antibot/cloudflare/helpers.go:51.2,51.14 1 0
backend.juicedbot.io/juiced.antibot/cloudflare/helpers.go:44.26,46.3 1 0
backend.juicedbot.io/juiced.antibot/cloudflare/helpers.go:47.59,49.3 1 0
backend.juicedbot.io/juiced.antibot/cloudflare/helpers.go:54.55,56.16 2 0
backend.juicedbot.io/juiced.antibot/cloudflare/helpers.go:59.2,60.16 2 0
backend.juicedbot.io/juiced.antibot/cloudflare/helpers.go:63.2,64.16 2 0
backend.juicedbot.io/juiced.antibot/cloudflare/helpers.go:67.2,69.24 1 0
backend.juicedbot.io/juiced.antibot/cloudflare/helpers.go:56.16,58.3 1 0
backend.juicedbot.io/juiced.antibot/cloudflare/helpers.go:60.16,62.3 1 0
backend.juicedbot.io/juiced.antibot/cloudflare/helpers.go:64.16,66.3 1 0
backend.juicedbot.io/juiced.antibot/cloudflare/helpers.go:73.59,74.32 1 0
backend.juicedbot.io/juiced.antibot/cloudflare/helpers.go:84.2,84.14 1 0
backend.juicedbot.io/juiced.antibot/cloudflare/helpers.go:74.32,76.17 2 0
backend.juicedbot.io/juiced.antibot/cloudflare/helpers.go:79.3,79.61 1 0
backend.juicedbot.io/juiced.antibot/cloudflare/helpers.go:76.17,78.4 1 0
backend.juicedbot.io/juiced.antibot/cloudflare/helpers.go:79.61,81.4 1 0
backend.juicedbot.io/juiced.antibot/cloudflare/helpers.go:87.58,89.16 2 0
backend.juicedbot.io/juiced.antibot/cloudflare/helpers.go:92.2,93.16 2 0
backend.juicedbot.io/juiced.antibot/cloudflare/helpers.go:96.2,97.16 2 0
backend.juicedbot.io/juiced.antibot/cloudflare/helpers.go:100.2,102.24 1 0
backend.juicedbot.io/juiced.antibot/cloudflare/helpers.go:89.16,91.3 1 0
backend.juicedbot.io/juiced.antibot/cloudflare/helpers.go:93.16,95.3 1 0
backend.juicedbot.io/juiced.antibot/cloudflare/helpers.go:97.16,99.3 1 0
backend.juicedbot.io/juiced.antibot/cloudflare/helpers.go:105.70,106.19 1 0
backend.juicedbot.io/juiced.antibot/cloudflare/helpers.go:109.2,109.61 1 0
backend.juicedbot.io/juiced.antibot/cloudflare/helpers.go:106.19,108.3 1 0
backend.juicedbot.io/juiced.antibot/cloudflare/helpers.go:112.50,126.2 1 0
backend.juicedbot.io/juiced.antibot/cloudflare/helpers.go:128.87,145.2 1 0
backend.juicedbot.io/juiced.antibot/cloudflare/helpers.go:147.73,165.2 1 0
backend.juicedbot.io/juiced.antibot/cloudflare/scraper.go:22.73,45.2 14 0
backend.juicedbot.io/juiced.antibot/cloudflare/scraper.go:47.95,48.16 1 0
backend.juicedbot.io/juiced.antibot/cloudflare/scraper.go:51.2,52.34 2 0
backend.juicedbot.io/juiced.antibot/cloudflare/scraper.go:60.2,60.22 1 0
backend.juicedbot.io/juiced.antibot/cloudflare/scraper.go:66.2,66.22 1 0
backend.juicedbot.io/juiced.antibot/cloudflare/scraper.go:48.16,50.3 1 0
backend.juicedbot.io/juiced.antibot/cloudflare/scraper.go:52.34,54.3 1 0
backend.juicedbot.io/juiced.antibot/cloudflare/scraper.go:54.8,54.44 1 0
backend.juicedbot.io/juiced.antibot/cloudflare/scraper.go:54.44,56.3 1 0
backend.juicedbot.io/juiced.antibot/cloudflare/scraper.go:56.8,56.45 1 0
backend.juicedbot.io/juiced.antibot/cloudflare/scraper.go:56.45,59.3 2 0
backend.juicedbot.io/juiced.antibot/cloudflare/scraper.go:60.22,65.3 4 0
backend.juicedbot.io/juiced.antibot/cloudflare/scraper.go:69.57,70.34 1 0
backend.juicedbot.io/juiced.antibot/cloudflare/scraper.go:70.34,72.3 1 0
backend.juicedbot.io/juiced.antibot/cloudflare/scraper.go:72.8,77.56 3 0
backend.juicedbot.io/juiced.antibot/cloudflare/scraper.go:80.3,80.7 1 0
backend.juicedbot.io/juiced.antibot/cloudflare/scraper.go:113.3,113.20 1 0
backend.juicedbot.io/juiced.antibot/cloudflare/scraper.go:116.3,118.46 2 0
backend.juicedbot.io/juiced.antibot/cloudflare/scraper.go:77.56,79.4 1 0
backend.juicedbot.io/juiced.antibot/cloudflare/scraper.go:80.7,81.21 1 0
backend.juicedbot.io/juiced.antibot/cloudflare/scraper.go:84.4,84.55 1 0
backend.juicedbot.io/juiced.antibot/cloudflare/scraper.go:81.21,83.5 1 0
backend.juicedbot.io/juiced.antibot/cloudflare/scraper.go:84.55,86.5 1 0
backend.juicedbot.io/juiced.antibot/cloudflare/scraper.go:86.10,92.25 4 0
backend.juicedbot.io/juiced.antibot/cloudflare/scraper.go:97.5,98.19 2 0
backend.juicedbot.io/juiced.antibot/cloudflare/scraper.go:103.5,105.19 3 0
backend.juicedbot.io/juiced.antibot/cloudflare/scraper.go:109.5,110.10 2 0
backend.juicedbot.io/juiced.antibot/cloudflare/scraper.go:92.25,94.6 1 0
backend.juicedbot.io/juiced.antibot/cloudflare/scraper.go:94.11,96.6 1 0
backend.juicedbot.io/juiced.antibot/cloudflare/scraper.go:98.19,100.14 2 0
backend.juicedbot.io/juiced.antibot/cloudflare/scraper.go:105.19,107.14 2 0
backend.juicedbot.io/juiced.antibot/cloudflare/scraper.go:113.20,115.4 1 0
backend.juicedbot.io/juiced.antibot/cloudflare/scraper.go:122.78,127.6 3 0
backend.juicedbot.io/juiced.antibot/cloudflare/scraper.go:127.6,128.20 1 0
backend.juicedbot.io/juiced.antibot/cloudflare/scraper.go:131.3,131.66 1 0
backend.juicedbot.io/juiced.antibot/cloudflare/scraper.go:128.20,130.4 1 0
backend.juicedbot.io/juiced.antibot/cloudflare/scraper.go:131.66,133.4 1 0
backend.juicedbot.io/juiced.antibot/cloudflare/scraper.go:133.9,140.18 4 0
backend.juicedbot.io/juiced.antibot/cloudflare/scraper.go:145.4,147.25 3 0
backend.juicedbot.io/juiced.antibot/cloudflare/scraper.go:151.4,154.25 4 0
backend.juicedbot.io/juiced.antibot/cloudflare/scraper.go:158.4,158.34 1 0
backend.juicedbot.io/juiced.antibot/cloudflare/scraper.go:165.4,165.35 1 0
backend.juicedbot.io/juiced.antibot/cloudflare/scraper.go:171.4,174.18 3 0
backend.juicedbot.io/juiced.antibot/cloudflare/scraper.go:178.4,185.18 2 0
backend.juicedbot.io/juiced.antibot/cloudflare/scraper.go:189.4,190.18 2 0
backend.juicedbot.io/juiced.antibot/cloudflare/scraper.go:194.4,196.18 3 0
backend.juicedbot.io/juiced.antibot/cloudflare/scraper.go:200.4,211.39 11 0
backend.juicedbot.io/juiced.antibot/cloudflare/scraper.go:140.18,143.13 2 0
backend.juicedbot.io/juiced.antibot/cloudflare/scraper.go:147.25,149.13 2 0
backend.juicedbot.io/juiced.antibot/cloudflare/scraper.go:154.25,156.13 2 0
backend.juicedbot.io/juiced.antibot/cloudflare/scraper.go:158.34,160.101 2 0
backend.juicedbot.io/juiced.antibot/cloudflare/scraper.go:160.101,162.11 2 0
backend.juicedbot.io/juiced.antibot/cloudflare/scraper.go:165.35,167.13 2 0
backend.juicedbot.io/juiced.antibot/cloudflare/scraper.go:174.18,176.13 2 0
backend.juicedbot.io/juiced.antibot/cloudflare/scraper.go:185.18,187.13 2 0
backend.juicedbot.io/juiced.antibot/cloudflare/scraper.go:190.18,192.13 2 0
backend.juicedbot.io/juiced.antibot/cloudflare/scraper.go:196.18,198.13 2 0
backend.juicedbot.io/juiced.antibot/cloudflare/scraper.go:218.70,224.6 4 0
backend.juicedbot.io/juiced.antibot/cloudflare/scraper.go:224.6,225.20 1 0
backend.juicedbot.io/juiced.antibot/cloudflare/scraper.go:228.3,228.70 1 0
backend.juicedbot.io/juiced.antibot/cloudflare/scraper.go:225.20,227.4 1 0
backend.juicedbot.io/juiced.antibot/cloudflare/scraper.go:228.70,230.4 1 0
backend.juicedbot.io/juiced.antibot/cloudflare/scraper.go:230.9,233.35 2 0
backend.juicedbot.io/juiced.antibot/cloudflare/scraper.go:233.35,235.5 1 0
backend.juicedbot.io/juiced.antibot/cloudflare/scraper.go:235.10,237.19 2 0
backend.juicedbot.io/juiced.antibot/cloudflare/scraper.go:241.5,244.19 2 0
backend.juicedbot.io/juiced.antibot/cloudflare/scraper.go:249.5,250.19 2 0
backend.juicedbot.io/juiced.antibot/cloudflare/scraper.go:254.5,257.19 4 0
backend.juicedbot.io/juiced.antibot/cloudflare/scraper.go:262.5,264.22 2 0
backend.juicedbot.io/juiced.antibot/cloudflare/scraper.go:268.5,268.34 1 0
backend.juicedbot.io/juiced.antibot/cloudflare/scraper.go:237.19,239.14 2 0
backend.juicedbot.io/juiced.antibot/cloudflare/scraper.go:244.19,246.14 2 0
backend.juicedbot.io/juiced.antibot/cloudflare/scraper.go:250.19,252.14 2 0
backend.juicedbot.io/juiced.antibot/cloudflare/scraper.go:257.19,259.14 2 0
backend.juicedbot.io/juiced.antibot/cloudflare/scraper.go:264.22,266.6 1 0
backend.juicedbot.io/juiced.antibot/cloudflare/scraper.go:275.64,282.6 4 0
backend.juicedbot.io/juiced.antibot/cloudflare/scraper.go:282.6,283.20 1 0
backend.juicedbot.io/juiced.antibot/cloudflare/scraper.go:286.3,286.78 1 0
backend.juicedbot.io/juiced.antibot/cloudflare/scraper.go:283.20,285.4 1 0
backend.juicedbot.io/juiced.antibot/cloudflare/scraper.go:286.78,288.4 1 0
backend.juicedbot.io/juiced.antibot/cloudflare/scraper.go:288.9,292.18 3 0
backend.juicedbot.io/juiced.antibot/cloudflare/scraper.go:296.4,297.18 2 0
backend.juicedbot.io/juiced.antibot/cloudflare/scraper.go:301.4,309.18 2 0
backend.juicedbot.io/juiced.antibot/cloudflare/scraper.go:314.4,315.18 2 0
backend.juicedbot.io/juiced.antibot/cloudflare/scraper.go:319.4,321.18 3 0
backend.juicedbot.io/juiced.antibot/cloudflare/scraper.go:325.4,329.21 3 0
backend.juicedbot.io/juiced.antibot/cloudflare/scraper.go:333.4,333.36 1 0
backend.juicedbot.io/juiced.antibot/cloudflare/scraper.go:292.18,294.13 2 0
backend.juicedbot.io/juiced.antibot/cloudflare/scraper.go:297.18,299.13 2 0
backend.juicedbot.io/juiced.antibot/cloudflare/scraper.go:309.18,311.13 2 0
backend.juicedbot.io/juiced.antibot/cloudflare/scraper.go:315.18,317.13 2 0
backend.juicedbot.io/juiced.antibot/cloudflare/scraper.go:321.18,323.13 2 0
backend.juicedbot.io/juiced.antibot/cloudflare/scraper.go:329.21,331.5 1 0
backend.juicedbot.io/juiced.antibot/cloudflare/scraper.go:338.67,344.6 4 0
backend.juicedbot.io/juiced.antibot/cloudflare/scraper.go:344.6,345.20 1 0
backend.juicedbot.io/juiced.antibot/cloudflare/scraper.go:348.3,348.74 1 0
backend.juicedbot.io/juiced.antibot/cloudflare/scraper.go:345.20,347.4 1 0
backend.juicedbot.io/juiced.antibot/cloudflare/scraper.go:348.74,350.4 1 0
backend.juicedbot.io/juiced.antibot/cloudflare/scraper.go:350.9,354.18 3 0
backend.juicedbot.io/juiced.antibot/cloudflare/scraper.go:358.4,361.18 2 0
backend.juicedbot.io/juiced.antibot/cloudflare/scraper.go:366.4,367.18 2 0
backend.juicedbot.io/juiced.antibot/cloudflare/scraper.go:371.4,374.18 4 0
backend.juicedbot.io/juiced.antibot/cloudflare/scraper.go:379.4,381.21 2 0
backend.juicedbot.io/juiced.antibot/cloudflare/scraper.go:385.4,385.39 1 0
backend.juicedbot.io/juiced.antibot/cloudflare/scraper.go:354.18,356.13 2 0
backend.juicedbot.io/juiced.antibot/cloudflare/scraper.go:361.18,363.13 2 0
backend.juicedbot.io/juiced.antibot/cloudflare/scraper.go:367.18,369.13 2 0
backend.juicedbot.io/juiced.antibot/cloudflare/scraper.go:374.18,376.13 2 0
backend.juicedbot.io/juiced.antibot/cloudflare/scraper.go:381.21,383.5 1 0
backend.juicedbot.io/juiced.antibot/cloudflare/scraper.go:391.70,397.6 4 0
backend.juicedbot.io/juiced.antibot/cloudflare/scraper.go:397.6,398.20 1 0
backend.juicedbot.io/juiced.antibot/cloudflare/scraper.go:401.3,401.74 1 0
backend.juicedbot.io/juiced.antibot/cloudflare/scraper.go:398.20,400.4 1 0
backend.juicedbot.io/juiced.antibot/cloudflare/scraper.go:401.74,403.4 1 0
backend.juicedbot.io/juiced.antibot/cloudflare/scraper.go:403.9,407.18 3 0
backend.juicedbot.io/juiced.antibot/cloudflare/scraper.go:411.4,415.18 2 0
backend.juicedbot.io/juiced.antibot/cloudflare/scraper.go:419.4,420.18 2 0
backend.juicedbot.io/juiced.antibot/cloudflare/scraper.go:424.4,425.18 2 0
backend.juicedbot.io/juiced.antibot/cloudflare/scraper.go:430.4,432.21 2 0
backend.juicedbot.io/juiced.antibot/cloudflare/scraper.go:436.4,436.35 1 0
backend.juicedbot.io/juiced.antibot/cloudflare/scraper.go:407.18,409.13 2 0
backend.juicedbot.io/juiced.antibot/cloudflare/scraper.go:415.18,417.13 2 0
backend.juicedbot.io/juiced.antibot/cloudflare/scraper.go:420.18,422.13 2 0
backend.juicedbot.io/juiced.antibot/cloudflare/scraper.go:425.18,427.13 2 0
backend.juicedbot.io/juiced.antibot/cloudflare/scraper.go:432.21,434.5 1 0
backend.juicedbot.io/juiced.antibot/cloudflare/scraper.go:441.66,444.40 1 0
backend.juicedbot.io/juiced.antibot/cloudflare/scraper.go:447.2,447.30 1 0
backend.juicedbot.io/juiced.antibot/cloudflare/scraper.go:444.40,446.3 1 0
backend.juicedbot.io/juiced.antibot/cloudflare/scraper.go:447.30,448.23 1 0
backend.juicedbot.io/juiced.antibot/cloudflare/scraper.go:448.23,450.4 1 0
backend.juicedbot.io/juiced.antibot/cloudflare/scraper.go:450.9,452.4 1 0
backend.juicedbot.io/juiced.antibot/cloudflare/scraper.go:453.8,455.3 1 0
backend.juicedbot.io/juiced.antibot/cloudflare/scraper.go:459.67,465.6 4 0
backend.juicedbot.io/juiced.antibot/cloudflare/scraper.go:465.6,466.20 1 0
backend.juicedbot.io/juiced.antibot/cloudflare/scraper.go:469.3,469.84 1 0
backend.juicedbot.io/juiced.antibot/cloudflare/scraper.go:466.20,468.4 1 0
backend.juicedbot.io/juiced.antibot/cloudflare/scraper.go:469.84,471.4 1 0
backend.juicedbot.io/juiced.antibot/cloudflare/scraper.go:471.9,483.43 3 0
backend.juicedbot.io/juiced.antibot/cloudflare/scraper.go:487.4,487.24 1 0
backend.juicedbot.io/juiced.antibot/cloudflare/scraper.go:490.4,493.18 3 0
backend.juicedbot.io/juiced.antibot/cloudflare/scraper.go:497.4,498.58 2 0
backend.juicedbot.io/juiced.antibot/cloudflare/scraper.go:505.4,506.18 2 0
backend.juicedbot.io/juiced.antibot/cloudflare/scraper.go:511.4,513.21 2 0
backend.juicedbot.io/juiced.antibot/cloudflare/scraper.go:517.4,517.31 1 0
backend.juicedbot.io/juiced.antibot/cloudflare/scraper.go:545.4,545.21 1 0
backend.juicedbot.io/juiced.antibot/cloudflare/scraper.go:483.43,485.5 1 0
backend.juicedbot.io/juiced.antibot/cloudflare/scraper.go:487.24,489.5 1 0
backend.juicedbot.io/juiced.antibot/cloudflare/scraper.go:493.18,495.13 2 0
backend.juicedbot.io/juiced.antibot/cloudflare/scraper.go:498.58,500.22 1 0
backend.juicedbot.io/juiced.antibot/cloudflare/scraper.go:503.5,503.92 1 0
backend.juicedbot.io/juiced.antibot/cloudflare/scraper.go:500.22,502.6 1 0
backend.juicedbot.io/juiced.antibot/cloudflare/scraper.go:506.18,508.13 2 0
backend.juicedbot.io/juiced.antibot/cloudflare/scraper.go:513.21,515.5 1 0
backend.juicedbot.io/juiced.antibot/cloudflare/scraper.go:517.31,519.19 2 0
backend.juicedbot.io/juiced.antibot/cloudflare/scraper.go:523.5,523.38 1 0
backend.juicedbot.io/juiced.antibot/cloudflare/scraper.go:519.19,521.14 2 0
backend.juicedbot.io/juiced.antibot/cloudflare/scraper.go:523.38,526.20 2 0
backend.juicedbot.io/juiced.antibot/cloudflare/scraper.go:530.6,532.20 3 0
backend.juicedbot.io/juiced.antibot/cloudflare/scraper.go:536.6,541.31 6 0
backend.juicedbot.io/juiced.antibot/cloudflare/scraper.go:526.20,528.15 2 0
backend.juicedbot.io/juiced.antibot/cloudflare/scraper.go:532.20,534.15 2 0
backend.juicedbot.io/juiced.antibot/cloudflare/scraper.go:550.63,556.6 4 0
backend.juicedbot.io/juiced.antibot/cloudflare/scraper.go:556.6,557.20 1 0
backend.juicedbot.io/juiced.antibot/cloudflare/scraper.go:560.3,560.54 1 0
backend.juicedbot.io/juiced.antibot/cloudflare/scraper.go:557.20,559.4 1 0
backend.juicedbot.io/juiced.antibot/cloudflare/scraper.go:560.54,562.4 1 0
backend.juicedbot.io/juiced.antibot/cloudflare/scraper.go:562.9,566.18 3 0
backend.juicedbot.io/juiced.antibot/cloudflare/scraper.go:570.4,571.18 2 0
backend.juicedbot.io/juiced.antibot/cloudflare/scraper.go:575.4,584.18 2 0
backend.juicedbot.io/juiced.antibot/cloudflare/scraper.go:589.4,590.18 2 0
backend.juicedbot.io/juiced.antibot/cloudflare/scraper.go:594.4,596.18 3 0
backend.juicedbot.io/juiced.antibot/cloudflare/scraper.go:600.4,604.21 3 0
backend.juicedbot.io/juiced.antibot/cloudflare/scraper.go:608.4,608.36 1 0
backend.juicedbot.io/juiced.antibot/cloudflare/scraper.go:566.18,568.13 2 0
backend.juicedbot.io/juiced.antibot/cloudflare/scraper.go:571.18,573.13 2 0
backend.juicedbot.io/juiced.antibot/cloudflare/scraper.go:584.18,586.13 2 0
backend.juicedbot.io/juiced.antibot/cloudflare/scraper.go:590.18,592.13 2 0
backend.juicedbot.io/juiced.antibot/cloudflare/scraper.go:596.18,598.13 2 0
backend.juicedbot.io/juiced.antibot/cloudflare/scraper.go:604.21,606.5 1 0
backend.juicedbot.io/juiced.antibot/cloudflare/scraper.go:615.65,624.6 4 0
backend.juicedbot.io/juiced.antibot/cloudflare/scraper.go:624.6,625.20 1 0
backend.juicedbot.io/juiced.antibot/cloudflare/scraper.go:628.3,628.58 1 0
backend.juicedbot.io/juiced.antibot/cloudflare/scraper.go:625.20,627.4 1 0
backend.juicedbot.io/juiced.antibot/cloudflare/scraper.go:628.58,630.4 1 0
backend.juicedbot.io/juiced.antibot/cloudflare/scraper.go:630.9,634.30 4 0
backend.juicedbot.io/juiced.antibot/cloudflare/scraper.go:648.4,654.18 2 0
backend.juicedbot.io/juiced.antibot/cloudflare/scraper.go:659.4,660.18 2 0
backend.juicedbot.io/juiced.antibot/cloudflare/scraper.go:664.4,666.18 3 0
backend.juicedbot.io/juiced.antibot/cloudflare/scraper.go:670.4,674.18 4 0
backend.juicedbot.io/juiced.antibot/cloudflare/scraper.go:679.4,684.18 3 0
backend.juicedbot.io/juiced.antibot/cloudflare/scraper.go:688.4,692.18 4 0
backend.juicedbot.io/juiced.antibot/cloudflare/scraper.go:697.4,700.18 3 0
backend.juicedbot.io/juiced.antibot/cloudflare/scraper.go:705.4,709.18 2 0
backend.juicedbot.io/juiced.antibot/cloudflare/scraper.go:714.4,715.18 2 0
backend.juicedbot.io/juiced.antibot/cloudflare/scraper.go:720.4,722.18 3 0
backend.juicedbot.io/juiced.antibot/cloudflare/scraper.go:726.4,730.40 3 0
backend.juicedbot.io/juiced.antibot/cloudflare/scraper.go:634.30,636.5 1 0
backend.juicedbot.io/juiced.antibot/cloudflare/scraper.go:636.10,638.22 2 0
backend.juicedbot.io/juiced.antibot/cloudflare/scraper.go:641.5,642.19 2 0
backend.juicedbot.io/juiced.antibot/cloudflare/scraper.go:638.22,640.6 1 0
backend.juicedbot.io/juiced.antibot/cloudflare/scraper.go:642.19,644.14 2 0
backend.juicedbot.io/juiced.antibot/cloudflare/scraper.go:654.18,656.13 2 0
backend.juicedbot.io/juiced.antibot/cloudflare/scraper.go:660.18,662.13 2 0
backend.juicedbot.io/juiced.antibot/cloudflare/scraper.go:666.18,668.13 2 0
backend.juicedbot.io/juiced.antibot/cloudflare/scraper.go:674.18,676.13 2 0
backend.juicedbot.io/juiced.antibot/cloudflare/scraper.go:684.18,686.13 2 0
backend.juicedbot.io/juiced.antibot/cloudflare/scraper.go:692.18,694.13 2 0
backend.juicedbot.io/juiced.antibot/cloudflare/scraper.go:700.18,702.13 2 0
backend.juicedbot.io/juiced.antibot/cloudflare/scraper.go:709.18,711.13 2 0
backend.juicedbot.io/juiced.antibot/cloudflare/scraper.go:715.18,717.13 2 0
backend.juicedbot.io/juiced.antibot/cloudflare/scraper.go:722.18,724.13 2 0
backend.juicedbot.io/juiced.antibot/cloudflare/scraper.go:730.40,731.22 1 0
backend.juicedbot.io/juiced.antibot/cloudflare/scraper.go:734.5,734.35 1 0
backend.juicedbot.io/juiced.antibot/cloudflare/scraper.go:731.22,733.6 1 0
backend.juicedbot.io/juiced.antibot/cloudflare/scraper.go:735.10,737.5 1 0
backend.juicedbot.io/juiced.antibot/cloudflare/scraper.go:744.65,750.6 4 0
backend.juicedbot.io/juiced.antibot/cloudflare/scraper.go:750.6,751.20 1 0
backend.juicedbot.io/juiced.antibot/cloudflare/scraper.go:754.3,754.70 1 0
backend.juicedbot.io/juiced.antibot/cloudflare/scraper.go:751.20,753.4 1 0
backend.juicedbot.io/juiced.antibot/cloudflare/scraper.go:754.70,756.4 1 0
backend.juicedbot.io/juiced.antibot/cloudflare/scraper.go:756.9,768.53 3 0
backend.juicedbot.io/juiced.antibot/cloudflare/scraper.go:772.4,772.24 1 0
backend.juicedbot.io/juiced.antibot/cloudflare/scraper.go:777.4,782.18 4 0
backend.juicedbot.io/juiced.antibot/cloudflare/scraper.go:786.4,787.58 2 0
backend.juicedbot.io/juiced.antibot/cloudflare/scraper.go:794.4,795.18 2 0
backend.juicedbot.io/juiced.antibot/cloudflare/scraper.go:800.4,802.21 2 0
backend.juicedbot.io/juiced.antibot/cloudflare/scraper.go:806.4,806.21 1 0
backend.juicedbot.io/juiced.antibot/cloudflare/scraper.go:768.53,770.5 1 0
backend.juicedbot.io/juiced.antibot/cloudflare/scraper.go:772.24,774.5 1 0
backend.juicedbot.io/juiced.antibot/cloudflare/scraper.go:782.18,784.13 2 0
backend.juicedbot.io/juiced.antibot/cloudflare/scraper.go:787.58,789.22 1 0
backend.juicedbot.io/juiced.antibot/cloudflare/scraper.go:792.5,792.92 1 0
backend.juicedbot.io/juiced.antibot/cloudflare/scraper.go:789.22,791.6 1 0
backend.juicedbot.io/juiced.antibot/cloudflare/scraper.go:795.18,797.13 2 0
backend.juicedbot.io/juiced.antibot/cloudflare/scraper.go:802.21,804.5 1 0
backend.juicedbot.io/juiced.antibot/cloudflare/scraper.go:811.66,816.19 1 0
backend.juicedbot.io/juiced.antibot/cloudflare/scraper.go:819.2,820.16 2 0
backend.juicedbot.io/juiced.antibot/cloudflare/scraper.go:823.2,826.16 4 0
backend.juicedbot.io/juiced.antibot/cloudflare/scraper.go:829.2,830.16 2 0
backend.juicedbot.io/juiced.antibot/cloudflare/scraper.go:833.2,835.36 2 0
backend.juicedbot.io/juiced.antibot/cloudflare/scraper.go:816.19,818.3 1 0
backend.juicedbot.io/juiced.antibot/cloudflare/scraper.go:820.16,822.3 1 0
backend.juicedbot.io/juiced.antibot/cloudflare/scraper.go:826.16,828.3 1 0
backend.juicedbot.io/juiced.antibot/cloudflare/scraper.go:830.16,832.3 1 0
backend.juicedbot.io/juiced.antibot/cloudflare/scraper.go:838.69,844.16 2 0
backend.juicedbot.io/juiced.antibot/cloudflare/scraper.go:847.2,851.16 2 0
backend.juicedbot.io/juiced.antibot/cloudflare/scraper.go:854.2,855.16 2 0
backend.juicedbot.io/juiced.antibot/cloudflare/scraper.go:858.2,860.16 3 0
backend.juicedbot.io/juiced.antibot/cloudflare/scraper.go:863.2,865.45 3 0
backend.juicedbot.io/juiced.antibot/cloudflare/scraper.go:844.16,846.3 1 0
backend.juicedbot.io/juiced.antibot/cloudflare/scraper.go:851.16,853.3 1 0
backend.juicedbot.io/juiced.antibot/cloudflare/scraper.go:855.16,857.3 1 0
backend.juicedbot.io/juiced.antibot/cloudflare/scraper.go:860.16,862.3 1 0
backend.juicedbot.io/juiced.antibot/cloudflare/scraper.go:868.78,873.19 1 0
backend.juicedbot.io/juiced.antibot/cloudflare/scraper.go:876.2,877.16 2 0
backend.juicedbot.io/juiced.antibot/cloudflare/scraper.go:880.2,880.30 1 0
backend.juicedbot.io/juiced.antibot/cloudflare/scraper.go:886.2,886.26 1 0
backend.juicedbot.io/juiced.antibot/cloudflare/scraper.go:873.19,875.3 1 0
backend.juicedbot.io/juiced.antibot/cloudflare/scraper.go:877.16,879.3 1 0
backend.juicedbot.io/juiced.antibot/cloudflare/scraper.go:880.30,882.3 1 0
backend.juicedbot.io/juiced.antibot/cloudflare/scraper.go:882.8,882.37 1 0
backend.juicedbot.io/juiced.antibot/cloudflare/scraper.go:882.37,884.3 1 0
backend.juicedbot.io/juiced.antibot/cloudflare/scraper.go:889.59,894.19 1 0
backend.juicedbot.io/juiced.antibot/cloudflare/scraper.go:898.2,899.73 2 0
backend.juicedbot.io/juiced.antibot/cloudflare/scraper.go:904.2,905.20 2 0
backend.juicedbot.io/juiced.antibot/cloudflare/scraper.go:894.19,896.3 1 0
backend.juicedbot.io/juiced.antibot/cloudflare/scraper.go:899.73,901.3 1 0
backend.juicedbot.io/juiced.antibot/cloudflare/scraper.go:901.8,903.3 1 0
backend.juicedbot.io/juiced.antibot/cloudflare/scraper.go:907.75,909.2 1 0
backend.juicedbot.io/juiced.antibot/cloudflare/scraper.go:911.74,913.2 1 0
backend.juicedbot.io/juiced.antibot/cloudflare/scraper.go:915.111,917.2 1 0
backend.juicedbot.io/juiced.encryption/cybersource/helpers.go:7.54,8.22 1 0
backend.juicedbot.io/juiced.encryption/cybersource/helpers.go:8.22,9.47 1 0
backend.juicedbot.io/juiced.encryption/cybersource/helpers.go:9.47,13.4 3 0
backend.juicedbot.io/juiced.encryption/cybersource/helpers.go:13.9,15.4 1 0
backend.juicedbot.io/juiced.encryption/cybersource/util.go:17.76,22.16 4 0
backend.juicedbot.io/juiced.encryption/cybersource/util.go:25.2,29.16 4 0
backend.juicedbot.io/juiced.encryption/cybersource/util.go:33.2,54.23 16 0
backend.juicedbot.io/juiced.encryption/cybersource/util.go:73.2,93.16 7 0
backend.juicedbot.io/juiced.encryption/cybersource/util.go:97.2,97.78 1 0
backend.juicedbot.io/juiced.encryption/cybersource/util.go:149.2,149.23 1 0
backend.juicedbot.io/juiced.encryption/cybersource/util.go:22.16,24.3 1 0
backend.juicedbot.io/juiced.encryption/cybersource/util.go:29.16,31.3 1 0
backend.juicedbot.io/juiced.encryption/cybersource/util.go:55.14,56.21 1 0
backend.juicedbot.io/juiced.encryption/cybersource/util.go:57.20,58.21 1 0
backend.juicedbot.io/juiced.encryption/cybersource/util.go:59.14,60.21 1 0
backend.juicedbot.io/juiced.encryption/cybersource/util.go:61.18,62.21 1 0
backend.juicedbot.io/juiced.encryption/cybersource/util.go:63.16,64.21 1 0
backend.juicedbot.io/juiced.encryption/cybersource/util.go:65.32,66.21 1 0
backend.juicedbot.io/juiced.encryption/cybersource/util.go:67.13,68.21 1 0
backend.juicedbot.io/juiced.encryption/cybersource/util.go:69.23,70.21 1 0
backend.juicedbot.io/juiced.encryption/cybersource/util.go:93.16,95.3 1 0
backend.juicedbot.io/juiced.encryption/cybersource/util.go:97.78,102.42 4 0
backend.juicedbot.io/juiced.encryption/cybersource/util.go:106.3,108.10 2 0
backend.juicedbot.io/juiced.encryption/cybersource/util.go:112.3,137.17 5 0
backend.juicedbot.io/juiced.encryption/cybersource/util.go:140.3,143.17 3 0
backend.juicedbot.io/juiced.encryption/cybersource/util.go:146.3,146.22 1 0
backend.juicedbot.io/juiced.encryption/cybersource/util.go:102.42,104.4 1 0
backend.juicedbot.io/juiced.encryption/cybersource/util.go:108.10,110.4 1 0
backend.juicedbot.io/juiced.encryption/cybersource/util.go:137.17,139.4 1 0
backend.juicedbot.io/juiced.encryption/cybersource/util.go:143.17,145.4 1 0
backend.juicedbot.io/juiced.encryption/cybersource/util.go:152.57,155.16 3 0
backend.juicedbot.io/juiced.encryption/cybersource/util.go:158.2,161.76 4 0
backend.juicedbot.io/juiced.encryption/cybersource/util.go:164.2,164.25 1 0
backend.juicedbot.io/juiced.encryption/cybersource/util.go:155.16,157.3 1 0
backend.juicedbot.io/juiced.encryption/cybersource/util.go:161.76,163.3 1 0
backend.juicedbot.io/juiced.antibot/datadome/datadome.go:19.149,23.15 4 0
backend.juicedbot.io/juiced.antibot/datadome/datadome.go:27.2,28.12 2 0
backend.juicedbot.io/juiced.antibot/datadome/datadome.go:44.2,45.16 2 0
backend.juicedbot.io/juiced.antibot/datadome/datadome.go:48.2,53.16 5 0
backend.juicedbot.io/juiced.antibot/datadome/datadome.go:57.2,58.33 2 0
backend.juicedbot.io/juiced.antibot/datadome/datadome.go:64.2,64.28 1 0
backend.juicedbot.io/juiced.antibot/datadome/datadome.go:68.2,69.16 2 0
backend.juicedbot.io/juiced.antibot/datadome/datadome.go:72.2,72.12 1 0
backend.juicedbot.io/juiced.antibot/datadome/datadome.go:23.15,25.3 1 0
backend.juicedbot.io/juiced.antibot/datadome/datadome.go:28.12,29.7 1 0
backend.juicedbot.io/juiced.antibot/datadome/datadome.go:29.7,30.11 1 0
backend.juicedbot.io/juiced.antibot/datadome/datadome.go:40.4,40.31 1 0
backend.juicedbot.io/juiced.antibot/datadome/datadome.go:31.16,32.11 1 0
backend.juicedbot.io/juiced.antibot/datadome/datadome.go:33.12,35.19 2 0
backend.juicedbot.io/juiced.antibot/datadome/datadome.go:35.19,38.6 2 0
backend.juicedbot.io/juiced.antibot/datadome/datadome.go:45.16,47.3 1 0
backend.juicedbot.io/juiced.antibot/datadome/datadome.go:53.16,55.3 1 0
backend.juicedbot.io/juiced.antibot/datadome/datadome.go:58.33,59.32 1 0
backend.juicedbot.io/juiced.antibot/datadome/datadome.go:59.32,61.4 1 0
backend.juicedbot.io/juiced.antibot/datadome/datadome.go:64.28,66.3 1 0
backend.juicedbot.io/juiced.antibot/datadome/datadome.go:69.16,71.3 1 0
backend.juicedbot.io/juiced.antibot/datadome/datadome.go:75.222,85.47 3 0
backend.juicedbot.io/juiced.antibot/datadome/datadome.go:88.2,89.16 2 0
backend.juicedbot.io/juiced.antibot/datadome/datadome.go:92.2,92.19 1 0
backend.juicedbot.io/juiced.antibot/datadome/datadome.go:100.2,101.9 2 0
backend.juicedbot.io/juiced.antibot/datadome/datadome.go:105.2,138.16 3 0
backend.juicedbot.io/juiced.antibot/datadome/datadome.go:142.2,142.28 1 0
backend.juicedbot.io/juiced.antibot/datadome/datadome.go:146.2,153.16 4 0
backend.juicedbot.io/juiced.antibot/datadome/datadome.go:157.2,158.42 1 0
backend.juicedbot.io/juiced.antibot/datadome/datadome.go:161.2,162.16 2 0
backend.juicedbot.io/juiced.antibot/datadome/datadome.go:166.2,177.39 4 0
backend.juicedbot.io/juiced.antibot/datadome/datadome.go:182.2,184.12 3 0
backend.juicedbot.io/juiced.antibot/datadome/datadome.go:85.47,87.3 1 0
backend.juicedbot.io/juiced.antibot/datadome/datadome.go:89.16,91.3 1 0
backend.juicedbot.io/juiced.antibot/datadome/datadome.go:92.19,93.31 1 0
backend.juicedbot.io/juiced.antibot/datadome/datadome.go:96.3,97.35 2 0
backend.juicedbot.io/juiced.antibot/datadome/datadome.go:93.31,95.4 1 0
backend.juicedbot.io/juiced.antibot/datadome/datadome.go:101.9,103.3 1 0
backend.juicedbot.io/juiced.antibot/datadome/datadome.go:138.16,140.3 1 0
backend.juicedbot.io/juiced.antibot/datadome/datadome.go:142.28,144.3 1 0
backend.juicedbot.io/juiced.antibot/datadome/datadome.go:153.16,155.3 1 0
backend.juicedbot.io/juiced.antibot/datadome/datadome.go:158.42,160.3 1 0
backend.juicedbot.io/juiced.antibot/datadome/datadome.go:162.16,164.3 1 0
backend.juicedbot.io/juiced.antibot/datadome/datadome.go:177.39,178.35 1 0
backend.juicedbot.io/juiced.antibot/datadome/datadome.go:178.35,180.4 1 0
backend.juicedbot.io/juiced.infrastructure/captcha/aycd.go:14.23,16.112 1 0
backend.juicedbot.io/juiced.infrastructure/captcha/aycd.go:50.2,50.136 1 0
backend.juicedbot.io/juiced.infrastructure/captcha/aycd.go:55.2,55.78 1 0
backend.juicedbot.io/juiced.infrastructure/captcha/aycd.go:60.2,60.62 1 0
backend.juicedbot.io/juiced.infrastructure/captcha/aycd.go:64.2,64.108 1 0
backend.juicedbot.io/juiced.infrastructure/captcha/aycd.go:16.112,18.40 2 0
backend.juicedbot.io/juiced.infrastructure/captcha/aycd.go:33.3,42.28 5 0
backend.juicedbot.io/juiced.infrastructure/captcha/aycd.go:18.40,25.4 1 0
backend.juicedbot.io/juiced.infrastructure/captcha/aycd.go:42.28,44.4 1 0
backend.juicedbot.io/juiced.infrastructure/captcha/aycd.go:44.9,46.4 1 0
backend.juicedbot.io/juiced.infrastructure/captcha/aycd.go:50.137,52.3 0 0
backend.juicedbot.io/juiced.infrastructure/captcha/aycd.go:55.78,57.3 1 0
backend.juicedbot.io/juiced.infrastructure/captcha/aycd.go:60.63,62.3 0 0
backend.juicedbot.io/juiced.infrastructure/captcha/aycd.go:67.54,69.16 2 0
backend.juicedbot.io/juiced.infrastructure/captcha/aycd.go:73.2,73.16 1 0
backend.juicedbot.io/juiced.infrastructure/captcha/aycd.go:86.2,86.12 1 0
backend.juicedbot.io/juiced.infrastructure/captcha/aycd.go:69.16,71.3 1 0
backend.juicedbot.io/juiced.infrastructure/captcha/aycd.go:74.25,75.13 1 0
backend.juicedbot.io/juiced.infrastructure/captcha/aycd.go:76.33,77.42 1 0
backend.juicedbot.io/juiced.infrastructure/captcha/aycd.go:78.36,79.44 1 0
backend.juicedbot.io/juiced.infrastructure/captcha/aycd.go:80.31,81.39 1 0
backend.juicedbot.io/juiced.infrastructure/captcha/aycd.go:82.36,83.43 1 0
backend.juicedbot.io/juiced.infrastructure/captcha/captcha-store.go:32.50,42.2 1 0
backend.juicedbot.io/juiced.infrastructure/captcha/captcha-store.go:45.38,47.2 1 0
backend.juicedbot.io/juiced.infrastructure/captcha/captcha-store.go:51.182,53.21 2 0
backend.juicedbot.io/juiced.infrastructure/captcha/captcha-store.go:158.2,158.17 1 0
backend.juicedbot.io/juiced.infrastructure/captcha/captcha-store.go:54.25,56.36 2 0
backend.juicedbot.io/juiced.infrastructure/captcha/captcha-store.go:64.3,65.36 2 0
backend.juicedbot.io/juiced.infrastructure/captcha/captcha-store.go:74.3,76.10 3 0
backend.juicedbot.io/juiced.infrastructure/captcha/captcha-store.go:86.3,86.28 1 0
backend.juicedbot.io/juiced.infrastructure/captcha/captcha-store.go:89.3,89.68 1 0
backend.juicedbot.io/juiced.infrastructure/captcha/captcha-store.go:90.25,92.36 2 0
backend.juicedbot.io/juiced.infrastructure/captcha/captcha-store.go:100.3,101.36 2 0
backend.juicedbot.io/juiced.infrastructure/captcha/captcha-store.go:110.3,112.10 3 0
backend.juicedbot.io/juiced.infrastructure/captcha/captcha-store.go:122.3,122.28 1 0
backend.juicedbot.io/juiced.infrastructure/captcha/captcha-store.go:126.3,126.86 1 0
backend.juicedbot.io/juiced.infrastructure/captcha/captcha-store.go:127.22,129.36 2 0
backend.juicedbot.io/juiced.infrastructure/captcha/captcha-store.go:138.3,140.10 3 0
backend.juicedbot.io/juiced.infrastructure/captcha/captcha-store.go:150.3,150.28 1 0
backend.juicedbot.io/juiced.infrastructure/captcha/captcha-store.go:153.3,153.65 1 0
backend.juicedbot.io/juiced.infrastructure/captcha/captcha-store.go:154.28,154.28 0 0
backend.juicedbot.io/juiced.infrastructure/captcha/captcha-store.go:56.36,57.54 1 0
backend.juicedbot.io/juiced.infrastructure/captcha/captcha-store.go:57.54,62.5 3 0
backend.juicedbot.io/juiced.infrastructure/captcha/captcha-store.go:65.36,66.54 1 0
backend.juicedbot.io/juiced.infrastructure/captcha/captcha-store.go:66.54,71.5 3 0
backend.juicedbot.io/juiced.infrastructure/captcha/captcha-store.go:76.10,78.25 1 0
backend.juicedbot.io/juiced.infrastructure/captcha/captcha-store.go:78.25,80.5 1 0
backend.juicedbot.io/juiced.infrastructure/captcha/captcha-store.go:80.10,82.5 1 0
backend.juicedbot.io/juiced.infrastructure/captcha/captcha-store.go:83.9,85.4 1 0
backend.juicedbot.io/juiced.infrastructure/captcha/captcha-store.go:86.28,88.4 1 0
backend.juicedbot.io/juiced.infrastructure/captcha/captcha-store.go:92.36,93.54 1 0
backend.juicedbot.io/juiced.infrastructure/captcha/captcha-store.go:93.54,98.5 3 0
backend.juicedbot.io/juiced.infrastructure/captcha/captcha-store.go:101.36,102.54 1 0
backend.juicedbot.io/juiced.infrastructure/captcha/captcha-store.go:102.54,107.5 3 0
backend.juicedbot.io/juiced.infrastructure/captcha/captcha-store.go:112.10,114.25 1 0
backend.juicedbot.io/juiced.infrastructure/captcha/captcha-store.go:114.25,116.5 1 0
backend.juicedbot.io/juiced.infrastructure/captcha/captcha-store.go:116.10,118.5 1 0
backend.juicedbot.io/juiced.infrastructure/captcha/captcha-store.go:119.9,121.4 1 0
backend.juicedbot.io/juiced.infrastructure/captcha/captcha-store.go:122.28,124.4 1 0
backend.juicedbot.io/juiced.infrastructure/captcha/captcha-store.go:129.36,130.54 1 0
backend.juicedbot.io/juiced.infrastructure/captcha/captcha-store.go:130.54,135.5 3 0
backend.juicedbot.io/juiced.infrastructure/captcha/captcha-store.go:140.10,142.25 1 0
backend.juicedbot.io/juiced.infrastructure/captcha/captcha-store.go:142.25,144.5 1 0
backend.juicedbot.io/juiced.infrastructure/captcha/captcha-store.go:144.10,146.5 1 0
backend.juicedbot.io/juiced.infrastructure/captcha/captcha-store.go:147.9,149.4 1 0
backend.juicedbot.io/juiced.infrastructure/captcha/captcha-store.go:150.28,152.4 1 0
backend.juicedbot.io/juiced.infrastructure/captcha/captcha-store.go:162.126,163.21 1 0
backend.juicedbot.io/juiced.infrastructure/captcha/captcha-store.go:216.2,216.12 1 0
backend.juicedbot.io/juiced.infrastructure/captcha/captcha-store.go:164.25,166.36 2 0
backend.juicedbot.io/juiced.infrastructure/captcha/captcha-store.go:174.3,175.36 2 0
backend.juicedbot.io/juiced.infrastructure/captcha/captcha-store.go:183.25,185.36 2 0
backend.juicedbot.io/juiced.infrastructure/captcha/captcha-store.go:193.3,194.36 2 0
backend.juicedbot.io/juiced.infrastructure/captcha/captcha-store.go:202.22,204.36 2 0
backend.juicedbot.io/juiced.infrastructure/captcha/captcha-store.go:212.28,212.28 0 0
backend.juicedbot.io/juiced.infrastructure/captcha/captcha-store.go:166.36,167.54 1 0
backend.juicedbot.io/juiced.infrastructure/captcha/captcha-store.go:167.54,172.5 3 0
backend.juicedbot.io/juiced.infrastructure/captcha/captcha-store.go:175.36,176.54 1 0
backend.juicedbot.io/juiced.infrastructure/captcha/captcha-store.go:176.54,181.5 3 0
backend.juicedbot.io/juiced.infrastructure/captcha/captcha-store.go:185.36,186.54 1 0
backend.juicedbot.io/juiced.infrastructure/captcha/captcha-store.go:186.54,191.5 3 0
backend.juicedbot.io/juiced.infrastructure/captcha/captcha-store.go:194.36,195.54 1 0
backend.juicedbot.io/juiced.infrastructure/captcha/captcha-store.go:195.54,200.5 3 0
backend.juicedbot.io/juiced.infrastructure/captcha/captcha-store.go:204.36,205.54 1 0
backend.juicedbot.io/juiced.infrastructure/captcha/captcha-store.go:205.54,210.5 3 0
backend.juicedbot.io/juiced.infrastructure/captcha/captcha-store.go:220.111,222.16 2 0
backend.juicedbot.io/juiced.infrastructure/captcha/captcha-store.go:225.2,230.42 5 0
backend.juicedbot.io/juiced.infrastructure/captcha/captcha-store.go:389.2,390.16 2 0
backend.juicedbot.io/juiced.infrastructure/captcha/captcha-store.go:393.2,394.12 2 0
backend.juicedbot.io/juiced.infrastructure/captcha/captcha-store.go:222.16,224.3 1 0
backend.juicedbot.io/juiced.infrastructure/captcha/captcha-store.go:230.42,231.18 1 0
backend.juicedbot.io/juiced.infrastructure/captcha/captcha-store.go:232.19,233.14 1 0
backend.juicedbot.io/juiced.infrastructure/captcha/captcha-store.go:267.34,268.14 1 0
backend.juicedbot.io/juiced.infrastructure/captcha/captcha-store.go:294.35,295.14 1 0
backend.juicedbot.io/juiced.infrastructure/captcha/captcha-store.go:343.34,344.14 1 0
backend.juicedbot.io/juiced.infrastructure/captcha/captcha-store.go:233.14,237.84 3 0
backend.juicedbot.io/juiced.infrastructure/captcha/captcha-store.go:244.5,244.42 1 0
backend.juicedbot.io/juiced.infrastructure/captcha/captcha-store.go:248.5,249.45 2 0
backend.juicedbot.io/juiced.infrastructure/captcha/captcha-store.go:252.5,252.53 1 0
backend.juicedbot.io/juiced.infrastructure/captcha/captcha-store.go:257.5,265.41 2 0
backend.juicedbot.io/juiced.infrastructure/captcha/captcha-store.go:237.84,239.48 2 0
backend.juicedbot.io/juiced.infrastructure/captcha/captcha-store.go:239.48,241.7 1 0
backend.juicedbot.io/juiced.infrastructure/captcha/captcha-store.go:244.42,246.6 1 0
backend.juicedbot.io/juiced.infrastructure/captcha/captcha-store.go:249.45,251.6 1 0
backend.juicedbot.io/juiced.infrastructure/captcha/captcha-store.go:252.53,254.6 1 0
backend.juicedbot.io/juiced.infrastructure/captcha/captcha-store.go:268.14,272.25 4 0
backend.juicedbot.io/juiced.infrastructure/captcha/captcha-store.go:275.5,277.19 3 0
backend.juicedbot.io/juiced.infrastructure/captcha/captcha-store.go:288.5,292.7 1 0
backend.juicedbot.io/juiced.infrastructure/captcha/captcha-store.go:272.25,274.6 1 0
backend.juicedbot.io/juiced.infrastructure/captcha/captcha-store.go:277.19,279.92 2 0
backend.juicedbot.io/juiced.infrastructure/captcha/captcha-store.go:286.6,286.12 1 0
backend.juicedbot.io/juiced.infrastructure/captcha/captcha-store.go:279.92,281.7 1 0
backend.juicedbot.io/juiced.infrastructure/captcha/captcha-store.go:281.12,281.52 1 0
backend.juicedbot.io/juiced.infrastructure/captcha/captcha-store.go:281.52,283.7 1 0
backend.juicedbot.io/juiced.infrastructure/captcha/captcha-store.go:283.12,285.7 1 0
backend.juicedbot.io/juiced.infrastructure/captcha/captcha-store.go:295.14,300.25 5 0
backend.juicedbot.io/juiced.infrastructure/captcha/captcha-store.go:308.5,311.34 4 0
backend.juicedbot.io/juiced.infrastructure/captcha/captcha-store.go:314.5,325.19 2 0
backend.juicedbot.io/juiced.infrastructure/captcha/captcha-store.go:337.5,341.7 1 0
backend.juicedbot.io/juiced.infrastructure/captcha/captcha-store.go:300.25,303.20 3 0
backend.juicedbot.io/juiced.infrastructure/captcha/captcha-store.go:303.20,306.7 2 0
backend.juicedbot.io/juiced.infrastructure/captcha/captcha-store.go:311.34,313.6 1 0
backend.juicedbot.io/juiced.infrastructure/captcha/captcha-store.go:325.19,327.51 2 0
backend.juicedbot.io/juiced.infrastructure/captcha/captcha-store.go:334.6,334.12 1 0
backend.juicedbot.io/juiced.infrastructure/captcha/captcha-store.go:327.51,329.7 1 0
backend.juicedbot.io/juiced.infrastructure/captcha/captcha-store.go:329.12,329.52 1 0
backend.juicedbot.io/juiced.infrastructure/captcha/captcha-store.go:329.52,331.7 1 0
backend.juicedbot.io/juiced.infrastructure/captcha/captcha-store.go:331.12,333.7 1 0
backend.juicedbot.io/juiced.infrastructure/captcha/captcha-store.go:344.14,349.25 5 0
backend.juicedbot.io/juiced.infrastructure/captcha/captcha-store.go:357.5,369.19 3 0
backend.juicedbot.io/juiced.infrastructure/captcha/captcha-store.go:381.5,385.7 1 0
backend.juicedbot.io/juiced.infrastructure/captcha/captcha-store.go:349.25,352.20 3 0
backend.juicedbot.io/juiced.infrastructure/captcha/captcha-store.go:352.20,355.7 2 0
backend.juicedbot.io/juiced.infrastructure/captcha/captcha-store.go:369.19,371.51 2 0
backend.juicedbot.io/juiced.infrastructure/captcha/captcha-store.go:378.6,378.12 1 0
backend.juicedbot.io/juiced.infrastructure/captcha/captcha-store.go:371.51,373.7 1 0
backend.juicedbot.io/juiced.infrastructure/captcha/captcha-store.go:373.12,373.52 1 0
backend.juicedbot.io/juiced.infrastructure/captcha/captcha-store.go:373.52,375.7 1 0
backend.juicedbot.io/juiced.infrastructure/captcha/captcha-store.go:375.12,377.7 1 0
backend.juicedbot.io/juiced.infrastructure/captcha/captcha-store.go:390.16,392.3 1 0
backend.juicedbot.io/juiced.infrastructure/captcha/captcha-store.go:399.130,401.16 2 0
backend.juicedbot.io/juiced.infrastructure/captcha/captcha-store.go:405.2,411.42 5 0
backend.juicedbot.io/juiced.infrastructure/captcha/captcha-store.go:531.2,533.16 3 0
backend.juicedbot.io/juiced.infrastructure/captcha/captcha-store.go:537.2,537.12 1 0
backend.juicedbot.io/juiced.infrastructure/captcha/captcha-store.go:401.16,403.3 1 0
backend.juicedbot.io/juiced.infrastructure/captcha/captcha-store.go:411.42,412.18 1 0
backend.juicedbot.io/juiced.infrastructure/captcha/captcha-store.go:413.19,414.14 1 0
backend.juicedbot.io/juiced.infrastructure/captcha/captcha-store.go:451.34,452.14 1 0
backend.juicedbot.io/juiced.infrastructure/captcha/captcha-store.go:472.35,473.14 1 0
backend.juicedbot.io/juiced.infrastructure/captcha/captcha-store.go:501.34,502.14 1 0
backend.juicedbot.io/juiced.infrastructure/captcha/captcha-store.go:414.14,418.84 3 0
backend.juicedbot.io/juiced.infrastructure/captcha/captcha-store.go:425.5,425.42 1 0
backend.juicedbot.io/juiced.infrastructure/captcha/captcha-store.go:429.5,430.45 2 0
backend.juicedbot.io/juiced.infrastructure/captcha/captcha-store.go:433.5,433.53 1 0
backend.juicedbot.io/juiced.infrastructure/captcha/captcha-store.go:439.5,449.41 2 0
backend.juicedbot.io/juiced.infrastructure/captcha/captcha-store.go:418.84,420.48 2 0
backend.juicedbot.io/juiced.infrastructure/captcha/captcha-store.go:420.48,422.7 1 0
backend.juicedbot.io/juiced.infrastructure/captcha/captcha-store.go:425.42,427.6 1 0
backend.juicedbot.io/juiced.infrastructure/captcha/captcha-store.go:430.45,432.6 1 0
backend.juicedbot.io/juiced.infrastructure/captcha/captcha-store.go:433.53,435.6 1 0
backend.juicedbot.io/juiced.infrastructure/captcha/captcha-store.go:452.14,455.19 3 0
backend.juicedbot.io/juiced.infrastructure/captcha/captcha-store.go:466.5,470.7 1 0
backend.juicedbot.io/juiced.infrastructure/captcha/captcha-store.go:455.19,457.92 2 0
backend.juicedbot.io/juiced.infrastructure/captcha/captcha-store.go:464.6,464.12 1 0
backend.juicedbot.io/juiced.infrastructure/captcha/captcha-store.go:457.92,459.7 1 0
backend.juicedbot.io/juiced.infrastructure/captcha/captcha-store.go:459.12,459.52 1 0
backend.juicedbot.io/juiced.infrastructure/captcha/captcha-store.go:459.52,461.7 1 0
backend.juicedbot.io/juiced.infrastructure/captcha/captcha-store.go:461.12,463.7 1 0
backend.juicedbot.io/juiced.infrastructure/captcha/captcha-store.go:473.14,483.19 3 0
backend.juicedbot.io/juiced.infrastructure/captcha/captcha-store.go:495.5,499.7 1 0
backend.juicedbot.io/juiced.infrastructure/captcha/captcha-store.go:483.19,485.51 2 0
backend.juicedbot.io/juiced.infrastructure/captcha/captcha-store.go:492.6,492.12 1 0
backend.juicedbot.io/juiced.infrastructure/captcha/captcha-store.go:485.51,487.7 1 0
backend.juicedbot.io/juiced.infrastructure/captcha/captcha-store.go:487.12,487.52 1 0
backend.juicedbot.io/juiced.infrastructure/captcha/captcha-store.go:487.52,489.7 1 0
backend.juicedbot.io/juiced.infrastructure/captcha/captcha-store.go:489.12,491.7 1 0
backend.juicedbot.io/juiced.infrastructure/captcha/captcha-store.go:502.14,511.19 3 0
backend.juicedbot.io/juiced.infrastructure/captcha/captcha-store.go:523.5,527.7 1 0
backend.juicedbot.io/juiced.infrastructure/captcha/captcha-store.go:511.19,513.51 2 0
backend.juicedbot.io/juiced.infrastructure/captcha/captcha-store.go:520.6,520.12 1 0
backend.juicedbot.io/juiced.infrastructure/captcha/captcha-store.go:513.51,515.7 1 0
backend.juicedbot.io/juiced.infrastructure/captcha/captcha-store.go:515.12,515.52 1 0
backend.juicedbot.io/juiced.infrastructure/captcha/captcha-store.go:515.52,517.7 1 0
backend.juicedbot.io/juiced.infrastructure/captcha/captcha-store.go:517.12,519.7 1 0
backend.juicedbot.io/juiced.infrastructure/captcha/captcha-store.go:533.16,535.3 1 0
backend.juicedbot.io/juiced.infrastructure/captcha/captcha-store.go:542.108,544.16 2 0
backend.juicedbot.io/juiced.infrastructure/captcha/captcha-store.go:548.2,553.42 5 0
backend.juicedbot.io/juiced.infrastructure/captcha/captcha-store.go:655.2,657.16 3 0
backend.juicedbot.io/juiced.infrastructure/captcha/captcha-store.go:661.2,661.12 1 0
backend.juicedbot.io/juiced.infrastructure/captcha/captcha-store.go:544.16,546.3 1 0
backend.juicedbot.io/juiced.infrastructure/captcha/captcha-store.go:553.42,554.18 1 0
backend.juicedbot.io/juiced.infrastructure/captcha/captcha-store.go:555.19,556.14 1 0
backend.juicedbot.io/juiced.infrastructure/captcha/captcha-store.go:559.34,560.14 1 0
backend.juicedbot.io/juiced.infrastructure/captcha/captcha-store.go:581.35,582.14 1 0
backend.juicedbot.io/juiced.infrastructure/captcha/captcha-store.go:617.34,618.14 1 0
backend.juicedbot.io/juiced.infrastructure/captcha/captcha-store.go:556.14,558.5 1 0
backend.juicedbot.io/juiced.infrastructure/captcha/captcha-store.go:560.14,564.19 3 0
backend.juicedbot.io/juiced.infrastructure/captcha/captcha-store.go:575.5,579.7 1 0
backend.juicedbot.io/juiced.infrastructure/captcha/captcha-store.go:564.19,566.92 2 0
backend.juicedbot.io/juiced.infrastructure/captcha/captcha-store.go:573.6,573.12 1 0
backend.juicedbot.io/juiced.infrastructure/captcha/captcha-store.go:566.92,568.7 1 0
backend.juicedbot.io/juiced.infrastructure/captcha/captcha-store.go:568.12,568.52 1 0
backend.juicedbot.io/juiced.infrastructure/captcha/captcha-store.go:568.52,570.7 1 0
backend.juicedbot.io/juiced.infrastructure/captcha/captcha-store.go:570.12,572.7 1 0
backend.juicedbot.io/juiced.infrastructure/captcha/captcha-store.go:582.14,585.19 3 0
backend.juicedbot.io/juiced.infrastructure/captcha/captcha-store.go:588.5,599.19 2 0
backend.juicedbot.io/juiced.infrastructure/captcha/captcha-store.go:611.5,615.7 1 0
backend.juicedbot.io/juiced.infrastructure/captcha/captcha-store.go:585.19,587.6 1 0
backend.juicedbot.io/juiced.infrastructure/captcha/captcha-store.go:599.19,601.51 2 0
backend.juicedbot.io/juiced.infrastructure/captcha/captcha-store.go:608.6,608.12 1 0
backend.juicedbot.io/juiced.infrastructure/captcha/captcha-store.go:601.51,603.7 1 0
backend.juicedbot.io/juiced.infrastructure/captcha/captcha-store.go:603.12,603.52 1 0
backend.juicedbot.io/juiced.infrastructure/captcha/captcha-store.go:603.52,605.7 1 0
backend.juicedbot.io/juiced.infrastructure/captcha/captcha-store.go:605.12,607.7 1 0
backend.juicedbot.io/juiced.infrastructure/captcha/captcha-store.go:618.14,621.19 3 0
backend.juicedbot.io/juiced.infrastructure/captcha/captcha-store.go:624.5,635.19 2 0
backend.juicedbot.io/juiced.infrastructure/captcha/captcha-store.go:647.5,651.7 1 0
backend.juicedbot.io/juiced.infrastructure/captcha/captcha-store.go:621.19,623.6 1 0
backend.juicedbot.io/juiced.infrastructure/captcha/captcha-store.go:635.19,637.51 2 0
backend.juicedbot.io/juiced.infrastructure/captcha/captcha-store.go:644.6,644.12 1 0
backend.juicedbot.io/juiced.infrastructure/captcha/captcha-store.go:637.51,639.7 1 0
backend.juicedbot.io/juiced.infrastructure/captcha/captcha-store.go:639.12,639.52 1 0
backend.juicedbot.io/juiced.infrastructure/captcha/captcha-store.go:639.52,641.7 1 0
backend.juicedbot.io/juiced.infrastructure/captcha/captcha-store.go:641.12,643.7 1 0
backend.juicedbot.io/juiced.infrastructure/captcha/captcha-store.go:657.16,659.3 1 0
backend.juicedbot.io/juiced.infrastructure/captcha/captcha-store.go:665.132,667.16 2 0
backend.juicedbot.io/juiced.infrastructure/captcha/captcha-store.go:671.2,676.42 5 0
backend.juicedbot.io/juiced.infrastructure/captcha/captcha-store.go:752.2,754.16 3 0
backend.juicedbot.io/juiced.infrastructure/captcha/captcha-store.go:758.2,758.12 1 0
backend.juicedbot.io/juiced.infrastructure/captcha/captcha-store.go:667.16,669.3 1 0
backend.juicedbot.io/juiced.infrastructure/captcha/captcha-store.go:676.42,677.18 1 0
backend.juicedbot.io/juiced.infrastructure/captcha/captcha-store.go:678.19,679.14 1 0
backend.juicedbot.io/juiced.infrastructure/captcha/captcha-store.go:682.34,683.14 1 0
backend.juicedbot.io/juiced.infrastructure/captcha/captcha-store.go:707.35,708.14 1 0
backend.juicedbot.io/juiced.infrastructure/captcha/captcha-store.go:748.34,749.14 1 0
backend.juicedbot.io/juiced.infrastructure/captcha/captcha-store.go:679.14,681.5 1 0
backend.juicedbot.io/juiced.infrastructure/captcha/captcha-store.go:683.14,686.19 3 0
backend.juicedbot.io/juiced.infrastructure/captcha/captcha-store.go:696.5,705.7 2 0
backend.juicedbot.io/juiced.infrastructure/captcha/captcha-store.go:686.19,687.92 1 0
backend.juicedbot.io/juiced.infrastructure/captcha/captcha-store.go:694.6,694.12 1 0
backend.juicedbot.io/juiced.infrastructure/captcha/captcha-store.go:687.92,689.7 1 0
backend.juicedbot.io/juiced.infrastructure/captcha/captcha-store.go:689.12,689.52 1 0
backend.juicedbot.io/juiced.infrastructure/captcha/captcha-store.go:689.52,691.7 1 0
backend.juicedbot.io/juiced.infrastructure/captcha/captcha-store.go:691.12,693.7 1 0
backend.juicedbot.io/juiced.infrastructure/captcha/captcha-store.go:708.14,711.19 3 0
backend.juicedbot.io/juiced.infrastructure/captcha/captcha-store.go:714.5,726.19 2 0
backend.juicedbot.io/juiced.infrastructure/captcha/captcha-store.go:737.5,745.7 1 0
backend.juicedbot.io/juiced.infrastructure/captcha/captcha-store.go:711.19,713.6 1 0
backend.juicedbot.io/juiced.infrastructure/captcha/captcha-store.go:726.19,727.51 1 0
backend.juicedbot.io/juiced.infrastructure/captcha/captcha-store.go:734.6,734.12 1 0
backend.juicedbot.io/juiced.infrastructure/captcha/captcha-store.go:727.51,729.7 1 0
backend.juicedbot.io/juiced.infrastructure/captcha/captcha-store.go:729.12,729.52 1 0
backend.juicedbot.io/juiced.infrastructure/captcha/captcha-store.go:729.52,731.7 1 0
backend.juicedbot.io/juiced.infrastructure/captcha/captcha-store.go:731.12,733.7 1 0
backend.juicedbot.io/juiced.infrastructure/captcha/captcha-store.go:749.14,749.27 1 0
backend.juicedbot.io/juiced.infrastructure/captcha/captcha-store.go:754.16,756.3 1 0
backend.juicedbot.io/juiced.infrastructure/captcha/helpers.go:25.42,27.2 1 0
backend.juicedbot.io/juiced.infrastructure/captcha/helpers.go:29.100,30.32 1 0
backend.juicedbot.io/juiced.infrastructure/captcha/helpers.go:34.2,34.18 1 0
backend.juicedbot.io/juiced.infrastructure/captcha/helpers.go:55.2,59.3 1 0
backend.juicedbot.io/juiced.infrastructure/captcha/helpers.go:30.32,32.3 1 0
backend.juicedbot.io/juiced.infrastructure/captcha/helpers.go:35.25,38.17 3 0
backend.juicedbot.io/juiced.infrastructure/captcha/helpers.go:41.26,44.17 3 0
backend.juicedbot.io/juiced.infrastructure/captcha/helpers.go:47.25,50.17 3 0
backend.juicedbot.io/juiced.infrastructure/captcha/helpers.go:38.17,40.4 1 0
backend.juicedbot.io/juiced.infrastructure/captcha/helpers.go:44.17,46.4 1 0
backend.juicedbot.io/juiced.infrastructure/captcha/helpers.go:50.17,52.4 1 0
backend.juicedbot.io/juiced.infrastructure/captcha/helpers.go:62.100,63.37 1 0
backend.juicedbot.io/juiced.infrastructure/captcha/helpers.go:67.2,67.38 1 0
backend.juicedbot.io/juiced.infrastructure/captcha/helpers.go:71.2,71.37 1 0
backend.juicedbot.io/juiced.infrastructure/captcha/helpers.go:75.2,75.65 1 0
backend.juicedbot.io/juiced.infrastructure/captcha/helpers.go:79.2,79.8 1 0
backend.juicedbot.io/juiced.infrastructure/captcha/helpers.go:63.37,66.3 2 0
backend.juicedbot.io/juiced.infrastructure/captcha/helpers.go:67.38,70.3 2 0
backend.juicedbot.io/juiced.infrastructure/captcha/helpers.go:71.37,74.3 2 0
backend.juicedbot.io/juiced.infrastructure/captcha/helpers.go:75.65,78.3 2 0
backend.juicedbot.io/juiced.infrastructure/captcha/helpers.go:82.63,85.16 3 0
backend.juicedbot.io/juiced.infrastructure/captcha/helpers.go:89.2,92.16 3 0
backend.juicedbot.io/juiced.infrastructure/captcha/helpers.go:97.2,99.49 2 0
backend.juicedbot.io/juiced.infrastructure/captcha/helpers.go:105.2,107.13 2 0
backend.juicedbot.io/juiced.infrastructure/captcha/helpers.go:142.2,142.19 1 0
backend.juicedbot.io/juiced.infrastructure/captcha/helpers.go:85.16,88.3 2 0
backend.juicedbot.io/juiced.infrastructure/captcha/helpers.go:92.16,95.3 2 0
backend.juicedbot.io/juiced.infrastructure/captcha/helpers.go:99.49,103.3 2 0
backend.juicedbot.io/juiced.infrastructure/captcha/helpers.go:107.13,109.17 2 0
backend.juicedbot.io/juiced.infrastructure/captcha/helpers.go:112.3,115.17 3 0
backend.juicedbot.io/juiced.infrastructure/captcha/helpers.go:119.3,119.50 1 0
backend.juicedbot.io/juiced.infrastructure/captcha/helpers.go:109.17,111.4 1 0
backend.juicedbot.io/juiced.infrastructure/captcha/helpers.go:115.17,117.4 1 0
backend.juicedbot.io/juiced.infrastructure/captcha/helpers.go:119.50,122.18 3 0
backend.juicedbot.io/juiced.infrastructure/captcha/helpers.go:125.4,125.132 1 0
backend.juicedbot.io/juiced.infrastructure/captcha/helpers.go:122.18,124.5 1 0
backend.juicedbot.io/juiced.infrastructure/captcha/helpers.go:126.9,128.27 2 0
backend.juicedbot.io/juiced.infrastructure/captcha/helpers.go:128.27,129.43 1 0
backend.juicedbot.io/juiced.infrastructure/captcha/helpers.go:132.5,132.32 1 0
backend.juicedbot.io/juiced.infrastructure/captcha/helpers.go:129.43,131.6 1 0
backend.juicedbot.io/juiced.infrastructure/captcha/helpers.go:133.10,134.29 1 0
backend.juicedbot.io/juiced.infrastructure/captcha/helpers.go:137.5,138.17 2 0
backend.juicedbot.io/juiced.infrastructure/captcha/helpers.go:134.29,136.6 1 0
backend.juicedbot.io/juiced.infrastructure/captcha/helpers.go:145.95,152.16 3 0
backend.juicedbot.io/juiced.infrastructure/captcha/helpers.go:156.2,159.16 3 0
backend.juicedbot.io/juiced.infrastructure/captcha/helpers.go:163.2,167.16 4 0
backend.juicedbot.io/juiced.infrastructure/captcha/helpers.go:171.2,176.16 5 0
backend.juicedbot.io/juiced.infrastructure/captcha/helpers.go:181.2,181.35 1 0
backend.juicedbot.io/juiced.infrastructure/captcha/helpers.go:185.2,189.16 2 0
backend.juicedbot.io/juiced.infrastructure/captcha/helpers.go:193.2,196.16 3 0
backend.juicedbot.io/juiced.infrastructure/captcha/helpers.go:200.2,204.13 4 0
backend.juicedbot.io/juiced.infrastructure/captcha/helpers.go:228.2,228.33 1 0
backend.juicedbot.io/juiced.infrastructure/captcha/helpers.go:152.16,155.3 2 0
backend.juicedbot.io/juiced.infrastructure/captcha/helpers.go:159.16,162.3 2 0
backend.juicedbot.io/juiced.infrastructure/captcha/helpers.go:167.16,170.3 2 0
backend.juicedbot.io/juiced.infrastructure/captcha/helpers.go:176.16,179.3 2 0
backend.juicedbot.io/juiced.infrastructure/captcha/helpers.go:181.35,184.3 2 0
backend.juicedbot.io/juiced.infrastructure/captcha/helpers.go:189.16,192.3 2 0
backend.juicedbot.io/juiced.infrastructure/captcha/helpers.go:196.16,199.3 2 0
backend.juicedbot.io/juiced.infrastructure/captcha/helpers.go:204.13,206.17 2 0
backend.juicedbot.io/juiced.infrastructure/captcha/helpers.go:210.3,212.17 3 0
backend.juicedbot.io/juiced.infrastructure/captcha/helpers.go:216.3,217.39 2 0
backend.juicedbot.io/juiced.infrastructure/captcha/helpers.go:220.3,220.44 1 0
backend.juicedbot.io/juiced.infrastructure/captcha/helpers.go:206.17,208.4 1 0
backend.juicedbot.io/juiced.infrastructure/captcha/helpers.go:212.17,214.4 1 0
backend.juicedbot.io/juiced.infrastructure/captcha/helpers.go:217.39,219.4 1 0
backend.juicedbot.io/juiced.infrastructure/captcha/helpers.go:220.44,222.4 1 0
backend.juicedbot.io/juiced.infrastructure/captcha/helpers.go:222.9,225.4 2 0
backend.juicedbot.io/juiced.infrastructure/captcha/helpers.go:231.92,238.16 3 0
backend.juicedbot.io/juiced.infrastructure/captcha/helpers.go:242.2,245.16 3 0
backend.juicedbot.io/juiced.infrastructure/captcha/helpers.go:249.2,253.16 4 0
backend.juicedbot.io/juiced.infrastructure/captcha/helpers.go:257.2,262.16 5 0
backend.juicedbot.io/juiced.infrastructure/captcha/helpers.go:267.2,267.34 1 0
backend.juicedbot.io/juiced.infrastructure/captcha/helpers.go:271.2,275.16 2 0
backend.juicedbot.io/juiced.infrastructure/captcha/helpers.go:279.2,282.16 3 0
backend.juicedbot.io/juiced.infrastructure/captcha/helpers.go:286.2,290.13 4 0
backend.juicedbot.io/juiced.infrastructure/captcha/helpers.go:312.2,312.32 1 0
backend.juicedbot.io/juiced.infrastructure/captcha/helpers.go:238.16,241.3 2 0
backend.juicedbot.io/juiced.infrastructure/captcha/helpers.go:245.16,248.3 2 0
backend.juicedbot.io/juiced.infrastructure/captcha/helpers.go:253.16,256.3 2 0
backend.juicedbot.io/juiced.infrastructure/captcha/helpers.go:262.16,265.3 2 0
backend.juicedbot.io/juiced.infrastructure/captcha/helpers.go:267.34,270.3 2 0
backend.juicedbot.io/juiced.infrastructure/captcha/helpers.go:275.16,278.3 2 0
backend.juicedbot.io/juiced.infrastructure/captcha/helpers.go:282.16,285.3 2 0
backend.juicedbot.io/juiced.infrastructure/captcha/helpers.go:290.13,292.17 2 0
backend.juicedbot.io/juiced.infrastructure/captcha/helpers.go:296.3,299.17 3 0
backend.juicedbot.io/juiced.infrastructure/captcha/helpers.go:303.3,304.43 2 0
backend.juicedbot.io/juiced.infrastructure/captcha/helpers.go:292.17,294.4 1 0
backend.juicedbot.io/juiced.infrastructure/captcha/helpers.go:299.17,301.4 1 0
backend.juicedbot.io/juiced.infrastructure/captcha/helpers.go:304.43,306.4 1 0
backend.juicedbot.io/juiced.infrastructure/captcha/helpers.go:306.9,309.4 2 0
backend.juicedbot.io/juiced.infrastructure/captcha/helpers.go:315.58,319.50 3 0
backend.juicedbot.io/juiced.infrastructure/captcha/helpers.go:323.2,324.26 2 0
backend.juicedbot.io/juiced.infrastructure/captcha/helpers.go:327.2,328.26 2 0
backend.juicedbot.io/juiced.infrastructure/captcha/helpers.go:332.2,339.19 2 0
backend.juicedbot.io/juiced.infrastructure/captcha/helpers.go:319.50,321.3 1 0
backend.juicedbot.io/juiced.infrastructure/captcha/helpers.go:324.26,326.3 1 0
backend.juicedbot.io/juiced.infrastructure/captcha/helpers.go:328.26,330.3 1 0
backend.juicedbot.io/juiced.infrastructure/discord/util.go:18.72,24.2 1 0
backend.juicedbot.io/juiced.infrastructure/discord/util.go:26.28,27.6 1 0
backend.juicedbot.io/juiced.infrastructure/discord/util.go:27.6,31.19 4 0
backend.juicedbot.io/juiced.infrastructure/discord/util.go:36.3,36.23 1 0
backend.juicedbot.io/juiced.infrastructure/discord/util.go:39.3,39.48 1 0
backend.juicedbot.io/juiced.infrastructure/discord/util.go:31.19,33.4 1 0
backend.juicedbot.io/juiced.infrastructure/discord/util.go:33.9,35.4 1 0
backend.juicedbot.io/juiced.infrastructure/discord/util.go:36.23,38.4 1 0
backend.juicedbot.io/juiced.infrastructure/discord/util.go:43.77,51.64 2 0
backend.juicedbot.io/juiced.infrastructure/discord/util.go:59.2,59.16 1 0
backend.juicedbot.io/juiced.infrastructure/discord/util.go:63.2,63.61 1 0
backend.juicedbot.io/juiced.infrastructure/discord/util.go:66.2,66.36 1 0
backend.juicedbot.io/juiced.infrastructure/discord/util.go:51.64,53.4 1 0
backend.juicedbot.io/juiced.infrastructure/discord/util.go:59.16,61.3 1 0
backend.juicedbot.io/juiced.infrastructure/discord/util.go:63.61,65.3 1 0
backend.juicedbot.io/juiced.infrastructure/discord/util.go:69.115,95.17 2 0
backend.juicedbot.io/juiced.infrastructure/discord/util.go:101.2,112.56 2 0
backend.juicedbot.io/juiced.infrastructure/discord/util.go:119.2,119.57 1 0
backend.juicedbot.io/juiced.infrastructure/discord/util.go:126.2,126.55 1 0
backend.juicedbot.io/juiced.infrastructure/discord/util.go:134.2,134.15 1 0
backend.juicedbot.io/juiced.infrastructure/discord/util.go:95.17,100.3 1 0
backend.juicedbot.io/juiced.infrastructure/discord/util.go:112.56,118.3 3 0
backend.juicedbot.io/juiced.infrastructure/discord/util.go:119.57,125.3 3 0
backend.juicedbot.io/juiced.infrastructure/discord/util.go:126.55,132.3 3 0
backend.juicedbot.io/juiced.infrastructure/enums/monitors.go:73.50,75.2 1 0
backend.juicedbot.io/juiced.infrastructure/enums/monitors.go:82.54,84.2 1 0
backend.juicedbot.io/juiced.infrastructure/enums/monitors.go:86.61,88.53 2 0
backend.juicedbot.io/juiced.infrastructure/enums/monitors.go:94.2,94.12 1 0
backend.juicedbot.io/juiced.infrastructure/enums/monitors.go:98.2,99.71 2 0
backend.juicedbot.io/juiced.infrastructure/enums/monitors.go:105.2,105.16 1 0
backend.juicedbot.io/juiced.infrastructure/enums/monitors.go:109.2,109.12 1 0
backend.juicedbot.io/juiced.infrastructure/enums/monitors.go:88.53,89.38 1 0
backend.juicedbot.io/juiced.infrastructure/enums/monitors.go:89.38,91.9 2 0
backend.juicedbot.io/juiced.infrastructure/enums/monitors.go:94.12,96.3 1 0
backend.juicedbot.io/juiced.infrastructure/enums/monitors.go:99.71,100.42 1 0
backend.juicedbot.io/juiced.infrastructure/enums/monitors.go:100.42,102.9 2 0
backend.juicedbot.io/juiced.infrastructure/enums/monitors.go:105.16,107.3 1 0
backend.juicedbot.io/juiced.infrastructure/enums/monitors.go:114.42,116.2 1 0
backend.juicedbot.io/juiced.infrastructure/enums/monitors.go:122.45,124.2 1 0
backend.juicedbot.io/juiced.infrastructure/enums/monitors.go:131.42,133.2 1 0
backend.juicedbot.io/juiced.infrastructure/enums/retailers.go:58.47,60.2 1 0
backend.juicedbot.io/juiced.infrastructure/enums/retailers.go:62.45,63.47 1 0
backend.juicedbot.io/juiced.infrastructure/enums/retailers.go:68.2,68.40 1 0
backend.juicedbot.io/juiced.infrastructure/enums/retailers.go:63.47,64.32 1 0
backend.juicedbot.io/juiced.infrastructure/enums/retailers.go:64.32,66.4 1 0
backend.juicedbot.io/juiced.infrastructure/events/bus.go:16.50,19.44 3 0
backend.juicedbot.io/juiced.infrastructure/events/bus.go:24.2,26.16 3 0
backend.juicedbot.io/juiced.infrastructure/events/bus.go:19.44,20.23 1 0
backend.juicedbot.io/juiced.infrastructure/events/bus.go:20.23,22.4 1 0
backend.juicedbot.io/juiced.infrastructure/events/bus.go:30.48,34.2 3 0
backend.juicedbot.io/juiced.infrastructure/events/bus.go:37.43,40.48 2 0
backend.juicedbot.io/juiced.infrastructure/events/bus.go:51.2,51.17 1 0
backend.juicedbot.io/juiced.infrastructure/events/bus.go:40.48,41.16 1 0
backend.juicedbot.io/juiced.infrastructure/events/bus.go:44.3,44.31 1 0
backend.juicedbot.io/juiced.infrastructure/events/bus.go:41.16,43.4 1 0
backend.juicedbot.io/juiced.infrastructure/events/bus.go:44.31,46.4 1 0
backend.juicedbot.io/juiced.infrastructure/events/bus.go:55.40,58.48 2 0
backend.juicedbot.io/juiced.infrastructure/events/bus.go:69.2,69.17 1 0
backend.juicedbot.io/juiced.infrastructure/events/bus.go:58.48,59.16 1 0
backend.juicedbot.io/juiced.infrastructure/events/bus.go:62.3,62.31 1 0
backend.juicedbot.io/juiced.infrastructure/events/bus.go:59.16,61.4 1 0
backend.juicedbot.io/juiced.infrastructure/events/bus.go:62.31,64.4 1 0
backend.juicedbot.io/juiced.infrastructure/events/bus.go:73.41,76.48 2 0
backend.juicedbot.io/juiced.infrastructure/events/bus.go:87.2,87.17 1 0
backend.juicedbot.io/juiced.infrastructure/events/bus.go:76.48,77.16 1 0
backend.juicedbot.io/juiced.infrastructure/events/bus.go:80.3,80.31 1 0
backend.juicedbot.io/juiced.infrastructure/events/bus.go:77.16,79.4 1 0
backend.juicedbot.io/juiced.infrastructure/events/bus.go:80.31,82.4 1 0
backend.juicedbot.io/juiced.infrastructure/events/bus.go:91.146,94.48 2 0
backend.juicedbot.io/juiced.infrastructure/events/bus.go:110.2,110.17 1 0
backend.juicedbot.io/juiced.infrastructure/events/bus.go:94.48,95.16 1 0
backend.juicedbot.io/juiced.infrastructure/events/bus.go:98.3,98.31 1 0
backend.juicedbot.io/juiced.infrastructure/events/bus.go:95.16,97.4 1 0
backend.juicedbot.io/juiced.infrastructure/events/bus.go:98.31,100.4 1 0
backend.juicedbot.io/juiced.infrastructure/events/bus.go:114.131,117.48 2 0
backend.juicedbot.io/juiced.infrastructure/events/bus.go:133.2,133.17 1 0
backend.juicedbot.io/juiced.infrastructure/events/bus.go:117.48,118.16 1 0
backend.juicedbot.io/juiced.infrastructure/events/bus.go:121.3,121.31 1 0
backend.juicedbot.io/juiced.infrastructure/events/bus.go:118.16,120.4 1 0
backend.juicedbot.io/juiced.infrastructure/events/bus.go:121.31,123.4 1 0
backend.juicedbot.io/juiced.infrastructure/events/bus.go:139.21,141.2 1 0
backend.juicedbot.io/juiced.infrastructure/events/bus.go:144.30,146.2 1 0
backend.juicedbot.io/juiced.infrastructure/database/checkouts.go:6.50,9.21 2 0
backend.juicedbot.io/juiced.infrastructure/database/checkouts.go:13.2,14.16 2 0
backend.juicedbot.io/juiced.infrastructure/database/checkouts.go:18.2,19.18 2 0
backend.juicedbot.io/juiced.infrastructure/database/checkouts.go:27.2,27.23 1 0
backend.juicedbot.io/juiced.infrastructure/database/checkouts.go:9.21,11.3 1 0
backend.juicedbot.io/juiced.infrastructure/database/checkouts.go:14.16,16.3 1 0
backend.juicedbot.io/juiced.infrastructure/database/checkouts.go:19.18,22.17 3 0
backend.juicedbot.io/juiced.infrastructure/database/checkouts.go:22.17,24.4 1 0
backend.juicedbot.io/juiced.infrastructure/database/checkouts.go:31.55,32.21 1 0
backend.juicedbot.io/juiced.infrastructure/database/checkouts.go:36.2,37.16 2 0
backend.juicedbot.io/juiced.infrastructure/database/checkouts.go:41.2,42.16 2 0
backend.juicedbot.io/juiced.infrastructure/database/checkouts.go:46.2,46.12 1 0
backend.juicedbot.io/juiced.infrastructure/database/checkouts.go:32.21,34.3 1 0
backend.juicedbot.io/juiced.infrastructure/database/checkouts.go:37.16,39.3 1 0
backend.juicedbot.io/juiced.infrastructure/database/checkouts.go:42.16,44.3 1 0
backend.juicedbot.io/juiced.infrastructure/database/profiles.go:15.51,17.21 2 0
backend.juicedbot.io/juiced.infrastructure/database/profiles.go:21.2,22.16 2 0
backend.juicedbot.io/juiced.infrastructure/database/profiles.go:26.2,27.18 2 0
backend.juicedbot.io/juiced.infrastructure/database/profiles.go:93.2,93.49 1 0
backend.juicedbot.io/juiced.infrastructure/database/profiles.go:97.2,97.22 1 0
backend.juicedbot.io/juiced.infrastructure/database/profiles.go:17.21,19.3 1 0
backend.juicedbot.io/juiced.infrastructure/database/profiles.go:22.16,24.3 1 0
backend.juicedbot.io/juiced.infrastructure/database/profiles.go:27.18,33.17 5 0
backend.juicedbot.io/juiced.infrastructure/database/profiles.go:37.3,38.17 2 0
backend.juicedbot.io/juiced.infrastructure/database/profiles.go:46.3,47.17 2 0
backend.juicedbot.io/juiced.infrastructure/database/profiles.go:56.3,56.27 1 0
backend.juicedbot.io/juiced.infrastructure/database/profiles.go:70.3,70.33 1 0
backend.juicedbot.io/juiced.infrastructure/database/profiles.go:84.3,85.17 2 0
backend.juicedbot.io/juiced.infrastructure/database/profiles.go:88.3,88.53 1 0
backend.juicedbot.io/juiced.infrastructure/database/profiles.go:33.17,35.4 1 0
backend.juicedbot.io/juiced.infrastructure/database/profiles.go:38.17,40.4 1 0
backend.juicedbot.io/juiced.infrastructure/database/profiles.go:40.9,42.18 2 0
backend.juicedbot.io/juiced.infrastructure/database/profiles.go:42.18,44.5 1 0
backend.juicedbot.io/juiced.infrastructure/database/profiles.go:47.17,49.4 1 0
backend.juicedbot.io/juiced.infrastructure/database/profiles.go:49.9,51.18 2 0
backend.juicedbot.io/juiced.infrastructure/database/profiles.go:51.18,53.5 1 0
backend.juicedbot.io/juiced.infrastructure/database/profiles.go:56.27,57.14 1 0
backend.juicedbot.io/juiced.infrastructure/database/profiles.go:57.14,58.9 1 0
backend.juicedbot.io/juiced.infrastructure/database/profiles.go:58.9,60.20 2 0
backend.juicedbot.io/juiced.infrastructure/database/profiles.go:60.20,62.15 2 0
backend.juicedbot.io/juiced.infrastructure/database/profiles.go:63.12,64.12 1 0
backend.juicedbot.io/juiced.infrastructure/database/profiles.go:70.33,71.14 1 0
backend.juicedbot.io/juiced.infrastructure/database/profiles.go:71.14,72.9 1 0
backend.juicedbot.io/juiced.infrastructure/database/profiles.go:72.9,74.20 2 0
backend.juicedbot.io/juiced.infrastructure/database/profiles.go:74.20,76.15 2 0
backend.juicedbot.io/juiced.infrastructure/database/profiles.go:77.12,78.12 1 0
backend.juicedbot.io/juiced.infrastructure/database/profiles.go:85.17,87.4 1 0
backend.juicedbot.io/juiced.infrastructure/database/profiles.go:88.53,90.4 1 0
backend.juicedbot.io/juiced.infrastructure/database/profiles.go:93.49,95.3 1 0
backend.juicedbot.io/juiced.infrastructure/database/profiles.go:101.54,103.21 2 0
backend.juicedbot.io/juiced.infrastructure/database/profiles.go:107.2,108.16 2 0
backend.juicedbot.io/juiced.infrastructure/database/profiles.go:112.2,113.16 2 0
backend.juicedbot.io/juiced.infrastructure/database/profiles.go:117.2,118.18 2 0
backend.juicedbot.io/juiced.infrastructure/database/profiles.go:125.2,125.32 1 0
backend.juicedbot.io/juiced.infrastructure/database/profiles.go:103.21,105.3 1 0
backend.juicedbot.io/juiced.infrastructure/database/profiles.go:108.16,110.3 1 0
backend.juicedbot.io/juiced.infrastructure/database/profiles.go:113.16,115.3 1 0
backend.juicedbot.io/juiced.infrastructure/database/profiles.go:118.18,120.17 2 0
backend.juicedbot.io/juiced.infrastructure/database/profiles.go:120.17,122.4 1 0
backend.juicedbot.io/juiced.infrastructure/database/profiles.go:129.62,131.21 2 0
backend.juicedbot.io/juiced.infrastructure/database/profiles.go:135.2,136.16 2 0
backend.juicedbot.io/juiced.infrastructure/database/profiles.go:140.2,141.16 2 0
backend.juicedbot.io/juiced.infrastructure/database/profiles.go:145.2,146.18 2 0
backend.juicedbot.io/juiced.infrastructure/database/profiles.go:153.2,153.32 1 0
backend.juicedbot.io/juiced.infrastructure/database/profiles.go:131.21,133.3 1 0
backend.juicedbot.io/juiced.infrastructure/database/profiles.go:136.16,138.3 1 0
backend.juicedbot.io/juiced.infrastructure/database/profiles.go:141.16,143.3 1 0
backend.juicedbot.io/juiced.infrastructure/database/profiles.go:146.18,148.17 2 0
backend.juicedbot.io/juiced.infrastructure/database/profiles.go:148.17,150.4 1 0
backend.juicedbot.io/juiced.infrastructure/database/profiles.go:156.52,157.21 1 0
backend.juicedbot.io/juiced.infrastructure/database/profiles.go:161.2,162.16 2 0
backend.juicedbot.io/juiced.infrastructure/database/profiles.go:165.2,166.16 2 0
backend.juicedbot.io/juiced.infrastructure/database/profiles.go:170.2,171.16 2 0
backend.juicedbot.io/juiced.infrastructure/database/profiles.go:175.2,176.16 2 0
backend.juicedbot.io/juiced.infrastructure/database/profiles.go:180.2,180.36 1 0
backend.juicedbot.io/juiced.infrastructure/database/profiles.go:157.21,159.3 1 0
backend.juicedbot.io/juiced.infrastructure/database/profiles.go:162.16,164.3 1 0
backend.juicedbot.io/juiced.infrastructure/database/profiles.go:166.16,168.3 1 0
backend.juicedbot.io/juiced.infrastructure/database/profiles.go:171.16,173.3 1 0
backend.juicedbot.io/juiced.infrastructure/database/profiles.go:176.16,178.3 1 0
backend.juicedbot.io/juiced.infrastructure/database/profiles.go:183.37,184.21 1 0
backend.juicedbot.io/juiced.infrastructure/database/profiles.go:188.2,189.16 2 0
backend.juicedbot.io/juiced.infrastructure/database/profiles.go:192.2,193.16 2 0
backend.juicedbot.io/juiced.infrastructure/database/profiles.go:197.2,197.31 1 0
backend.juicedbot.io/juiced.infrastructure/database/profiles.go:184.21,186.3 1 0
backend.juicedbot.io/juiced.infrastructure/database/profiles.go:189.16,191.3 1 0
backend.juicedbot.io/juiced.infrastructure/database/profiles.go:193.16,195.3 1 0
backend.juicedbot.io/juiced.infrastructure/database/profiles.go:200.66,202.16 2 0
backend.juicedbot.io/juiced.infrastructure/database/profiles.go:205.2,206.34 2 0
backend.juicedbot.io/juiced.infrastructure/database/profiles.go:202.16,204.3 1 0
backend.juicedbot.io/juiced.infrastructure/database/profiles.go:209.62,210.21 1 0
backend.juicedbot.io/juiced.infrastructure/database/profiles.go:214.2,215.16 2 0
backend.juicedbot.io/juiced.infrastructure/database/profiles.go:219.2,220.16 2 0
backend.juicedbot.io/juiced.infrastructure/database/profiles.go:224.2,225.16 2 0
backend.juicedbot.io/juiced.infrastructure/database/profiles.go:229.2,229.12 1 0
backend.juicedbot.io/juiced.infrastructure/database/profiles.go:210.21,212.3 1 0
backend.juicedbot.io/juiced.infrastructure/database/profiles.go:215.16,217.3 1 0
backend.juicedbot.io/juiced.infrastructure/database/profiles.go:220.16,222.3 1 0
backend.juicedbot.io/juiced.infrastructure/database/profiles.go:225.16,227.3 1 0
backend.juicedbot.io/juiced.infrastructure/database/profiles.go:231.61,232.21 1 0
backend.juicedbot.io/juiced.infrastructure/database/profiles.go:236.2,237.16 2 0
backend.juicedbot.io/juiced.infrastructure/database/profiles.go:241.2,242.16 2 0
backend.juicedbot.io/juiced.infrastructure/database/profiles.go:246.2,247.16 2 0
backend.juicedbot.io/juiced.infrastructure/database/profiles.go:251.2,251.12 1 0
backend.juicedbot.io/juiced.infrastructure/database/profiles.go:232.21,234.3 1 0
backend.juicedbot.io/juiced.infrastructure/database/profiles.go:237.16,239.3 1 0
backend.juicedbot.io/juiced.infrastructure/database/profiles.go:242.16,244.3 1 0
backend.juicedbot.io/juiced.infrastructure/database/profiles.go:247.16,249.3 1 0
backend.juicedbot.io/juiced.infrastructure/database/profiles.go:253.50,254.21 1 0
backend.juicedbot.io/juiced.infrastructure/database/profiles.go:258.2,259.16 2 0
backend.juicedbot.io/juiced.infrastructure/database/profiles.go:263.2,264.16 2 0
backend.juicedbot.io/juiced.infrastructure/database/profiles.go:268.2,269.16 2 0
backend.juicedbot.io/juiced.infrastructure/database/profiles.go:273.2,273.12 1 0
backend.juicedbot.io/juiced.infrastructure/database/profiles.go:254.21,256.3 1 0
backend.juicedbot.io/juiced.infrastructure/database/profiles.go:259.16,261.3 1 0
backend.juicedbot.io/juiced.infrastructure/database/profiles.go:264.16,266.3 1 0
backend.juicedbot.io/juiced.infrastructure/database/profiles.go:269.16,271.3 1 0
backend.juicedbot.io/juiced.infrastructure/database/profiles.go:276.57,278.16 2 0
backend.juicedbot.io/juiced.infrastructure/database/profiles.go:281.2,282.16 2 0
backend.juicedbot.io/juiced.infrastructure/database/profiles.go:285.2,285.29 1 0
backend.juicedbot.io/juiced.infrastructure/database/profiles.go:278.16,280.3 1 0
backend.juicedbot.io/juiced.infrastructure/database/profiles.go:282.16,284.3 1 0
backend.juicedbot.io/juiced.infrastructure/database/profiles.go:288.47,289.21 1 0
backend.juicedbot.io/juiced.infrastructure/database/profiles.go:293.2,294.16 2 0
backend.juicedbot.io/juiced.infrastructure/database/profiles.go:297.2,299.12 2 0
backend.juicedbot.io/juiced.infrastructure/database/profiles.go:289.21,291.3 1 0
backend.juicedbot.io/juiced.infrastructure/database/profiles.go:294.16,296.3 1 0
backend.juicedbot.io/juiced.infrastructure/database/profiles.go:302.46,303.21 1 0
backend.juicedbot.io/juiced.infrastructure/database/profiles.go:307.2,308.16 2 0
backend.juicedbot.io/juiced.infrastructure/database/profiles.go:311.2,313.12 2 0
backend.juicedbot.io/juiced.infrastructure/database/profiles.go:303.21,305.3 1 0
backend.juicedbot.io/juiced.infrastructure/database/profiles.go:308.16,310.3 1 0
backend.juicedbot.io/juiced.infrastructure/database/profiles.go:316.35,317.21 1 0
backend.juicedbot.io/juiced.infrastructure/database/profiles.go:321.2,322.16 2 0
backend.juicedbot.io/juiced.infrastructure/database/profiles.go:325.2,327.12 2 0
backend.juicedbot.io/juiced.infrastructure/database/profiles.go:317.21,319.3 1 0
backend.juicedbot.io/juiced.infrastructure/database/profiles.go:322.16,324.3 1 0
backend.juicedbot.io/juiced.infrastructure/database/profiles.go:330.42,332.16 2 0
backend.juicedbot.io/juiced.infrastructure/database/profiles.go:335.2,336.16 2 0
backend.juicedbot.io/juiced.infrastructure/database/profiles.go:339.2,339.24 1 0
backend.juicedbot.io/juiced.infrastructure/database/profiles.go:332.16,334.3 1 0
backend.juicedbot.io/juiced.infrastructure/database/profiles.go:336.16,338.3 1 0
backend.juicedbot.io/juiced.infrastructure/database/profiles.go:342.77,343.21 1 0
backend.juicedbot.io/juiced.infrastructure/database/profiles.go:347.2,348.16 2 0
backend.juicedbot.io/juiced.infrastructure/database/profiles.go:351.2,352.16 2 0
backend.juicedbot.io/juiced.infrastructure/database/profiles.go:356.2,357.18 2 0
backend.juicedbot.io/juiced.infrastructure/database/profiles.go:560.2,560.21 1 0
backend.juicedbot.io/juiced.infrastructure/database/profiles.go:343.21,345.3 1 0
backend.juicedbot.io/juiced.infrastructure/database/profiles.go:348.16,350.3 1 0
backend.juicedbot.io/juiced.infrastructure/database/profiles.go:352.16,354.3 1 0
backend.juicedbot.io/juiced.infrastructure/database/profiles.go:357.18,368.17 10 0
backend.juicedbot.io/juiced.infrastructure/database/profiles.go:372.3,373.17 2 0
backend.juicedbot.io/juiced.infrastructure/database/profiles.go:381.3,382.17 2 0
backend.juicedbot.io/juiced.infrastructure/database/profiles.go:390.3,391.17 2 0
backend.juicedbot.io/juiced.infrastructure/database/profiles.go:399.3,400.17 2 0
backend.juicedbot.io/juiced.infrastructure/database/profiles.go:408.3,409.17 2 0
backend.juicedbot.io/juiced.infrastructure/database/profiles.go:417.3,418.17 2 0
backend.juicedbot.io/juiced.infrastructure/database/profiles.go:426.3,427.17 2 0
backend.juicedbot.io/juiced.infrastructure/database/profiles.go:435.3,436.17 2 0
backend.juicedbot.io/juiced.infrastructure/database/profiles.go:445.3,445.31 1 0
backend.juicedbot.io/juiced.infrastructure/database/profiles.go:459.3,459.30 1 0
backend.juicedbot.io/juiced.infrastructure/database/profiles.go:473.3,473.30 1 0
backend.juicedbot.io/juiced.infrastructure/database/profiles.go:487.3,487.30 1 0
backend.juicedbot.io/juiced.infrastructure/database/profiles.go:501.3,501.26 1 0
backend.juicedbot.io/juiced.infrastructure/database/profiles.go:516.3,516.29 1 0
backend.juicedbot.io/juiced.infrastructure/database/profiles.go:530.3,530.31 1 0
backend.juicedbot.io/juiced.infrastructure/database/profiles.go:544.3,544.33 1 0
backend.juicedbot.io/juiced.infrastructure/database/profiles.go:368.17,370.4 1 0
backend.juicedbot.io/juiced.infrastructure/database/profiles.go:373.17,375.4 1 0
backend.juicedbot.io/juiced.infrastructure/database/profiles.go:375.9,377.18 2 0
backend.juicedbot.io/juiced.infrastructure/database/profiles.go:377.18,379.5 1 0
backend.juicedbot.io/juiced.infrastructure/database/profiles.go:382.17,384.4 1 0
backend.juicedbot.io/juiced.infrastructure/database/profiles.go:384.9,386.18 2 0
backend.juicedbot.io/juiced.infrastructure/database/profiles.go:386.18,388.5 1 0
backend.juicedbot.io/juiced.infrastructure/database/profiles.go:391.17,393.4 1 0
backend.juicedbot.io/juiced.infrastructure/database/profiles.go:393.9,395.18 2 0
backend.juicedbot.io/juiced.infrastructure/database/profiles.go:395.18,397.5 1 0
backend.juicedbot.io/juiced.infrastructure/database/profiles.go:400.17,402.4 1 0
backend.juicedbot.io/juiced.infrastructure/database/profiles.go:402.9,404.18 2 0
backend.juicedbot.io/juiced.infrastructure/database/profiles.go:404.18,406.5 1 0
backend.juicedbot.io/juiced.infrastructure/database/profiles.go:409.17,411.4 1 0
backend.juicedbot.io/juiced.infrastructure/database/profiles.go:411.9,413.18 2 0
backend.juicedbot.io/juiced.infrastructure/database/profiles.go:413.18,415.5 1 0
backend.juicedbot.io/juiced.infrastructure/database/profiles.go:418.17,420.4 1 0
backend.juicedbot.io/juiced.infrastructure/database/profiles.go:420.9,422.18 2 0
backend.juicedbot.io/juiced.infrastructure/database/profiles.go:422.18,424.5 1 0
backend.juicedbot.io/juiced.infrastructure/database/profiles.go:427.17,429.4 1 0
backend.juicedbot.io/juiced.infrastructure/database/profiles.go:429.9,431.18 2 0
backend.juicedbot.io/juiced.infrastructure/database/profiles.go:431.18,433.5 1 0
backend.juicedbot.io/juiced.infrastructure/database/profiles.go:436.17,438.4 1 0
backend.juicedbot.io/juiced.infrastructure/database/profiles.go:438.9,440.18 2 0
backend.juicedbot.io/juiced.infrastructure/database/profiles.go:440.18,442.5 1 0
backend.juicedbot.io/juiced.infrastructure/database/profiles.go:445.31,446.14 1 0
backend.juicedbot.io/juiced.infrastructure/database/profiles.go:446.14,447.9 1 0
[...]
backend.juicedbot.io/juiced.security/auth/util/helpers.go:665.2,666.16 2 0
backend.juicedbot.io/juiced.security/auth/util/helpers.go:669.2,670.16 2 0
backend.juicedbot.io/juiced.security/auth/util/helpers.go:673.2,674.16 2 0
backend.juicedbot.io/juiced.security/auth/util/helpers.go:677.2,678.16 2 0
backend.juicedbot.io/juiced.security/auth/util/helpers.go:681.2,682.16 2 0
backend.juicedbot.io/juiced.security/auth/util/helpers.go:686.2,687.16 2 0
backend.juicedbot.io/juiced.security/auth/util/helpers.go:690.2,691.16 2 0
backend.juicedbot.io/juiced.security/auth/util/helpers.go:694.2,695.16 2 0
backend.juicedbot.io/juiced.security/auth/util/helpers.go:698.2,699.16 2 0
backend.juicedbot.io/juiced.security/auth/util/helpers.go:702.2,703.16 2 0
backend.juicedbot.io/juiced.security/auth/util/helpers.go:707.2,730.16 13 0
backend.juicedbot.io/juiced.security/auth/util/helpers.go:734.2,736.16 3 0
backend.juicedbot.io/juiced.security/auth/util/helpers.go:740.2,743.16 3 0
backend.juicedbot.io/juiced.security/auth/util/helpers.go:749.2,749.28 1 0
backend.juicedbot.io/juiced.security/auth/util/helpers.go:753.2,760.16 4 0
backend.juicedbot.io/juiced.security/auth/util/helpers.go:764.2,764.37 1 0
backend.juicedbot.io/juiced.security/auth/util/helpers.go:635.42,637.3 1 0
backend.juicedbot.io/juiced.security/auth/util/helpers.go:643.16,645.3 1 0
backend.juicedbot.io/juiced.security/auth/util/helpers.go:650.16,652.3 1 0
backend.juicedbot.io/juiced.security/auth/util/helpers.go:654.16,656.3 1 0
backend.juicedbot.io/juiced.security/auth/util/helpers.go:658.16,660.3 1 0
backend.juicedbot.io/juiced.security/auth/util/helpers.go:662.16,664.3 1 0
backend.juicedbot.io/juiced.security/auth/util/helpers.go:666.16,668.3 1 0
backend.juicedbot.io/juiced.security/auth/util/helpers.go:670.16,672.3 1 0
backend.juicedbot.io/juiced.security/auth/util/helpers.go:674.16,676.3 1 0
backend.juicedbot.io/juiced.security/auth/util/helpers.go:678.16,680.3 1 0
backend.juicedbot.io/juiced.security/auth/util/helpers.go:682.16,684.3 1 0
backend.juicedbot.io/juiced.security/auth/util/helpers.go:687.16,689.3 1 0
backend.juicedbot.io/juiced.security/auth/util/helpers.go:691.16,693.3 1 0
backend.juicedbot.io/juiced.security/auth/util/helpers.go:695.16,697.3 1 0
backend.juicedbot.io/juiced.security/auth/util/helpers.go:699.16,701.3 1 0
backend.juicedbot.io/juiced.security/auth/util/helpers.go:703.16,705.3 1 0
backend.juicedbot.io/juiced.security/auth/util/helpers.go:730.16,732.3 1 0
backend.juicedbot.io/juiced.security/auth/util/helpers.go:736.16,738.3 1 0
backend.juicedbot.io/juiced.security/auth/util/helpers.go:743.16,745.3 1 0
backend.juicedbot.io/juiced.security/auth/util/helpers.go:749.28,751.3 1 0
backend.juicedbot.io/juiced.security/auth/util/helpers.go:760.16,762.3 1 0
backend.juicedbot.io/juiced.security/auth/util/helpers.go:767.100,773.16 4 0
backend.juicedbot.io/juiced.security/auth/util/helpers.go:776.2,777.16 2 0
backend.juicedbot.io/juiced.security/auth/util/helpers.go:780.2,781.16 2 0
backend.juicedbot.io/juiced.security/auth/util/helpers.go:785.2,791.27 2 0
backend.juicedbot.io/juiced.security/auth/util/helpers.go:773.16,775.3 1 0
backend.juicedbot.io/juiced.security/auth/util/helpers.go:777.16,779.3 1 0
backend.juicedbot.io/juiced.security/auth/util/helpers.go:781.16,783.3 1 0
backend.juicedbot.io/juiced.security/auth/util/helpers.go:794.197,803.42 6 0
backend.juicedbot.io/juiced.security/auth/util/helpers.go:807.2,811.16 4 0
backend.juicedbot.io/juiced.security/auth/util/helpers.go:815.2,818.16 3 0
backend.juicedbot.io/juiced.security/auth/util/helpers.go:821.2,822.16 2 0
backend.juicedbot.io/juiced.security/auth/util/helpers.go:825.2,826.16 2 0
backend.juicedbot.io/juiced.security/auth/util/helpers.go:830.2,831.16 2 0
backend.juicedbot.io/juiced.security/auth/util/helpers.go:834.2,835.16 2 0
backend.juicedbot.io/juiced.security/auth/util/helpers.go:838.2,839.16 2 0
backend.juicedbot.io/juiced.security/auth/util/helpers.go:842.2,843.16 2 0
backend.juicedbot.io/juiced.security/auth/util/helpers.go:846.2,847.16 2 0
backend.juicedbot.io/juiced.security/auth/util/helpers.go:850.2,851.16 2 0
backend.juicedbot.io/juiced.security/auth/util/helpers.go:854.2,855.16 2 0
backend.juicedbot.io/juiced.security/auth/util/helpers.go:858.2,859.16 2 0
backend.juicedbot.io/juiced.security/auth/util/helpers.go:862.2,863.16 2 0
backend.juicedbot.io/juiced.security/auth/util/helpers.go:866.2,867.16 2 0
backend.juicedbot.io/juiced.security/auth/util/helpers.go:870.2,871.16 2 0
backend.juicedbot.io/juiced.security/auth/util/helpers.go:874.2,875.16 2 0
backend.juicedbot.io/juiced.security/auth/util/helpers.go:879.2,880.16 2 0
backend.juicedbot.io/juiced.security/auth/util/helpers.go:883.2,884.16 2 0
backend.juicedbot.io/juiced.security/auth/util/helpers.go:887.2,888.16 2 0
backend.juicedbot.io/juiced.security/auth/util/helpers.go:891.2,892.16 2 0
backend.juicedbot.io/juiced.security/auth/util/helpers.go:895.2,896.16 2 0
backend.juicedbot.io/juiced.security/auth/util/helpers.go:900.2,929.16 13 0
backend.juicedbot.io/juiced.security/auth/util/helpers.go:933.2,935.16 3 0
backend.juicedbot.io/juiced.security/auth/util/helpers.go:939.2,942.16 3 0
backend.juicedbot.io/juiced.security/auth/util/helpers.go:946.2,946.29 1 0
backend.juicedbot.io/juiced.security/auth/util/helpers.go:950.2,950.62 1 0
backend.juicedbot.io/juiced.security/auth/util/helpers.go:803.42,805.3 1 0
backend.juicedbot.io/juiced.security/auth/util/helpers.go:811.16,813.3 1 0
backend.juicedbot.io/juiced.security/auth/util/helpers.go:818.16,820.3 1 0
backend.juicedbot.io/juiced.security/auth/util/helpers.go:822.16,824.3 1 0
backend.juicedbot.io/juiced.security/auth/util/helpers.go:826.16,828.3 1 0
backend.juicedbot.io/juiced.security/auth/util/helpers.go:831.16,833.3 1 0
backend.juicedbot.io/juiced.security/auth/util/helpers.go:835.16,837.3 1 0
backend.juicedbot.io/juiced.security/auth/util/helpers.go:839.16,841.3 1 0
backend.juicedbot.io/juiced.security/auth/util/helpers.go:843.16,845.3 1 0
backend.juicedbot.io/juiced.security/auth/util/helpers.go:847.16,849.3 1 0
backend.juicedbot.io/juiced.security/auth/util/helpers.go:851.16,853.3 1 0
backend.juicedbot.io/juiced.security/auth/util/helpers.go:855.16,857.3 1 0
backend.juicedbot.io/juiced.security/auth/util/helpers.go:859.16,861.3 1 0
backend.juicedbot.io/juiced.security/auth/util/helpers.go:863.16,865.3 1 0
backend.juicedbot.io/juiced.security/auth/util/helpers.go:867.16,869.3 1 0
backend.juicedbot.io/juiced.security/auth/util/helpers.go:871.16,873.3 1 0
backend.juicedbot.io/juiced.security/auth/util/helpers.go:875.16,877.3 1 0
backend.juicedbot.io/juiced.security/auth/util/helpers.go:880.16,882.3 1 0
backend.juicedbot.io/juiced.security/auth/util/helpers.go:884.16,886.3 1 0
backend.juicedbot.io/juiced.security/auth/util/helpers.go:888.16,890.3 1 0
backend.juicedbot.io/juiced.security/auth/util/helpers.go:892.16,894.3 1 0
backend.juicedbot.io/juiced.security/auth/util/helpers.go:896.16,898.3 1 0
backend.juicedbot.io/juiced.security/auth/util/helpers.go:929.16,931.3 1 0
backend.juicedbot.io/juiced.security/auth/util/helpers.go:935.16,937.3 1 0
backend.juicedbot.io/juiced.security/auth/util/helpers.go:942.16,944.3 1 0
backend.juicedbot.io/juiced.security/auth/util/helpers.go:946.29,948.3 1 0
backend.juicedbot.io/juiced.security/auth/util/helpers.go:953.103,959.16 4 0
backend.juicedbot.io/juiced.security/auth/util/helpers.go:962.2,963.16 2 0
backend.juicedbot.io/juiced.security/auth/util/helpers.go:966.2,967.16 2 0
backend.juicedbot.io/juiced.security/auth/util/helpers.go:970.2,971.16 2 0
backend.juicedbot.io/juiced.security/auth/util/helpers.go:975.2,984.28 2 0
backend.juicedbot.io/juiced.security/auth/util/helpers.go:959.16,961.3 1 0
backend.juicedbot.io/juiced.security/auth/util/helpers.go:963.16,965.3 1 0
backend.juicedbot.io/juiced.security/auth/util/helpers.go:967.16,969.3 1 0
backend.juicedbot.io/juiced.security/auth/util/helpers.go:971.16,973.3 1 0
backend.juicedbot.io/juiced.security/auth/util/helpers.go:987.223,996.42 6 0
backend.juicedbot.io/juiced.security/auth/util/helpers.go:1000.2,1004.16 4 0
backend.juicedbot.io/juiced.security/auth/util/helpers.go:1008.2,1011.16 3 0
backend.juicedbot.io/juiced.security/auth/util/helpers.go:1014.2,1015.16 2 0
backend.juicedbot.io/juiced.security/auth/util/helpers.go:1018.2,1019.16 2 0
backend.juicedbot.io/juiced.security/auth/util/helpers.go:1023.2,1024.16 2 0
backend.juicedbot.io/juiced.security/auth/util/helpers.go:1027.2,1028.16 2 0
backend.juicedbot.io/juiced.security/auth/util/helpers.go:1031.2,1032.16 2 0
backend.juicedbot.io/juiced.security/auth/util/helpers.go:1035.2,1036.16 2 0
backend.juicedbot.io/juiced.security/auth/util/helpers.go:1039.2,1040.16 2 0
backend.juicedbot.io/juiced.security/auth/util/helpers.go:1043.2,1044.16 2 0
backend.juicedbot.io/juiced.security/auth/util/helpers.go:1047.2,1048.16 2 0
backend.juicedbot.io/juiced.security/auth/util/helpers.go:1052.2,1053.16 2 0
backend.juicedbot.io/juiced.security/auth/util/helpers.go:1056.2,1057.16 2 0
backend.juicedbot.io/juiced.security/auth/util/helpers.go:1060.2,1061.16 2 0
backend.juicedbot.io/juiced.security/auth/util/helpers.go:1064.2,1065.16 2 0
backend.juicedbot.io/juiced.security/auth/util/helpers.go:1068.2,1069.16 2 0
backend.juicedbot.io/juiced.security/auth/util/helpers.go:1073.2,1097.16 13 0
backend.juicedbot.io/juiced.security/auth/util/helpers.go:1101.2,1103.16 3 0
backend.juicedbot.io/juiced.security/auth/util/helpers.go:1107.2,1110.16 3 0
backend.juicedbot.io/juiced.security/auth/util/helpers.go:1114.2,1114.29 1 0
backend.juicedbot.io/juiced.security/auth/util/helpers.go:1118.2,1118.62 1 0
backend.juicedbot.io/juiced.security/auth/util/helpers.go:996.42,998.3 1 0
backend.juicedbot.io/juiced.security/auth/util/helpers.go:1004.16,1006.3 1 0
backend.juicedbot.io/juiced.security/auth/util/helpers.go:1011.16,1013.3 1 0
backend.juicedbot.io/juiced.security/auth/util/helpers.go:1015.16,1017.3 1 0
backend.juicedbot.io/juiced.security/auth/util/helpers.go:1019.16,1021.3 1 0
backend.juicedbot.io/juiced.security/auth/util/helpers.go:1024.16,1026.3 1 0
backend.juicedbot.io/juiced.security/auth/util/helpers.go:1028.16,1030.3 1 0
backend.juicedbot.io/juiced.security/auth/util/helpers.go:1032.16,1034.3 1 0
backend.juicedbot.io/juiced.security/auth/util/helpers.go:1036.16,1038.3 1 0
backend.juicedbot.io/juiced.security/auth/util/helpers.go:1040.16,1042.3 1 0
backend.juicedbot.io/juiced.security/auth/util/helpers.go:1044.16,1046.3 1 0
backend.juicedbot.io/juiced.security/auth/util/helpers.go:1048.16,1050.3 1 0
backend.juicedbot.io/juiced.security/auth/util/helpers.go:1053.16,1055.3 1 0
backend.juicedbot.io/juiced.security/auth/util/helpers.go:1057.16,1059.3 1 0
backend.juicedbot.io/juiced.security/auth/util/helpers.go:1061.16,1063.3 1 0
backend.juicedbot.io/juiced.security/auth/util/helpers.go:1065.16,1067.3 1 0
backend.juicedbot.io/juiced.security/auth/util/helpers.go:1069.16,1071.3 1 0
backend.juicedbot.io/juiced.security/auth/util/helpers.go:1097.16,1099.3 1 0
backend.juicedbot.io/juiced.security/auth/util/helpers.go:1103.16,1105.3 1 0
backend.juicedbot.io/juiced.security/auth/util/helpers.go:1110.16,1112.3 1 0
backend.juicedbot.io/juiced.security/auth/util/helpers.go:1114.29,1116.3 1 0
backend.juicedbot.io/juiced.security/auth/util/helpers.go:1121.139,1127.16 4 0
backend.juicedbot.io/juiced.security/auth/util/helpers.go:1130.2,1131.16 2 0
backend.juicedbot.io/juiced.security/auth/util/helpers.go:1134.2,1135.16 2 0
backend.juicedbot.io/juiced.security/auth/util/helpers.go:1138.2,1139.16 2 0
backend.juicedbot.io/juiced.security/auth/util/helpers.go:1142.2,1143.16 2 0
backend.juicedbot.io/juiced.security/auth/util/helpers.go:1146.2,1147.16 2 0
backend.juicedbot.io/juiced.security/auth/util/helpers.go:1150.2,1151.16 2 0
backend.juicedbot.io/juiced.security/auth/util/helpers.go:1154.2,1155.16 2 0
backend.juicedbot.io/juiced.security/auth/util/helpers.go:1158.2,1159.16 2 0
backend.juicedbot.io/juiced.security/auth/util/helpers.go:1163.2,1174.28 2 0
backend.juicedbot.io/juiced.security/auth/util/helpers.go:1127.16,1129.3 1 0
backend.juicedbot.io/juiced.security/auth/util/helpers.go:1131.16,1133.3 1 0
backend.juicedbot.io/juiced.security/auth/util/helpers.go:1135.16,1137.3 1 0
backend.juicedbot.io/juiced.security/auth/util/helpers.go:1139.16,1141.3 1 0
backend.juicedbot.io/juiced.security/auth/util/helpers.go:1143.16,1145.3 1 0
backend.juicedbot.io/juiced.security/auth/util/helpers.go:1147.16,1149.3 1 0
backend.juicedbot.io/juiced.security/auth/util/helpers.go:1151.16,1153.3 1 0
backend.juicedbot.io/juiced.security/auth/util/helpers.go:1155.16,1157.3 1 0
backend.juicedbot.io/juiced.security/auth/util/helpers.go:1159.16,1161.3 1 0
backend.juicedbot.io/juiced.security/auth/util/helpers.go:1177.126,1185.42 5 0
backend.juicedbot.io/juiced.security/auth/util/helpers.go:1189.2,1193.16 4 0
backend.juicedbot.io/juiced.security/auth/util/helpers.go:1197.2,1200.16 3 0
backend.juicedbot.io/juiced.security/auth/util/helpers.go:1203.2,1204.16 2 0
backend.juicedbot.io/juiced.security/auth/util/helpers.go:1207.2,1208.16 2 0
backend.juicedbot.io/juiced.security/auth/util/helpers.go:1212.2,1213.16 2 0
backend.juicedbot.io/juiced.security/auth/util/helpers.go:1216.2,1217.16 2 0
backend.juicedbot.io/juiced.security/auth/util/helpers.go:1220.2,1221.16 2 0
backend.juicedbot.io/juiced.security/auth/util/helpers.go:1224.2,1225.16 2 0
backend.juicedbot.io/juiced.security/auth/util/helpers.go:1228.2,1229.16 2 0
backend.juicedbot.io/juiced.security/auth/util/helpers.go:1232.2,1233.16 2 0
backend.juicedbot.io/juiced.security/auth/util/helpers.go:1237.2,1238.16 2 0
backend.juicedbot.io/juiced.security/auth/util/helpers.go:1241.2,1242.16 2 0
backend.juicedbot.io/juiced.security/auth/util/helpers.go:1245.2,1246.16 2 0
backend.juicedbot.io/juiced.security/auth/util/helpers.go:1249.2,1250.16 2 0
backend.juicedbot.io/juiced.security/auth/util/helpers.go:1253.2,1254.16 2 0
backend.juicedbot.io/juiced.security/auth/util/helpers.go:1258.2,1281.16 13 0
backend.juicedbot.io/juiced.security/auth/util/helpers.go:1285.2,1287.16 3 0
backend.juicedbot.io/juiced.security/auth/util/helpers.go:1291.2,1294.16 3 0
backend.juicedbot.io/juiced.security/auth/util/helpers.go:1298.2,1298.34 1 0
backend.juicedbot.io/juiced.security/auth/util/helpers.go:1302.2,1302.28 1 0
backend.juicedbot.io/juiced.security/auth/util/helpers.go:1185.42,1187.3 1 0
backend.juicedbot.io/juiced.security/auth/util/helpers.go:1193.16,1195.3 1 0
backend.juicedbot.io/juiced.security/auth/util/helpers.go:1200.16,1202.3 1 0
backend.juicedbot.io/juiced.security/auth/util/helpers.go:1204.16,1206.3 1 0
backend.juicedbot.io/juiced.security/auth/util/helpers.go:1208.16,1210.3 1 0
backend.juicedbot.io/juiced.security/auth/util/helpers.go:1213.16,1215.3 1 0
backend.juicedbot.io/juiced.security/auth/util/helpers.go:1217.16,1219.3 1 0
backend.juicedbot.io/juiced.security/auth/util/helpers.go:1221.16,1223.3 1 0
backend.juicedbot.io/juiced.security/auth/util/helpers.go:1225.16,1227.3 1 0
backend.juicedbot.io/juiced.security/auth/util/helpers.go:1229.16,1231.3 1 0
backend.juicedbot.io/juiced.security/auth/util/helpers.go:1233.16,1235.3 1 0
backend.juicedbot.io/juiced.security/auth/util/helpers.go:1238.16,1240.3 1 0
backend.juicedbot.io/juiced.security/auth/util/helpers.go:1242.16,1244.3 1 0
backend.juicedbot.io/juiced.security/auth/util/helpers.go:1246.16,1248.3 1 0
backend.juicedbot.io/juiced.security/auth/util/helpers.go:1250.16,1252.3 1 0
backend.juicedbot.io/juiced.security/auth/util/helpers.go:1254.16,1256.3 1 0
backend.juicedbot.io/juiced.security/auth/util/helpers.go:1281.16,1283.3 1 0
backend.juicedbot.io/juiced.security/auth/util/helpers.go:1287.16,1289.3 1 0
backend.juicedbot.io/juiced.security/auth/util/helpers.go:1294.16,1296.3 1 0
backend.juicedbot.io/juiced.security/auth/util/helpers.go:1298.34,1300.3 1 0
backend.juicedbot.io/juiced.security/auth/util/helpers.go:1305.118,1311.16 4 0
backend.juicedbot.io/juiced.security/auth/util/helpers.go:1314.2,1315.16 2 0
backend.juicedbot.io/juiced.security/auth/util/helpers.go:1319.2,1324.33 2 0
backend.juicedbot.io/juiced.security/auth/util/helpers.go:1311.16,1313.3 1 0
backend.juicedbot.io/juiced.security/auth/util/helpers.go:1315.16,1317.3 1 0
backend.juicedbot.io/juiced.security/auth/util/helpers.go:1327.91,1335.42 6 0
backend.juicedbot.io/juiced.security/auth/util/helpers.go:1339.2,1343.16 4 0
backend.juicedbot.io/juiced.security/auth/util/helpers.go:1347.2,1350.16 3 0
backend.juicedbot.io/juiced.security/auth/util/helpers.go:1353.2,1354.16 2 0
backend.juicedbot.io/juiced.security/auth/util/helpers.go:1357.2,1358.16 2 0
backend.juicedbot.io/juiced.security/auth/util/helpers.go:1362.2,1363.16 2 0
backend.juicedbot.io/juiced.security/auth/util/helpers.go:1366.2,1367.16 2 0
backend.juicedbot.io/juiced.security/auth/util/helpers.go:1370.2,1371.16 2 0
backend.juicedbot.io/juiced.security/auth/util/helpers.go:1374.2,1375.16 2 0
backend.juicedbot.io/juiced.security/auth/util/helpers.go:1378.2,1379.16 2 0
backend.juicedbot.io/juiced.security/auth/util/helpers.go:1383.2,1400.16 13 0
backend.juicedbot.io/juiced.security/auth/util/helpers.go:1404.2,1406.16 3 0
backend.juicedbot.io/juiced.security/auth/util/helpers.go:1410.2,1411.16 2 0
backend.juicedbot.io/juiced.security/auth/util/helpers.go:1415.2,1416.16 2 0
backend.juicedbot.io/juiced.security/auth/util/helpers.go:1420.2,1422.39 2 0
backend.juicedbot.io/juiced.security/auth/util/helpers.go:1429.2,1429.55 1 0
backend.juicedbot.io/juiced.security/auth/util/helpers.go:1335.42,1337.3 1 0
backend.juicedbot.io/juiced.security/auth/util/helpers.go:1343.16,1345.3 1 0
backend.juicedbot.io/juiced.security/auth/util/helpers.go:1350.16,1352.3 1 0
backend.juicedbot.io/juiced.security/auth/util/helpers.go:1354.16,1356.3 1 0
backend.juicedbot.io/juiced.security/auth/util/helpers.go:1358.16,1360.3 1 0
backend.juicedbot.io/juiced.security/auth/util/helpers.go:1363.16,1365.3 1 0
backend.juicedbot.io/juiced.security/auth/util/helpers.go:1367.16,1369.3 1 0
backend.juicedbot.io/juiced.security/auth/util/helpers.go:1371.16,1373.3 1 0
backend.juicedbot.io/juiced.security/auth/util/helpers.go:1375.16,1377.3 1 0
backend.juicedbot.io/juiced.security/auth/util/helpers.go:1379.16,1381.3 1 0
backend.juicedbot.io/juiced.security/auth/util/helpers.go:1400.16,1402.3 1 0
backend.juicedbot.io/juiced.security/auth/util/helpers.go:1406.16,1408.3 1 0
backend.juicedbot.io/juiced.security/auth/util/helpers.go:1411.16,1413.3 1 0
backend.juicedbot.io/juiced.security/auth/util/helpers.go:1416.16,1418.3 1 0
backend.juicedbot.io/juiced.security/auth/util/helpers.go:1422.39,1423.63 1 0
backend.juicedbot.io/juiced.security/auth/util/helpers.go:1426.3,1426.107 1 0
backend.juicedbot.io/juiced.security/auth/util/helpers.go:1423.63,1425.4 1 0
backend.juicedbot.io/juiced.security/auth/util/helpers.go:1432.133,1438.16 4 0
backend.juicedbot.io/juiced.security/auth/util/helpers.go:1442.2,1443.16 2 0
backend.juicedbot.io/juiced.security/auth/util/helpers.go:1447.2,1448.16 2 0
backend.juicedbot.io/juiced.security/auth/util/helpers.go:1452.2,1458.38 2 0
backend.juicedbot.io/juiced.security/auth/util/helpers.go:1438.16,1440.3 1 0
backend.juicedbot.io/juiced.security/auth/util/helpers.go:1443.16,1445.3 1 0
backend.juicedbot.io/juiced.security/auth/util/helpers.go:1448.16,1450.3 1 0
backend.juicedbot.io/juiced.security/auth/util/helpers.go:1461.84,1463.16 2 0
backend.juicedbot.io/juiced.security/auth/util/helpers.go:1467.2,1467.49 1 0
backend.juicedbot.io/juiced.security/auth/util/helpers.go:1474.2,1474.28 1 0
backend.juicedbot.io/juiced.security/auth/util/helpers.go:1477.2,1477.39 1 0
backend.juicedbot.io/juiced.security/auth/util/helpers.go:1463.16,1465.3 1 0
backend.juicedbot.io/juiced.security/auth/util/helpers.go:1467.49,1469.17 2 0
backend.juicedbot.io/juiced.security/auth/util/helpers.go:1469.17,1471.4 1 0
backend.juicedbot.io/juiced.security/auth/util/helpers.go:1474.28,1476.3 1 0
